#
# There is insufficient memory for the Java Runtime Environment to continue.
# Native memory allocation (malloc) failed to allocate 82560 bytes. Error detail: Chunk::new
# Possible reasons:
#   The system is out of physical RAM or swap space
#   This process is running with CompressedOops enabled, and the Java Heap may be blocking the growth of the native heap
# Possible solutions:
#   Reduce memory load on the system
#   Increase physical memory or swap space
#   Check if swap backing store is full
#   Decrease Java heap size (-Xmx/-Xms)
#   Decrease number of Java threads
#   Decrease Java thread stack sizes (-Xss)
#   Set larger code cache with -XX:ReservedCodeCacheSize=
#   JVM is running with Unscaled Compressed Oops mode in which the Java heap is
#     placed in the first 4GB address space. The Java Heap base address is the
#     maximum limit for the native heap growth. Please use -XX:HeapBaseMinAddress
#     to set the Java Heap base and to place the Java Heap above 4GB virtual address.
# This output file may be truncated or incomplete.
#
#  Out of Memory Error (arena.cpp:168), pid=24136, tid=3612
#
# JRE version: OpenJDK Runtime Environment Temurin-21.0.7+6 (21.0.7+6) (build 21.0.7+6-LTS)
# Java VM: OpenJDK 64-Bit Server VM Temurin-21.0.7+6 (21.0.7+6-LTS, mixed mode, sharing, tiered, compressed oops, compressed class ptrs, g1 gc, windows-amd64)
# No core dump will be written. Minidumps are not enabled by default on client versions of Windows
#

---------------  S U M M A R Y ------------

Command Line: -Dfile.encoding=UTF-8 -Dstdout.encoding=UTF-8 -Dstderr.encoding=UTF-8 -XX:+ShowCodeDetailsInExceptionMessages com.example.EMS.EMSApplication

Host: Intel(R) Core(TM) i3-1005G1 CPU @ 1.20GHz, 4 cores, 3G,  Windows 11 , 64 bit Build 26100 (10.0.26100.8521)
Time: Thu Jul  2 18:04:24 2026 India Standard Time elapsed time: 43.535058 seconds (0d 0h 0m 43s)

---------------  T H R E A D  ---------------

Current thread (0x000002106ecb76d0):  JavaThread "C2 CompilerThread0" daemon [_thread_in_native, id=3612, stack(0x000000416a300000,0x000000416a400000) (1024K)]


Current CompileTask:
C2:43535 5068       4       sun.invoke.util.VerifyType::isNullConversion (157 bytes)

Stack: [0x000000416a300000,0x000000416a400000]
Native frames: (J=compiled Java code, j=interpreted, Vv=VM code, C=native code)
V  [jvm.dll+0x6ce119]
V  [jvm.dll+0x8a84a1]
V  [jvm.dll+0x8aa9ce]
V  [jvm.dll+0x8ab0b3]
V  [jvm.dll+0x27f8a6]
V  [jvm.dll+0xc507d]
V  [jvm.dll+0xc55b3]
V  [jvm.dll+0x3b692c]
V  [jvm.dll+0x382aa5]
V  [jvm.dll+0x381f0a]
V  [jvm.dll+0x247af0]
V  [jvm.dll+0x2470cf]
V  [jvm.dll+0x1c760e]
V  [jvm.dll+0x25695a]
V  [jvm.dll+0x254efa]
V  [jvm.dll+0x3f03f6]
V  [jvm.dll+0x851f6b]
V  [jvm.dll+0x6cc7dd]
C  [ucrtbase.dll+0x2cd30]
C  [KERNEL32.DLL+0x2e957]
C  [ntdll.dll+0x87c1c]


---------------  P R O C E S S  ---------------

Threads class SMR info:
_java_thread_list=0x000002107614ae90, length=19, elements={
0x0000021056a89fd0, 0x000002106ecae290, 0x000002106ecb0530, 0x000002106ecb4a60,
0x000002106ecb54b0, 0x000002106ecb5f00, 0x000002106ecb6950, 0x000002106ecb76d0,
0x000002106ecda330, 0x000002107309eb00, 0x00000210730a7f00, 0x0000021073bbd3b0,
0x0000021073b9b9d0, 0x0000021075681ee0, 0x000002107433bf90, 0x000002107363a850,
0x00000210769138b0, 0x00000210741b86f0, 0x00000210760968b0
}

Java Threads: ( => current thread )
  0x0000021056a89fd0 JavaThread "main"                              [_thread_blocked, id=4620, stack(0x0000004169500000,0x0000004169600000) (1024K)]
  0x000002106ecae290 JavaThread "Reference Handler"          daemon [_thread_blocked, id=21120, stack(0x0000004169d00000,0x0000004169e00000) (1024K)]
  0x000002106ecb0530 JavaThread "Finalizer"                  daemon [_thread_blocked, id=4556, stack(0x0000004169e00000,0x0000004169f00000) (1024K)]
  0x000002106ecb4a60 JavaThread "Signal Dispatcher"          daemon [_thread_blocked, id=15876, stack(0x0000004169f00000,0x000000416a000000) (1024K)]
  0x000002106ecb54b0 JavaThread "Attach Listener"            daemon [_thread_blocked, id=20644, stack(0x000000416a000000,0x000000416a100000) (1024K)]
  0x000002106ecb5f00 JavaThread "Service Thread"             daemon [_thread_blocked, id=16092, stack(0x000000416a100000,0x000000416a200000) (1024K)]
  0x000002106ecb6950 JavaThread "Monitor Deflation Thread"   daemon [_thread_blocked, id=20160, stack(0x000000416a200000,0x000000416a300000) (1024K)]
=>0x000002106ecb76d0 JavaThread "C2 CompilerThread0"         daemon [_thread_in_native, id=3612, stack(0x000000416a300000,0x000000416a400000) (1024K)]
  0x000002106ecda330 JavaThread "C1 CompilerThread0"         daemon [_thread_blocked, id=7432, stack(0x000000416a400000,0x000000416a500000) (1024K)]
  0x000002107309eb00 JavaThread "Notification Thread"        daemon [_thread_blocked, id=22168, stack(0x000000416a500000,0x000000416a600000) (1024K)]
  0x00000210730a7f00 JavaThread "Common-Cleaner"             daemon [_thread_blocked, id=2144, stack(0x000000416a600000,0x000000416a700000) (1024K)]
  0x0000021073bbd3b0 JavaThread "Thread-0"                          [_thread_blocked, id=21696, stack(0x000000416aa00000,0x000000416ab00000) (1024K)]
  0x0000021073b9b9d0 JavaThread "restartedMain"                     [_thread_in_native, id=18076, stack(0x000000416ab00000,0x000000416ac00000) (1024K)]
  0x0000021075681ee0 JavaThread "Catalina-utility-1"                [_thread_blocked, id=11548, stack(0x000000416ac00000,0x000000416ad00000) (1024K)]
  0x000002107433bf90 JavaThread "Catalina-utility-2"                [_thread_blocked, id=18956, stack(0x000000416ad00000,0x000000416ae00000) (1024K)]
  0x000002107363a850 JavaThread "container-0"                       [_thread_blocked, id=2644, stack(0x000000416ae00000,0x000000416af00000) (1024K)]
  0x00000210769138b0 JavaThread "mssql-jdbc-shared-timer-core-0" daemon [_thread_blocked, id=13060, stack(0x000000416b000000,0x000000416b100000) (1024K)]
  0x00000210741b86f0 JavaThread "HikariPool-1 housekeeper"   daemon [_thread_blocked, id=7976, stack(0x000000416b100000,0x000000416b200000) (1024K)]
  0x00000210760968b0 JavaThread "HikariPool-1 connection adder" daemon [_thread_new, id=9480, stack(0x0000000000000000,0x0000000000000000) (0B)]
Total: 19

Other Threads:
  0x000002106ec928d0 VMThread "VM Thread"                           [id=18312, stack(0x0000004169c00000,0x0000004169d00000) (1024K)]
  0x000002106ec8d680 WatcherThread "VM Periodic Task Thread"        [id=14976, stack(0x0000004169b00000,0x0000004169c00000) (1024K)]
  0x0000021058d0c3a0 WorkerThread "GC Thread#0"                     [id=13904, stack(0x0000004169600000,0x0000004169700000) (1024K)]
  0x00000210737f8e00 WorkerThread "GC Thread#1"                     [id=16524, stack(0x000000416a700000,0x000000416a800000) (1024K)]
  0x0000021073abbf00 WorkerThread "GC Thread#2"                     [id=9872, stack(0x000000416a800000,0x000000416a900000) (1024K)]
  0x0000021073abc2a0 WorkerThread "GC Thread#3"                     [id=16972, stack(0x000000416a900000,0x000000416aa00000) (1024K)]
  0x0000021058d148c0 ConcurrentGCThread "G1 Main Marker"            [id=5828, stack(0x0000004169700000,0x0000004169800000) (1024K)]
  0x0000021058d168e0 WorkerThread "G1 Conc#0"                       [id=9456, stack(0x0000004169800000,0x0000004169900000) (1024K)]
  0x0000021058d6dd00 ConcurrentGCThread "G1 Refine#0"               [id=10428, stack(0x0000004169900000,0x0000004169a00000) (1024K)]
  0x0000021058d6e770 ConcurrentGCThread "G1 Service"                [id=12572, stack(0x0000004169a00000,0x0000004169b00000) (1024K)]
Total: 10

Threads with active compile tasks:
C2 CompilerThread0  43604 5068       4       sun.invoke.util.VerifyType::isNullConversion (157 bytes)
Total: 1

VM state: not at safepoint (normal execution)

VM Mutex/Monitor currently owned by a thread: None

Heap address: 0x00000000c4e00000, size: 946 MB, Compressed Oops mode: 32-bit

CDS archive(s) mapped at: [0x0000021000000000-0x0000021000c80000-0x0000021000c80000), size 13107200, SharedBaseAddress: 0x0000021000000000, ArchiveRelocationMode: 1.
Compressed class space mapped at: 0x0000021001000000-0x0000021041000000, reserved size: 1073741824
Narrow klass base: 0x0000021000000000, Narrow klass shift: 0, Narrow klass range: 0x100000000

GC Precious Log:
 CardTable entry size: 512
 Card Set container configuration: InlinePtr #cards 5 size 8 Array Of Cards #cards 12 size 40 Howl #buckets 4 coarsen threshold 1843 Howl Bitmap #cards 512 size 80 coarsen threshold 460 Card regions per heap region 1 cards per card region 2048
 CPUs: 4 total, 4 available
 Memory: 3783M
 Large Page Support: Disabled
 NUMA Support: Disabled
 Compressed Oops: Enabled (32-bit)
 Heap Region Size: 1M
 Heap Min Capacity: 8M
 Heap Initial Capacity: 60M
 Heap Max Capacity: 946M
 Pre-touch: Disabled
 Parallel Workers: 4
 Concurrent Workers: 1
 Concurrent Refinement Workers: 4
 Periodic GC: Disabled

Heap:
 garbage-first heap   total 54272K, used 38608K [0x00000000c4e00000, 0x0000000100000000)
  region size 1024K, 20 young (20480K), 3 survivors (3072K)
 Metaspace       used 48481K, committed 49088K, reserved 1114112K
  class space    used 6227K, committed 6528K, reserved 1048576K

Heap Regions: E=young(eden), S=young(survivor), O=old, HS=humongous(starts), HC=humongous(continues), CS=collection set, F=free, TAMS=top-at-mark-start, PB=parsable bottom
|   0|0x00000000c4e00000, 0x00000000c4f00000, 0x00000000c4f00000|100%|HS|  |TAMS 0x00000000c4e00000| PB 0x00000000c4e00000| Complete 
|   1|0x00000000c4f00000, 0x00000000c5000000, 0x00000000c5000000|100%|HS|  |TAMS 0x00000000c4f00000| PB 0x00000000c4f00000| Complete 
|   2|0x00000000c5000000, 0x00000000c5100000, 0x00000000c5100000|100%| O|  |TAMS 0x00000000c5000000| PB 0x00000000c5000000| Untracked 
|   3|0x00000000c5100000, 0x00000000c5200000, 0x00000000c5200000|100%| O|  |TAMS 0x00000000c5100000| PB 0x00000000c5100000| Untracked 
|   4|0x00000000c5200000, 0x00000000c5300000, 0x00000000c5300000|100%| O|  |TAMS 0x00000000c5200000| PB 0x00000000c5200000| Untracked 
|   5|0x00000000c5300000, 0x00000000c5400000, 0x00000000c5400000|100%| O|  |TAMS 0x00000000c5300000| PB 0x00000000c5300000| Untracked 
|   6|0x00000000c5400000, 0x00000000c5500000, 0x00000000c5500000|100%| O|  |TAMS 0x00000000c5400000| PB 0x00000000c5400000| Untracked 
|   7|0x00000000c5500000, 0x00000000c5600000, 0x00000000c5600000|100%| O|  |TAMS 0x00000000c5500000| PB 0x00000000c5500000| Untracked 
|   8|0x00000000c5600000, 0x00000000c5700000, 0x00000000c5700000|100%| O|  |TAMS 0x00000000c5600000| PB 0x00000000c5600000| Untracked 
|   9|0x00000000c5700000, 0x00000000c5800000, 0x00000000c5800000|100%| O|  |TAMS 0x00000000c5700000| PB 0x00000000c5700000| Untracked 
|  10|0x00000000c5800000, 0x00000000c5900000, 0x00000000c5900000|100%| O|  |TAMS 0x00000000c5800000| PB 0x00000000c5800000| Untracked 
|  11|0x00000000c5900000, 0x00000000c5a00000, 0x00000000c5a00000|100%| O|  |TAMS 0x00000000c5900000| PB 0x00000000c5900000| Untracked 
|  12|0x00000000c5a00000, 0x00000000c5b00000, 0x00000000c5b00000|100%| O|  |TAMS 0x00000000c5a00000| PB 0x00000000c5a00000| Untracked 
|  13|0x00000000c5b00000, 0x00000000c5c00000, 0x00000000c5c00000|100%| O|  |TAMS 0x00000000c5b00000| PB 0x00000000c5b00000| Untracked 
|  14|0x00000000c5c00000, 0x00000000c5d00000, 0x00000000c5d00000|100%| O|  |TAMS 0x00000000c5c00000| PB 0x00000000c5c00000| Untracked 
|  15|0x00000000c5d00000, 0x00000000c5e00000, 0x00000000c5e00000|100%| O|  |TAMS 0x00000000c5d00000| PB 0x00000000c5d00000| Untracked 
|  16|0x00000000c5e00000, 0x00000000c5f00000, 0x00000000c5f00000|100%| O|  |TAMS 0x00000000c5e00000| PB 0x00000000c5e00000| Untracked 
|  17|0x00000000c5f00000, 0x00000000c6000000, 0x00000000c6000000|100%| O|  |TAMS 0x00000000c5f00000| PB 0x00000000c5f00000| Untracked 
|  18|0x00000000c6000000, 0x00000000c6100000, 0x00000000c6100000|100%| O|  |TAMS 0x00000000c6000000| PB 0x00000000c6000000| Untracked 
|  19|0x00000000c6100000, 0x00000000c6200000, 0x00000000c6200000|100%| O|Cm|TAMS 0x00000000c6100000| PB 0x00000000c6100000| Complete 
|  20|0x00000000c6200000, 0x00000000c629c0b8, 0x00000000c6300000| 60%| O|  |TAMS 0x00000000c6200000| PB 0x00000000c6200000| Untracked 
|  21|0x00000000c6300000, 0x00000000c6300000, 0x00000000c6400000|  0%| F|  |TAMS 0x00000000c6300000| PB 0x00000000c6300000| Untracked 
|  22|0x00000000c6400000, 0x00000000c6400000, 0x00000000c6500000|  0%| F|  |TAMS 0x00000000c6400000| PB 0x00000000c6400000| Untracked 
|  23|0x00000000c6500000, 0x00000000c6500000, 0x00000000c6600000|  0%| F|  |TAMS 0x00000000c6500000| PB 0x00000000c6500000| Untracked 
|  24|0x00000000c6600000, 0x00000000c6600000, 0x00000000c6700000|  0%| F|  |TAMS 0x00000000c6600000| PB 0x00000000c6600000| Untracked 
|  25|0x00000000c6700000, 0x00000000c6700000, 0x00000000c6800000|  0%| F|  |TAMS 0x00000000c6700000| PB 0x00000000c6700000| Untracked 
|  26|0x00000000c6800000, 0x00000000c6818160, 0x00000000c6900000|  9%| S|CS|TAMS 0x00000000c6800000| PB 0x00000000c6800000| Complete 
|  27|0x00000000c6900000, 0x00000000c6a00000, 0x00000000c6a00000|100%| S|CS|TAMS 0x00000000c6900000| PB 0x00000000c6900000| Complete 
|  28|0x00000000c6a00000, 0x00000000c6b00000, 0x00000000c6b00000|100%| S|CS|TAMS 0x00000000c6a00000| PB 0x00000000c6a00000| Complete 
|  29|0x00000000c6b00000, 0x00000000c6b00000, 0x00000000c6c00000|  0%| F|  |TAMS 0x00000000c6b00000| PB 0x00000000c6b00000| Untracked 
|  30|0x00000000c6c00000, 0x00000000c6c00000, 0x00000000c6d00000|  0%| F|  |TAMS 0x00000000c6c00000| PB 0x00000000c6c00000| Untracked 
|  31|0x00000000c6d00000, 0x00000000c6d00000, 0x00000000c6e00000|  0%| F|  |TAMS 0x00000000c6d00000| PB 0x00000000c6d00000| Untracked 
|  32|0x00000000c6e00000, 0x00000000c6e00000, 0x00000000c6f00000|  0%| F|  |TAMS 0x00000000c6e00000| PB 0x00000000c6e00000| Untracked 
|  33|0x00000000c6f00000, 0x00000000c6f00000, 0x00000000c7000000|  0%| F|  |TAMS 0x00000000c6f00000| PB 0x00000000c6f00000| Untracked 
|  34|0x00000000c7000000, 0x00000000c7000000, 0x00000000c7100000|  0%| F|  |TAMS 0x00000000c7000000| PB 0x00000000c7000000| Untracked 
|  35|0x00000000c7100000, 0x00000000c7100000, 0x00000000c7200000|  0%| F|  |TAMS 0x00000000c7100000| PB 0x00000000c7100000| Untracked 
|  36|0x00000000c7200000, 0x00000000c7300000, 0x00000000c7300000|100%| E|  |TAMS 0x00000000c7200000| PB 0x00000000c7200000| Complete 
|  37|0x00000000c7300000, 0x00000000c7400000, 0x00000000c7400000|100%| E|CS|TAMS 0x00000000c7300000| PB 0x00000000c7300000| Complete 
|  38|0x00000000c7400000, 0x00000000c7500000, 0x00000000c7500000|100%| E|CS|TAMS 0x00000000c7400000| PB 0x00000000c7400000| Complete 
|  39|0x00000000c7500000, 0x00000000c7600000, 0x00000000c7600000|100%| E|CS|TAMS 0x00000000c7500000| PB 0x00000000c7500000| Complete 
|  40|0x00000000c7600000, 0x00000000c7700000, 0x00000000c7700000|100%| E|CS|TAMS 0x00000000c7600000| PB 0x00000000c7600000| Complete 
|  41|0x00000000c7700000, 0x00000000c7800000, 0x00000000c7800000|100%| E|CS|TAMS 0x00000000c7700000| PB 0x00000000c7700000| Complete 
|  42|0x00000000c7800000, 0x00000000c7900000, 0x00000000c7900000|100%| E|CS|TAMS 0x00000000c7800000| PB 0x00000000c7800000| Complete 
|  43|0x00000000c7900000, 0x00000000c7a00000, 0x00000000c7a00000|100%| E|CS|TAMS 0x00000000c7900000| PB 0x00000000c7900000| Complete 
|  44|0x00000000c7a00000, 0x00000000c7b00000, 0x00000000c7b00000|100%| E|CS|TAMS 0x00000000c7a00000| PB 0x00000000c7a00000| Complete 
|  45|0x00000000c7b00000, 0x00000000c7c00000, 0x00000000c7c00000|100%| E|CS|TAMS 0x00000000c7b00000| PB 0x00000000c7b00000| Complete 
|  46|0x00000000c7c00000, 0x00000000c7d00000, 0x00000000c7d00000|100%| E|  |TAMS 0x00000000c7c00000| PB 0x00000000c7c00000| Complete 
|  47|0x00000000c7d00000, 0x00000000c7e00000, 0x00000000c7e00000|100%| E|CS|TAMS 0x00000000c7d00000| PB 0x00000000c7d00000| Complete 
|  48|0x00000000c7e00000, 0x00000000c7f00000, 0x00000000c7f00000|100%| E|CS|TAMS 0x00000000c7e00000| PB 0x00000000c7e00000| Complete 
|  49|0x00000000c7f00000, 0x00000000c8000000, 0x00000000c8000000|100%| E|CS|TAMS 0x00000000c7f00000| PB 0x00000000c7f00000| Complete 
|  50|0x00000000c8000000, 0x00000000c8100000, 0x00000000c8100000|100%| E|CS|TAMS 0x00000000c8000000| PB 0x00000000c8000000| Complete 
|  51|0x00000000c8100000, 0x00000000c8200000, 0x00000000c8200000|100%| E|CS|TAMS 0x00000000c8100000| PB 0x00000000c8100000| Complete 
|  52|0x00000000c8200000, 0x00000000c8300000, 0x00000000c8300000|100%| E|CS|TAMS 0x00000000c8200000| PB 0x00000000c8200000| Complete 

Card table byte_map: [0x000002106b670000,0x000002106b850000] _byte_map_base: 0x000002106b049000

Marking Bits: (CMBitMap*) 0x0000021058d0c9a0
 Bits: [0x000002106b850000, 0x000002106c718000)

Polling page: 0x0000021056f00000

Metaspace:

Usage:
  Non-class:     41.26 MB used.
      Class:      6.08 MB used.
       Both:     47.35 MB used.

Virtual space:
  Non-class space:       64.00 MB reserved,      41.56 MB ( 65%) committed,  1 nodes.
      Class space:        1.00 GB reserved,       6.38 MB ( <1%) committed,  1 nodes.
             Both:        1.06 GB reserved,      47.94 MB (  4%) committed. 

Chunk freelists:
   Non-Class:  5.81 MB
       Class:  9.59 MB
        Both:  15.41 MB

MaxMetaspaceSize: unlimited
CompressedClassSpaceSize: 1.00 GB
Initial GC threshold: 21.00 MB
Current GC threshold: 58.88 MB
CDS: on
 - commit_granule_bytes: 65536.
 - commit_granule_words: 8192.
 - virtual_space_node_default_size: 8388608.
 - enlarge_chunks_in_place: 1.
 - use_allocation_guard: 0.


Internal statistics:

num_allocs_failed_limit: 6.
num_arena_births: 780.
num_arena_deaths: 0.
num_vsnodes_births: 2.
num_vsnodes_deaths: 0.
num_space_committed: 767.
num_space_uncommitted: 0.
num_chunks_returned_to_freelist: 6.
num_chunks_taken_from_freelist: 2374.
num_chunk_merges: 6.
num_chunk_splits: 1636.
num_chunks_enlarged: 1204.
num_inconsistent_stats: 0.

CodeHeap 'non-profiled nmethods': size=120000Kb used=3243Kb max_used=3243Kb free=116756Kb
 bounds [0x0000021064140000, 0x0000021064470000, 0x000002106b670000]
CodeHeap 'profiled nmethods': size=120000Kb used=9668Kb max_used=9668Kb free=110331Kb
 bounds [0x000002105c670000, 0x000002105cff0000, 0x0000021063ba0000]
CodeHeap 'non-nmethods': size=5760Kb used=1788Kb max_used=1802Kb free=3971Kb
 bounds [0x0000021063ba0000, 0x0000021063e10000, 0x0000021064140000]
 total_blobs=5372 nmethods=4722 adapters=553
 compilation: enabled
              stopped_count=0, restarted_count=0
 full_count=0

Compilation events (20 events):
Event: 43.451 Thread 0x000002106ecda330 5059       3       java.time.format.DateTimeFormatterBuilder$CharLiteralPrinterParser::format (11 bytes)
Event: 43.451 Thread 0x000002106ecda330 nmethod 5059 0x000002105c879610 code [0x000002105c8797c0, 0x000002105c879978]
Event: 43.451 Thread 0x000002106ecda330 5060       3       ch.qos.logback.core.pattern.FormattingConverter::write (154 bytes)
Event: 43.452 Thread 0x000002106ecda330 nmethod 5060 0x000002105c877c90 code [0x000002105c878000, 0x000002105c879050]
Event: 43.452 Thread 0x000002106ecda330 5061       1       java.util.concurrent.atomic.AtomicReference::get (5 bytes)
Event: 43.453 Thread 0x000002106ecda330 nmethod 5061 0x0000021064469a10 code [0x0000021064469ba0, 0x0000021064469c68]
Event: 43.453 Thread 0x000002106ecda330 5062       3       java.lang.ThreadLocal::set (18 bytes)
Event: 43.453 Thread 0x000002106ecda330 nmethod 5062 0x000002105c877590 code [0x000002105c877780, 0x000002105c877b50]
Event: 43.455 Thread 0x000002106ecb76d0 nmethod 5058 0x0000021064469d10 code [0x0000021064469ee0, 0x000002106446a418]
Event: 43.468 Thread 0x000002106ecda330 5063       1       ch.qos.logback.core.UnsynchronizedAppenderBase::isStarted (5 bytes)
Event: 43.468 Thread 0x000002106ecda330 nmethod 5063 0x000002106446a810 code [0x000002106446a9a0, 0x000002106446aa70]
Event: 43.484 Thread 0x000002106ecda330 5064       3       sun.security.provider.DigestBase::engineReset (33 bytes)
Event: 43.484 Thread 0x000002106ecda330 nmethod 5064 0x000002105c877090 code [0x000002105c877260, 0x000002105c8774f0]
Event: 43.484 Thread 0x000002106ecda330 5065       3       sun.security.provider.ByteArrayAccess::i2bBig (33 bytes)
Event: 43.485 Thread 0x000002106ecda330 nmethod 5065 0x000002105c876410 code [0x000002105c876620, 0x000002105c876d20]
Event: 43.496 Thread 0x000002106ecda330 5066       3       sun.security.provider.SHA2::implDigest (98 bytes)
Event: 43.498 Thread 0x000002106ecda330 nmethod 5066 0x000002105c682c10 code [0x000002105c682f20, 0x000002105c684060]
Event: 43.503 Thread 0x000002106ecb76d0 5067       4       java.lang.StringConcatHelper::checkOverflow (17 bytes)
Event: 43.504 Thread 0x000002106ecb76d0 nmethod 5067 0x000002106446ab10 code [0x000002106446aca0, 0x000002106446ad28]
Event: 43.516 Thread 0x000002106ecb76d0 5068       4       sun.invoke.util.VerifyType::isNullConversion (157 bytes)

GC Heap History (20 events):
Event: 2.568 GC heap before
{Heap before GC invocations=0 (full 0):
 garbage-first heap   total 61440K, used 15360K [0x00000000c4e00000, 0x0000000100000000)
  region size 1024K, 13 young (13312K), 0 survivors (0K)
 Metaspace       used 4744K, committed 4928K, reserved 1114112K
  class space    used 540K, committed 576K, reserved 1048576K
}
Event: 2.577 GC heap after
{Heap after GC invocations=1 (full 0):
 garbage-first heap   total 61440K, used 6664K [0x00000000c4e00000, 0x0000000100000000)
  region size 1024K, 2 young (2048K), 2 survivors (2048K)
 Metaspace       used 4744K, committed 4928K, reserved 1114112K
  class space    used 540K, committed 576K, reserved 1048576K
}
Event: 4.852 GC heap before
{Heap before GC invocations=1 (full 0):
 garbage-first heap   total 61440K, used 19976K [0x00000000c4e00000, 0x0000000100000000)
  region size 1024K, 16 young (16384K), 2 survivors (2048K)
 Metaspace       used 7789K, committed 8064K, reserved 1114112K
  class space    used 958K, committed 1088K, reserved 1048576K
}
Event: 4.858 GC heap after
{Heap after GC invocations=2 (full 0):
 garbage-first heap   total 61440K, used 8678K [0x00000000c4e00000, 0x0000000100000000)
  region size 1024K, 2 young (2048K), 2 survivors (2048K)
 Metaspace       used 7789K, committed 8064K, reserved 1114112K
  class space    used 958K, committed 1088K, reserved 1048576K
}
Event: 9.403 GC heap before
{Heap before GC invocations=2 (full 0):
 garbage-first heap   total 61440K, used 38374K [0x00000000c4e00000, 0x0000000100000000)
  region size 1024K, 32 young (32768K), 2 survivors (2048K)
 Metaspace       used 15539K, committed 15872K, reserved 1114112K
  class space    used 2064K, committed 2240K, reserved 1048576K
}
Event: 9.415 GC heap after
{Heap after GC invocations=3 (full 0):
 garbage-first heap   total 61440K, used 11054K [0x00000000c4e00000, 0x0000000100000000)
  region size 1024K, 4 young (4096K), 4 survivors (4096K)
 Metaspace       used 15539K, committed 15872K, reserved 1114112K
  class space    used 2064K, committed 2240K, reserved 1048576K
}
Event: 12.228 GC heap before
{Heap before GC invocations=3 (full 0):
 garbage-first heap   total 61440K, used 31534K [0x00000000c4e00000, 0x0000000100000000)
  region size 1024K, 26 young (26624K), 4 survivors (4096K)
 Metaspace       used 21141K, committed 21504K, reserved 1114112K
  class space    used 2691K, committed 2880K, reserved 1048576K
}
Event: 12.242 GC heap after
{Heap after GC invocations=4 (full 0):
 garbage-first heap   total 61440K, used 12577K [0x00000000c4e00000, 0x0000000100000000)
  region size 1024K, 4 young (4096K), 4 survivors (4096K)
 Metaspace       used 21141K, committed 21504K, reserved 1114112K
  class space    used 2691K, committed 2880K, reserved 1048576K
}
Event: 16.502 GC heap before
{Heap before GC invocations=5 (full 0):
 garbage-first heap   total 45056K, used 34081K [0x00000000c4e00000, 0x0000000100000000)
  region size 1024K, 26 young (26624K), 4 survivors (4096K)
 Metaspace       used 24191K, committed 24576K, reserved 1114112K
  class space    used 3059K, committed 3264K, reserved 1048576K
}
Event: 16.570 GC heap after
{Heap after GC invocations=6 (full 0):
 garbage-first heap   total 45056K, used 15553K [0x00000000c4e00000, 0x0000000100000000)
  region size 1024K, 4 young (4096K), 4 survivors (4096K)
 Metaspace       used 24191K, committed 24576K, reserved 1114112K
  class space    used 3059K, committed 3264K, reserved 1048576K
}
Event: 25.096 GC heap before
{Heap before GC invocations=6 (full 0):
 garbage-first heap   total 45056K, used 35009K [0x00000000c4e00000, 0x0000000100000000)
  region size 1024K, 23 young (23552K), 4 survivors (4096K)
 Metaspace       used 27077K, committed 27456K, reserved 1114112K
  class space    used 3445K, committed 3648K, reserved 1048576K
}
Event: 25.133 GC heap after
{Heap after GC invocations=7 (full 0):
 garbage-first heap   total 45056K, used 17268K [0x00000000c4e00000, 0x0000000100000000)
  region size 1024K, 2 young (2048K), 2 survivors (2048K)
 Metaspace       used 27077K, committed 27456K, reserved 1114112K
  class space    used 3445K, committed 3648K, reserved 1048576K
}
Event: 29.680 GC heap before
{Heap before GC invocations=7 (full 0):
 garbage-first heap   total 45056K, used 36724K [0x00000000c4e00000, 0x0000000100000000)
  region size 1024K, 21 young (21504K), 2 survivors (2048K)
 Metaspace       used 30691K, committed 31168K, reserved 1114112K
  class space    used 3956K, committed 4160K, reserved 1048576K
}
Event: 29.753 GC heap after
{Heap after GC invocations=8 (full 0):
 garbage-first heap   total 45056K, used 19119K [0x00000000c4e00000, 0x0000000100000000)
  region size 1024K, 3 young (3072K), 3 survivors (3072K)
 Metaspace       used 30691K, committed 31168K, reserved 1114112K
  class space    used 3956K, committed 4160K, reserved 1048576K
}
Event: 35.145 GC heap before
{Heap before GC invocations=8 (full 0):
 garbage-first heap   total 45056K, used 36527K [0x00000000c4e00000, 0x0000000100000000)
  region size 1024K, 21 young (21504K), 3 survivors (3072K)
 Metaspace       used 34798K, committed 35392K, reserved 1114112K
  class space    used 4421K, committed 4672K, reserved 1048576K
}
Event: 35.210 GC heap after
{Heap after GC invocations=9 (full 0):
 garbage-first heap   total 45056K, used 21245K [0x00000000c4e00000, 0x0000000100000000)
  region size 1024K, 2 young (2048K), 2 survivors (2048K)
 Metaspace       used 34798K, committed 35392K, reserved 1114112K
  class space    used 4421K, committed 4672K, reserved 1048576K
}
Event: 36.340 GC heap before
{Heap before GC invocations=9 (full 0):
 garbage-first heap   total 45056K, used 26365K [0x00000000c4e00000, 0x0000000100000000)
  region size 1024K, 8 young (8192K), 2 survivors (2048K)
 Metaspace       used 35442K, committed 35968K, reserved 1114112K
  class space    used 4511K, committed 4736K, reserved 1048576K
}
Event: 36.403 GC heap after
{Heap after GC invocations=10 (full 0):
 garbage-first heap   total 54272K, used 21963K [0x00000000c4e00000, 0x0000000100000000)
  region size 1024K, 1 young (1024K), 1 survivors (1024K)
 Metaspace       used 35442K, committed 35968K, reserved 1114112K
  class space    used 4511K, committed 4736K, reserved 1048576K
}
Event: 38.432 GC heap before
{Heap before GC invocations=11 (full 0):
 garbage-first heap   total 54272K, used 44491K [0x00000000c4e00000, 0x0000000100000000)
  region size 1024K, 24 young (24576K), 1 survivors (1024K)
 Metaspace       used 41008K, committed 41600K, reserved 1114112K
  class space    used 5347K, committed 5632K, reserved 1048576K
}
Event: 38.436 GC heap after
{Heap after GC invocations=12 (full 0):
 garbage-first heap   total 54272K, used 23248K [0x00000000c4e00000, 0x0000000100000000)
  region size 1024K, 3 young (3072K), 3 survivors (3072K)
 Metaspace       used 41008K, committed 41600K, reserved 1114112K
  class space    used 5347K, committed 5632K, reserved 1048576K
}

Dll operation events (11 events):
Event: 0.119 Loaded shared library C:\eclipse\plugins\org.eclipse.justj.openjdk.hotspot.jre.full.win32.x86_64_21.0.7.v20250502-0916\jre\bin\java.dll
Event: 0.499 Loaded shared library C:\eclipse\plugins\org.eclipse.justj.openjdk.hotspot.jre.full.win32.x86_64_21.0.7.v20250502-0916\jre\bin\zip.dll
Event: 1.045 Loaded shared library C:\eclipse\plugins\org.eclipse.justj.openjdk.hotspot.jre.full.win32.x86_64_21.0.7.v20250502-0916\jre\bin\net.dll
Event: 1.149 Loaded shared library C:\eclipse\plugins\org.eclipse.justj.openjdk.hotspot.jre.full.win32.x86_64_21.0.7.v20250502-0916\jre\bin\nio.dll
Event: 1.156 Loaded shared library C:\eclipse\plugins\org.eclipse.justj.openjdk.hotspot.jre.full.win32.x86_64_21.0.7.v20250502-0916\jre\bin\zip.dll
Event: 1.705 Loaded shared library C:\eclipse\plugins\org.eclipse.justj.openjdk.hotspot.jre.full.win32.x86_64_21.0.7.v20250502-0916\jre\bin\jimage.dll
Event: 4.500 Loaded shared library C:\eclipse\plugins\org.eclipse.justj.openjdk.hotspot.jre.full.win32.x86_64_21.0.7.v20250502-0916\jre\bin\management.dll
Event: 4.521 Loaded shared library C:\eclipse\plugins\org.eclipse.justj.openjdk.hotspot.jre.full.win32.x86_64_21.0.7.v20250502-0916\jre\bin\management_ext.dll
Event: 13.282 Loaded shared library C:\eclipse\plugins\org.eclipse.justj.openjdk.hotspot.jre.full.win32.x86_64_21.0.7.v20250502-0916\jre\bin\sunmscapi.dll
Event: 36.667 Loaded shared library C:\eclipse\plugins\org.eclipse.justj.openjdk.hotspot.jre.full.win32.x86_64_21.0.7.v20250502-0916\jre\bin\extnet.dll
Event: 38.198 Loaded shared library C:\eclipse\plugins\org.eclipse.justj.openjdk.hotspot.jre.full.win32.x86_64_21.0.7.v20250502-0916\jre\bin\verify.dll

Deoptimization events (20 events):
Event: 40.615 Thread 0x0000021073b9b9d0 Uncommon trap: trap_request=0xffffffde fr.pc=0x0000021064449f04 relative=0x00000000000001c4
Event: 40.615 Thread 0x0000021073b9b9d0 Uncommon trap: reason=class_check action=maybe_recompile pc=0x0000021064449f04 method=sun.security.util.math.intpoly.IntegerPolynomial.multByInt([JJ)V @ 26 c2
Event: 40.615 Thread 0x0000021073b9b9d0 DEOPT PACKING pc=0x0000021064449f04 sp=0x000000416abfc310
Event: 40.615 Thread 0x0000021073b9b9d0 DEOPT UNPACKING pc=0x0000021063bf7da2 sp=0x000000416abfc2e0 mode 2
Event: 40.615 Thread 0x0000021073b9b9d0 Uncommon trap: trap_request=0xffffffde fr.pc=0x0000021064449f04 relative=0x00000000000001c4
Event: 40.615 Thread 0x0000021073b9b9d0 Uncommon trap: reason=class_check action=maybe_recompile pc=0x0000021064449f04 method=sun.security.util.math.intpoly.IntegerPolynomial.multByInt([JJ)V @ 26 c2
Event: 40.615 Thread 0x0000021073b9b9d0 DEOPT PACKING pc=0x0000021064449f04 sp=0x000000416abfc310
Event: 40.615 Thread 0x0000021073b9b9d0 DEOPT UNPACKING pc=0x0000021063bf7da2 sp=0x000000416abfc2e0 mode 2
Event: 40.615 Thread 0x0000021073b9b9d0 Uncommon trap: trap_request=0xffffffde fr.pc=0x0000021064449f04 relative=0x00000000000001c4
Event: 40.615 Thread 0x0000021073b9b9d0 Uncommon trap: reason=class_check action=maybe_recompile pc=0x0000021064449f04 method=sun.security.util.math.intpoly.IntegerPolynomial.multByInt([JJ)V @ 26 c2
Event: 40.615 Thread 0x0000021073b9b9d0 DEOPT PACKING pc=0x0000021064449f04 sp=0x000000416abfc310
Event: 40.615 Thread 0x0000021073b9b9d0 DEOPT UNPACKING pc=0x0000021063bf7da2 sp=0x000000416abfc2e0 mode 2
Event: 40.615 Thread 0x0000021073b9b9d0 Uncommon trap: trap_request=0xffffffde fr.pc=0x0000021064449f04 relative=0x00000000000001c4
Event: 40.615 Thread 0x0000021073b9b9d0 Uncommon trap: reason=class_check action=maybe_recompile pc=0x0000021064449f04 method=sun.security.util.math.intpoly.IntegerPolynomial.multByInt([JJ)V @ 26 c2
Event: 40.615 Thread 0x0000021073b9b9d0 DEOPT PACKING pc=0x0000021064449f04 sp=0x000000416abfc310
Event: 40.615 Thread 0x0000021073b9b9d0 DEOPT UNPACKING pc=0x0000021063bf7da2 sp=0x000000416abfc2e0 mode 2
Event: 42.488 Thread 0x0000021073b9b9d0 Uncommon trap: trap_request=0xffffff45 fr.pc=0x0000021064298604 relative=0x00000000000009e4
Event: 42.488 Thread 0x0000021073b9b9d0 Uncommon trap: reason=unstable_if action=reinterpret pc=0x0000021064298604 method=java.util.HashMap.resize()[Ljava/util/HashMap$Node; @ 203 c2
Event: 42.488 Thread 0x0000021073b9b9d0 DEOPT PACKING pc=0x0000021064298604 sp=0x000000416abfbf90
Event: 42.488 Thread 0x0000021073b9b9d0 DEOPT UNPACKING pc=0x0000021063bf7da2 sp=0x000000416abfbf38 mode 2

Classes loaded (20 events):
Event: 42.471 Loading class sun/nio/cs/UTF_16LE$Decoder
Event: 42.472 Loading class sun/nio/cs/UnicodeDecoder
Event: 42.472 Loading class sun/nio/cs/UnicodeDecoder done
Event: 42.472 Loading class sun/nio/cs/UTF_16LE$Decoder done
Event: 42.482 Loading class java/util/JumboEnumSet
Event: 42.483 Loading class java/util/JumboEnumSet done
Event: 42.486 Loading class java/util/JumboEnumSet$EnumSetIterator
Event: 42.487 Loading class java/util/JumboEnumSet$EnumSetIterator done
Event: 42.838 Loading class java/util/regex/Pattern$Bound
Event: 42.838 Loading class java/util/regex/Pattern$Bound done
Event: 43.315 Loading class java/math/MathContext
Event: 43.315 Loading class java/math/MathContext done
Event: 43.461 Loading class java/util/concurrent/ThreadPoolExecutor$CallerRunsPolicy
Event: 43.462 Loading class java/util/concurrent/ThreadPoolExecutor$CallerRunsPolicy done
Event: 43.466 Loading class java/util/concurrent/atomic/AtomicReferenceFieldUpdater
Event: 43.466 Loading class java/util/concurrent/atomic/AtomicReferenceFieldUpdater done
Event: 43.467 Loading class java/util/concurrent/atomic/AtomicReferenceFieldUpdater$AtomicReferenceFieldUpdaterImpl
Event: 43.467 Loading class java/util/concurrent/atomic/AtomicReferenceFieldUpdater$AtomicReferenceFieldUpdaterImpl done
Event: 43.467 Loading class java/util/concurrent/atomic/AtomicReferenceFieldUpdater$AtomicReferenceFieldUpdaterImpl$1
Event: 43.467 Loading class java/util/concurrent/atomic/AtomicReferenceFieldUpdater$AtomicReferenceFieldUpdaterImpl$1 done

Classes unloaded (0 events):
No events

Classes redefined (0 events):
No events

Internal exceptions (20 events):
Event: 29.661 Thread 0x0000021073b9b9d0 Exception <a 'java/lang/NoSuchMethodError'{0x00000000c67a84b8}: 'void java.lang.invoke.DirectMethodHandle$Holder.invokeInterface(java.lang.Object, java.lang.Object, int)'> (0x00000000c67a84b8) 
thrown [s\src\hotspot\share\interpreter\linkResolver.cpp, line 773]
Event: 29.675 Thread 0x0000021073b9b9d0 Exception <a 'java/lang/IncompatibleClassChangeError'{0x00000000c67ead60}: Found class java.lang.Object, but interface was expected> (0x00000000c67ead60) 
thrown [s\src\hotspot\share\interpreter\linkResolver.cpp, line 840]
Event: 29.677 Thread 0x0000021073b9b9d0 Exception <a 'java/lang/NoSuchMethodError'{0x00000000c67f8ef8}: 'int java.lang.invoke.DirectMethodHandle$Holder.invokeSpecialIFC(java.lang.Object, java.lang.Object, java.lang.Object)'> (0x00000000c67f8ef8) 
thrown [s\src\hotspot\share\interpreter\linkResolver.cpp, line 773]
Event: 29.763 Thread 0x0000021073b9b9d0 Exception <a 'java/lang/NoSuchMethodError'{0x00000000c790ee48}: 'void java.lang.invoke.DirectMethodHandle$Holder.invokeStatic(java.lang.Object, int, java.lang.Object)'> (0x00000000c790ee48) 
thrown [s\src\hotspot\share\interpreter\linkResolver.cpp, line 773]
Event: 29.801 Thread 0x0000021073b9b9d0 Exception <a 'java/lang/NoSuchMethodError'{0x00000000c7944f10}: 'void java.lang.invoke.DirectMethodHandle$Holder.invokeStatic(java.lang.Object, java.lang.Object, java.lang.Object, int, java.lang.Object)'> (0x00000000c7944f10) 
thrown [s\src\hotspot\share\interpreter\linkResolver.cpp, line 773]
Event: 29.804 Thread 0x0000021073b9b9d0 Exception <a 'java/lang/NoSuchMethodError'{0x00000000c794f1b0}: 'java.lang.Object java.lang.invoke.DirectMethodHandle$Holder.newInvokeSpecial(java.lang.Object, java.lang.Object, java.lang.Object, int)'> (0x00000000c794f1b0) 
thrown [s\src\hotspot\share\interpreter\linkResolver.cpp, line 773]
Event: 29.804 Thread 0x0000021073b9b9d0 Exception <a 'java/lang/NoSuchMethodError'{0x00000000c7953060}: 'java.lang.Object java.lang.invoke.DirectMethodHandle$Holder.invokeSpecial(java.lang.Object, java.lang.Object, java.lang.Object, java.lang.Object, int)'> (0x00000000c7953060) 
thrown [s\src\hotspot\share\interpreter\linkResolver.cpp, line 773]
Event: 29.805 Thread 0x0000021073b9b9d0 Exception <a 'java/lang/NoSuchMethodError'{0x00000000c79564f8}: 'java.lang.Object java.lang.invoke.Invokers$Holder.linkToTargetMethod(java.lang.Object, java.lang.Object, int, java.lang.Object)'> (0x00000000c79564f8) 
thrown [s\src\hotspot\share\interpreter\linkResolver.cpp, line 773]
Event: 30.719 Thread 0x0000021073b9b9d0 Exception <a 'java/lang/NoSuchMethodError'{0x00000000c76c9060}: 'java.lang.Object java.lang.invoke.DirectMethodHandle$Holder.invokeStaticInit(java.lang.Object, int, int, int, int)'> (0x00000000c76c9060) 
thrown [s\src\hotspot\share\interpreter\linkResolver.cpp, line 773]
Event: 32.807 Thread 0x0000021073b9b9d0 Exception <a 'java/lang/NoSuchMethodError'{0x00000000c756f2c8}: 'java.lang.Object java.lang.invoke.DirectMethodHandle$Holder.invokeStaticInit(java.lang.Object, java.lang.Object, int, int, int, int)'> (0x00000000c756f2c8) 
thrown [s\src\hotspot\share\interpreter\linkResolver.cpp, line 773]
Event: 33.642 Thread 0x0000021073b9b9d0 Exception <a 'java/lang/NoSuchMethodError'{0x00000000c6eac840}: 'int java.lang.invoke.DirectMethodHandle$Holder.invokeStatic(java.lang.Object, int, java.lang.Object)'> (0x00000000c6eac840) 
thrown [s\src\hotspot\share\interpreter\linkResolver.cpp, line 773]
Event: 33.984 Thread 0x0000021073b9b9d0 Implicit null exception at 0x000002106439b224 to 0x000002106439bbbc
Event: 34.180 Thread 0x0000021073b9b9d0 Exception <a 'java/lang/NoSuchMethodError'{0x00000000c6cd7490}: 'int java.lang.invoke.DelegatingMethodHandle$Holder.reinvoke_L(java.lang.Object, java.lang.Object, java.lang.Object, java.lang.Object)'> (0x00000000c6cd7490) 
thrown [s\src\hotspot\share\interpreter\linkResolver.cpp, line 773]
Event: 34.614 Thread 0x0000021073b9b9d0 Exception <a 'java/io/FileNotFoundException'{0x00000000c6af4af8}> (0x00000000c6af4af8) 
thrown [s\src\hotspot\share\prims\jni.cpp, line 520]
Event: 34.820 Thread 0x0000021073b9b9d0 Exception <a 'java/lang/NoSuchMethodError'{0x00000000c6862e08}: 'int java.lang.invoke.DirectMethodHandle$Holder.invokeInterface(java.lang.Object, java.lang.Object, java.lang.Object, java.lang.Object)'> (0x00000000c6862e08) 
thrown [s\src\hotspot\share\interpreter\linkResolver.cpp, line 773]
Event: 35.758 Thread 0x0000021073b9b9d0 Exception <a 'java/lang/NoSuchMethodError'{0x00000000c7867b20}: 'long java.lang.invoke.DirectMethodHandle$Holder.invokeVirtual(java.lang.Object, java.lang.Object)'> (0x00000000c7867b20) 
thrown [s\src\hotspot\share\interpreter\linkResolver.cpp, line 773]
Event: 35.802 Thread 0x0000021073b9b9d0 Exception <a 'java/io/FileNotFoundException'{0x00000000c788f7c8}> (0x00000000c788f7c8) 
thrown [s\src\hotspot\share\prims\jni.cpp, line 520]
Event: 37.000 Thread 0x0000021073b9b9d0 Exception <a 'java/lang/NoSuchMethodError'{0x00000000c7f77578}: 'java.lang.Object java.lang.invoke.DirectMethodHandle$Holder.newInvokeSpecial(java.lang.Object, java.lang.Object, java.lang.Object, java.lang.Object, java.lang.Object, java.lang.Object, java.lang.Object, java.lang.Object, java.lang.Object, java.lang.Object, java.lang.Object)'> (0x00000000c7f77578) 
thrown [s\src\hotspot\share\interpreter\linkResolver.cpp, line 773]
Event: 39.533 Thread 0x0000021073b9b9d0 Exception <a 'java/lang/NoSuchMethodError'{0x00000000c7dffb60}: 'int java.lang.invoke.DirectMethodHandle$Holder.invokeStatic(java.lang.Object)'> (0x00000000c7dffb60) 
thrown [s\src\hotspot\share\interpreter\linkResolver.cpp, line 773]
Event: 39.881 Thread 0x0000021073b9b9d0 Exception <a 'sun/nio/fs/WindowsException'{0x00000000c782f0a8}> (0x00000000c782f0a8) 
thrown [s\src\hotspot\share\prims\jni.cpp, line 520]

ZGC Phase Switch (0 events):
No events

VM Operations (20 events):
Event: 39.443 Executing VM operation: Cleanup
Event: 39.443 Executing VM operation: Cleanup done
Event: 39.885 Executing VM operation: HandshakeAllThreads (Deoptimize)
Event: 39.885 Executing VM operation: HandshakeAllThreads (Deoptimize) done
Event: 39.898 Executing VM operation: HandshakeAllThreads (Deoptimize)
Event: 39.898 Executing VM operation: HandshakeAllThreads (Deoptimize) done
Event: 40.103 Executing VM operation: HandshakeAllThreads (Deoptimize)
Event: 40.103 Executing VM operation: HandshakeAllThreads (Deoptimize) done
Event: 40.110 Executing VM operation: HandshakeAllThreads (Deoptimize)
Event: 40.110 Executing VM operation: HandshakeAllThreads (Deoptimize) done
Event: 41.115 Executing VM operation: Cleanup
Event: 41.115 Executing VM operation: Cleanup done
Event: 42.485 Executing VM operation: HandshakeAllThreads (Deoptimize)
Event: 42.485 Executing VM operation: HandshakeAllThreads (Deoptimize) done
Event: 42.485 Executing VM operation: Cleanup
Event: 42.485 Executing VM operation: Cleanup done
Event: 42.486 Executing VM operation: HandshakeAllThreads (Deoptimize)
Event: 42.486 Executing VM operation: HandshakeAllThreads (Deoptimize) done
Event: 43.487 Executing VM operation: Cleanup
Event: 43.487 Executing VM operation: Cleanup done

Memory protections (0 events):
No events

Nmethod flushes (20 events):
Event: 36.871 Thread 0x000002106ec928d0 flushing  nmethod 0x000002105c7b2910
Event: 36.871 Thread 0x000002106ec928d0 flushing  nmethod 0x000002105c7b3190
Event: 36.871 Thread 0x000002106ec928d0 flushing  nmethod 0x000002105c7b3590
Event: 36.871 Thread 0x000002106ec928d0 flushing  nmethod 0x000002105c7b4110
Event: 36.871 Thread 0x000002106ec928d0 flushing  nmethod 0x000002105c7da990
Event: 36.871 Thread 0x000002106ec928d0 flushing  nmethod 0x000002105c8e4890
Event: 36.871 Thread 0x000002106ec928d0 flushing  nmethod 0x000002105c8e4d90
Event: 36.871 Thread 0x000002106ec928d0 flushing  nmethod 0x000002105c8e5590
Event: 36.871 Thread 0x000002106ec928d0 flushing  nmethod 0x000002105c96eb10
Event: 36.871 Thread 0x000002106ec928d0 flushing  nmethod 0x000002105c96f810
Event: 36.871 Thread 0x000002106ec928d0 flushing  nmethod 0x000002105c96fe90
Event: 36.871 Thread 0x000002106ec928d0 flushing  nmethod 0x000002105c977490
Event: 36.871 Thread 0x000002106ec928d0 flushing  nmethod 0x000002105c977a90
Event: 36.871 Thread 0x000002106ec928d0 flushing  nmethod 0x000002105c9cd390
Event: 36.871 Thread 0x000002106ec928d0 flushing  nmethod 0x000002105ca0e290
Event: 36.871 Thread 0x000002106ec928d0 flushing  nmethod 0x000002105ca1ee10
Event: 36.871 Thread 0x000002106ec928d0 flushing  nmethod 0x000002105ca3f290
Event: 36.871 Thread 0x000002106ec928d0 flushing  nmethod 0x000002105cac6690
Event: 36.871 Thread 0x000002106ec928d0 flushing  nmethod 0x000002105cac7690
Event: 36.871 Thread 0x000002106ec928d0 flushing  nmethod 0x000002105cae4910

Events (20 events):
Event: 0.514 Thread 0x0000021056a89fd0 Thread added: 0x000002106ecb0530
Event: 0.521 Thread 0x0000021056a89fd0 Thread added: 0x000002106ecb4a60
Event: 0.521 Thread 0x0000021056a89fd0 Thread added: 0x000002106ecb54b0
Event: 0.521 Thread 0x0000021056a89fd0 Thread added: 0x000002106ecb5f00
Event: 0.521 Thread 0x0000021056a89fd0 Thread added: 0x000002106ecb6950
Event: 0.521 Thread 0x0000021056a89fd0 Thread added: 0x000002106ecb76d0
Event: 0.523 Thread 0x0000021056a89fd0 Thread added: 0x000002106ecda330
Event: 0.860 Thread 0x0000021056a89fd0 Thread added: 0x000002107309eb00
Event: 0.904 Thread 0x0000021056a89fd0 Thread added: 0x00000210730a7f00
Event: 4.748 Thread 0x0000021056a89fd0 Thread added: 0x0000021073bbd3b0
Event: 4.759 Thread 0x0000021073bbd3b0 Thread added: 0x0000021073b9b9d0
Event: 7.330 Thread 0x0000021073b9b9d0 Thread added: 0x00000210737568b0
Event: 12.471 Thread 0x0000021073b9b9d0 Thread added: 0x00000210750f82e0
Event: 12.849 Thread 0x00000210750f82e0 Thread exited: 0x00000210750f82e0
Event: 13.392 Thread 0x00000210737568b0 Thread exited: 0x00000210737568b0
Event: 35.868 Thread 0x0000021073b9b9d0 Thread added: 0x0000021075681ee0
Event: 35.890 Thread 0x0000021073b9b9d0 Thread added: 0x000002107433bf90
Event: 35.915 Thread 0x0000021073b9b9d0 Thread added: 0x000002107363a850
Event: 42.854 Thread 0x0000021073b9b9d0 Thread added: 0x00000210769138b0
Event: 43.449 Thread 0x0000021073b9b9d0 Thread added: 0x00000210741b86f0


Dynamic libraries:
0x00007ff796280000 - 0x00007ff79628e000 	C:\eclipse\plugins\org.eclipse.justj.openjdk.hotspot.jre.full.win32.x86_64_21.0.7.v20250502-0916\jre\bin\javaw.exe
0x00007ff869c60000 - 0x00007ff869ec6000 	C:\WINDOWS\SYSTEM32\ntdll.dll
0x00007ff868c50000 - 0x00007ff868d19000 	C:\WINDOWS\System32\KERNEL32.DLL
0x00007ff8672e0000 - 0x00007ff8676da000 	C:\WINDOWS\System32\KERNELBASE.dll
0x00007ff8676e0000 - 0x00007ff86782c000 	C:\WINDOWS\System32\ucrtbase.dll
0x00007ff860450000 - 0x00007ff86046e000 	C:\eclipse\plugins\org.eclipse.justj.openjdk.hotspot.jre.full.win32.x86_64_21.0.7.v20250502-0916\jre\bin\VCRUNTIME140.dll
0x00007ff85ff70000 - 0x00007ff85ff88000 	C:\eclipse\plugins\org.eclipse.justj.openjdk.hotspot.jre.full.win32.x86_64_21.0.7.v20250502-0916\jre\bin\jli.dll
0x00007ff8481f0000 - 0x00007ff848482000 	C:\WINDOWS\WinSxS\amd64_microsoft.windows.common-controls_6595b64144ccf1df_6.0.26100.8521_none_3e08b75ce33403b3\COMCTL32.dll
0x00007ff868d20000 - 0x00007ff868ee7000 	C:\WINDOWS\System32\USER32.dll
0x00007ff867b60000 - 0x00007ff867c09000 	C:\WINDOWS\System32\msvcrt.dll
0x00007ff8695b0000 - 0x00007ff8695db000 	C:\WINDOWS\System32\GDI32.dll
0x00007ff8678e0000 - 0x00007ff867907000 	C:\WINDOWS\System32\win32u.dll
0x00007ff8671b0000 - 0x00007ff8672db000 	C:\WINDOWS\System32\gdi32full.dll
0x00007ff866ef0000 - 0x00007ff866f93000 	C:\WINDOWS\System32\msvcp_win.dll
0x00007ff869bc0000 - 0x00007ff869bf2000 	C:\WINDOWS\System32\IMM32.DLL
0x00007ff863080000 - 0x00007ff86308c000 	C:\eclipse\plugins\org.eclipse.justj.openjdk.hotspot.jre.full.win32.x86_64_21.0.7.v20250502-0916\jre\bin\vcruntime140_1.dll
0x00007ff81de50000 - 0x00007ff81dedd000 	C:\eclipse\plugins\org.eclipse.justj.openjdk.hotspot.jre.full.win32.x86_64_21.0.7.v20250502-0916\jre\bin\msvcp140.dll
0x00007fffba880000 - 0x00007fffbb610000 	C:\eclipse\plugins\org.eclipse.justj.openjdk.hotspot.jre.full.win32.x86_64_21.0.7.v20250502-0916\jre\bin\server\jvm.dll
0x00007ff868ab0000 - 0x00007ff868b66000 	C:\WINDOWS\System32\ADVAPI32.dll
0x00007ff8696f0000 - 0x00007ff86979a000 	C:\WINDOWS\System32\sechost.dll
0x00007ff8693b0000 - 0x00007ff8694c8000 	C:\WINDOWS\System32\RPCRT4.dll
0x00007ff8679d0000 - 0x00007ff867a50000 	C:\WINDOWS\System32\WS2_32.dll
0x00007ff866d70000 - 0x00007ff866dce000 	C:\WINDOWS\SYSTEM32\POWRPROF.dll
0x00007ff8544b0000 - 0x00007ff8544bb000 	C:\WINDOWS\SYSTEM32\VERSION.dll
0x00007ff84cd40000 - 0x00007ff84cd76000 	C:\WINDOWS\SYSTEM32\WINMM.dll
0x00007ff866d50000 - 0x00007ff866d64000 	C:\WINDOWS\SYSTEM32\UMPDC.dll
0x00007ff865c60000 - 0x00007ff865c7b000 	C:\WINDOWS\SYSTEM32\kernel.appcore.dll
0x00007ff83b2b0000 - 0x00007ff83b2ba000 	C:\eclipse\plugins\org.eclipse.justj.openjdk.hotspot.jre.full.win32.x86_64_21.0.7.v20250502-0916\jre\bin\jimage.dll
0x00007ff8644f0000 - 0x00007ff864732000 	C:\WINDOWS\SYSTEM32\DBGHELP.DLL
0x00007ff8697b0000 - 0x00007ff869b33000 	C:\WINDOWS\System32\combase.dll
0x00007ff868b70000 - 0x00007ff868c49000 	C:\WINDOWS\System32\OLEAUT32.dll
0x00007ff843690000 - 0x00007ff8436cb000 	C:\WINDOWS\SYSTEM32\dbgcore.DLL
0x00007ff867830000 - 0x00007ff8678d8000 	C:\WINDOWS\System32\bcryptPrimitives.dll
0x00007ff81cb70000 - 0x00007ff81cb8f000 	C:\eclipse\plugins\org.eclipse.justj.openjdk.hotspot.jre.full.win32.x86_64_21.0.7.v20250502-0916\jre\bin\java.dll
0x00007ff867c10000 - 0x00007ff868394000 	C:\WINDOWS\System32\SHELL32.dll
0x00007ff864a90000 - 0x00007ff865310000 	C:\WINDOWS\SYSTEM32\windows.storage.dll
0x00007ff868710000 - 0x00007ff868806000 	C:\WINDOWS\System32\SHCORE.dll
0x00007ff867af0000 - 0x00007ff867b57000 	C:\WINDOWS\System32\shlwapi.dll
0x00007ff866e10000 - 0x00007ff866e39000 	C:\WINDOWS\SYSTEM32\profapi.dll
0x00007ff81bbb0000 - 0x00007ff81bbc8000 	C:\eclipse\plugins\org.eclipse.justj.openjdk.hotspot.jre.full.win32.x86_64_21.0.7.v20250502-0916\jre\bin\zip.dll
0x00007ff838d40000 - 0x00007ff838d50000 	C:\eclipse\plugins\org.eclipse.justj.openjdk.hotspot.jre.full.win32.x86_64_21.0.7.v20250502-0916\jre\bin\net.dll
0x00007ff855050000 - 0x00007ff855179000 	C:\WINDOWS\SYSTEM32\WINHTTP.dll
0x00007ff8661f0000 - 0x00007ff86625c000 	C:\WINDOWS\system32\mswsock.dll
0x00007ff8114e0000 - 0x00007ff8114f6000 	C:\eclipse\plugins\org.eclipse.justj.openjdk.hotspot.jre.full.win32.x86_64_21.0.7.v20250502-0916\jre\bin\nio.dll
0x00007ff8616b0000 - 0x00007ff8616ba000 	C:\eclipse\plugins\org.eclipse.justj.openjdk.hotspot.jre.full.win32.x86_64_21.0.7.v20250502-0916\jre\bin\management.dll
0x00007ff859720000 - 0x00007ff85972b000 	C:\eclipse\plugins\org.eclipse.justj.openjdk.hotspot.jre.full.win32.x86_64_21.0.7.v20250502-0916\jre\bin\management_ext.dll
0x00007ff8683a0000 - 0x00007ff8683a8000 	C:\WINDOWS\System32\PSAPI.DLL
0x00007ff837c80000 - 0x00007ff837c8e000 	C:\eclipse\plugins\org.eclipse.justj.openjdk.hotspot.jre.full.win32.x86_64_21.0.7.v20250502-0916\jre\bin\sunmscapi.dll
0x00007ff867030000 - 0x00007ff8671a8000 	C:\WINDOWS\System32\CRYPT32.dll
0x00007ff8666f0000 - 0x00007ff866720000 	C:\WINDOWS\SYSTEM32\ncrypt.dll
0x00007ff8666a0000 - 0x00007ff8666df000 	C:\WINDOWS\SYSTEM32\NTASN1.dll
0x00007ff8664d0000 - 0x00007ff8664eb000 	C:\WINDOWS\SYSTEM32\CRYPTSP.dll
0x00007ff865bb0000 - 0x00007ff865be9000 	C:\WINDOWS\system32\rsaenh.dll
0x00007ff8662a0000 - 0x00007ff8662d3000 	C:\WINDOWS\SYSTEM32\USERENV.dll
0x00007ff866de0000 - 0x00007ff866e0a000 	C:\WINDOWS\SYSTEM32\bcrypt.dll
0x00007ff8664f0000 - 0x00007ff8664fc000 	C:\WINDOWS\SYSTEM32\CRYPTBASE.dll
0x00007ff865620000 - 0x00007ff865653000 	C:\WINDOWS\SYSTEM32\IPHLPAPI.DLL
0x00007ff867a60000 - 0x00007ff867a6a000 	C:\WINDOWS\System32\NSI.dll
0x00007ff846090000 - 0x00007ff846099000 	C:\eclipse\plugins\org.eclipse.justj.openjdk.hotspot.jre.full.win32.x86_64_21.0.7.v20250502-0916\jre\bin\extnet.dll
0x00007ff837c90000 - 0x00007ff837ca0000 	C:\eclipse\plugins\org.eclipse.justj.openjdk.hotspot.jre.full.win32.x86_64_21.0.7.v20250502-0916\jre\bin\verify.dll
0x00007ff83fa40000 - 0x00007ff83fa58000 	C:\WINDOWS\system32\napinsp.dll
0x00007ff8656c0000 - 0x00007ff86580a000 	C:\WINDOWS\SYSTEM32\DNSAPI.dll
0x00007ff865ff0000 - 0x00007ff865ffd000 	C:\WINDOWS\SYSTEM32\DSPARSE.dll
0x00007ff83f8c0000 - 0x00007ff83f8d3000 	C:\WINDOWS\System32\winrnr.dll
0x00007ff83efc0000 - 0x00007ff83efe2000 	C:\WINDOWS\system32\nlansp_c.dll
0x00007ff859c70000 - 0x00007ff859c86000 	C:\WINDOWS\system32\wshbth.dll
0x00007ff859ae0000 - 0x00007ff859aeb000 	C:\Windows\System32\rasadhlp.dll
0x00007ff854a50000 - 0x00007ff854ad6000 	C:\WINDOWS\System32\fwpuclnt.dll

dbghelp: loaded successfully - version: 4.0.5 - missing functions: none
symbol engine: initialized successfully - sym options: 0x614 - pdb path: .;C:\eclipse\plugins\org.eclipse.justj.openjdk.hotspot.jre.full.win32.x86_64_21.0.7.v20250502-0916\jre\bin;C:\WINDOWS\SYSTEM32;C:\WINDOWS\WinSxS\amd64_microsoft.windows.common-controls_6595b64144ccf1df_6.0.26100.8521_none_3e08b75ce33403b3;C:\eclipse\plugins\org.eclipse.justj.openjdk.hotspot.jre.full.win32.x86_64_21.0.7.v20250502-0916\jre\bin\server

VM Arguments:
jvm_args: -Dfile.encoding=UTF-8 -Dstdout.encoding=UTF-8 -Dstderr.encoding=UTF-8 -XX:+ShowCodeDetailsInExceptionMessages 
java_command: com.example.EMS.EMSApplication
java_class_path (initial): C:\Users\User\OneDrive\Desktop\agnoshin\New Updated Project\Employee\Employee\target\classes;C:\Users\User\.m2\repository\org\springframework\boot\spring-boot-starter-data-jpa\3.4.1\spring-boot-starter-data-jpa-3.4.1.jar;C:\Users\User\.m2\repository\org\springframework\boot\spring-boot-starter\3.4.1\spring-boot-starter-3.4.1.jar;C:\Users\User\.m2\repository\org\springframework\boot\spring-boot-starter-logging\3.4.1\spring-boot-starter-logging-3.4.1.jar;C:\Users\User\.m2\repository\ch\qos\logback\logback-classic\1.5.12\logback-classic-1.5.12.jar;C:\Users\User\.m2\repository\ch\qos\logback\logback-core\1.5.12\logback-core-1.5.12.jar;C:\Users\User\.m2\repository\org\apache\logging\log4j\log4j-to-slf4j\2.24.3\log4j-to-slf4j-2.24.3.jar;C:\Users\User\.m2\repository\org\apache\logging\log4j\log4j-api\2.24.3\log4j-api-2.24.3.jar;C:\Users\User\.m2\repository\org\slf4j\jul-to-slf4j\2.0.16\jul-to-slf4j-2.0.16.jar;C:\Users\User\.m2\repository\jakarta\annotation\jakarta.annotation-api\2.1.1\jakarta.annotation-api-2.1.1.jar;C:\Users\User\.m2\repository\org\yaml\snakeyaml\2.3\snakeyaml-2.3.jar;C:\Users\User\.m2\repository\org\springframework\boot\spring-boot-starter-jdbc\3.4.1\spring-boot-starter-jdbc-3.4.1.jar;C:\Users\User\.m2\repository\com\zaxxer\HikariCP\5.1.0\HikariCP-5.1.0.jar;C:\Users\User\.m2\repository\org\springframework\spring-jdbc\6.2.1\spring-jdbc-6.2.1.jar;C:\Users\User\.m2\repository\org\hibernate\orm\hibernate-core\6.6.4.Final\hibernate-core-6.6.4.Final.jar;C:\Users\User\.m2\repository\jakarta\persistence\jakarta.persistence-api\3.1.0\jakarta.persistence-api-3.1.0.jar;C:\Users\User\.m2\repository\jakarta\transaction\jakarta.transaction-api\2.0.1\jakarta.transaction-api-2.0.1.jar;C:\Users\User\.m2\repository\org\jboss\logging\jboss-logging\3.6.1.Final\jboss-logging-3.6.1.Final.jar;C:\Users\User\.m2\repository\org\hibernate\common\hibernate-commons-annotations\7.0.3.Final\hibernate-commons-annotations-7.0.3.Final.jar;C:\Users\User\.m2\repository\io\smallrye\jandex\3.2.0\jandex-3.2.0.jar;C:\Users\User\.m2\repository\com\fasterxml\classmate\1.7.0\classmate-1.7.0.jar;C:\Users\User\.m2\repository\net\bytebuddy\byte-buddy\1.15.11\byte-buddy-1.15.11.jar;C:\Users\User\.m2\repository\org\glassfish\jaxb\jaxb-runtime\4.0.5\jaxb-runtime-4.0.5.jar;C:\Users\User\.m2\repository\org\glassfish\jaxb\jaxb-core\4.0.5\jaxb-core-4.0.5.jar;C:\Users\User\.m2\repository\org\eclipse\angus\angus-activation\2.0.2\angus-activation-2.0.2.jar;C:\Users\User\.m2\repository\org\glassfish\jaxb\txw2\4.0.5\txw2-4.0.5.jar;C:\Users\User\.m2\repository\com\sun\istack\istack-commons-runtime\4.1.2\istack-commons-runtime-4.1.2.jar;C:\Users\User\.m2\repository\jakarta\inject\jakarta.inject-api\2.0.1\jakarta.inject-api-2.0.1.jar;C:\Users\User\.m2\repository\org\antlr\antlr4-runtime\4.13.0\antlr4-runtime-4.13.0.jar;C:\Users\User\.m2\repository\org\springframework\data\spring-data-jpa\3.4.1\spring-data-jpa-3.4.1.jar;C:\Users\User\.m2\repository\org\springframework\data\spring-data-commons\3.4.1\spring-data-commons-3.4.1.jar;C:\Users\User\.m2\repository\org\springframework\spring-orm\6.2.1\spring-orm-6.2.1.jar;C:\Users\User\.m2\repository\org\springframework\spring-context\6.2.1\spring-context-6.2.1.jar;C:\Users\User\.m2\repository\org\springframework\spring-aop\6.2.1\spring-aop-6.2.1.jar;C:\Users\User\.m2\repository\org\springframework\spring-tx\6.2.1\spring-tx-6.2.1.jar;C:\Users\User\.m2\repository\org\springframework\spring-beans\6.2.1\spring-beans-6.2.1.jar;C:\Users\User\.m2\repository\org\slf4j\slf4j-api\2.0.16\slf4j-api-2.0.16.jar;C:\Users\User\.m2\repository\org\springframework\spring-aspects\6.2.1\spring-aspects-6.2.1.jar;C:\Users\User\.m2\repository\org\aspectj\aspectjweaver\1.9.22.1\aspectjweaver-1.9.22.1.jar;C:\Users\User\.m2\repository\org\springframework\boot\spring-boot-starter-web\3.4.1\spring-boot-starter-web-3.4.1.jar;C:\Users\User\.m2\repository\org\springframework\boot\spring-boot-starter-json\3.4.1\spring-boot-starter-json-3.4.1.jar;C:\Users\User\.m2\repository\com\fasterxml\jackson\datatype\jackson-datatype-jdk8\2.18.2\jackson-datatype-jdk8-2.18.2.jar;C:\Users\User\.m2\repository\com\fasterxml\jackson\module\jackson-module-parameter-names\2.18.2\jackson-module-parameter-names-2.18.2.jar;C:\Users\User\.m2\repository\org\springframework\boot\spring-boot-starter-tomcat\3.4.1\spring-boot-starter-tomcat-3.4.1.jar;C:\Users\User\.m2\repository\org\apache\tomcat\embed\tomcat-embed-core\10.1.34\tomcat-embed-core-10.1.34.jar;C:\Users\User\.m2\repository\org\apache\tomcat\embed\tomcat-embed-websocket\10.1.34\tomcat-embed-websocket-10.1.34.jar;C:\Users\User\.m2\repository\org\springframework\spring-web\6.2.1\spring-web-6.2.1.jar;C:\Users\User\.m2\repository\io\micrometer\micrometer-observation\1.14.2\micrometer-observation-1.14.2.jar;C:\Users\User\.m2\repository\io\micrometer\micrometer-commons\1.14.2\micrometer-commons-1.14.2.jar;C:\Users\User\.m2\repository\org\springframework\spring-webmvc\6.2.1\spring-webmvc-6.2.1.jar;C:\Users\User\.m2\repository\org\springframework\spring-expression\6.2.1\spring-expression-6.2.1.jar;C:\Users\User\.m2\repository\org\springframework\boot\spring-boot-starter-validation\3.4.1\spring-boot-starter-validation-3.4.1.jar;C:\Users\User\.m2\repository\org\apache\tomcat\embed\tomcat-embed-el\10.1.34\tomcat-embed-el-10.1.34.jar;C:\Users\User\.m2\repository\org\hibernate\validator\hibernate-validator\8.0.2.Final\hibernate-validator-8.0.2.Final.jar;C:\Users\User\.m2\repository\jakarta\validation\jakarta.validation-api\3.0.2\jakarta.validation-api-3.0.2.jar;C:\Users\User\.m2\repository\org\springframework\boot\spring-boot-devtools\3.4.1\spring-boot-devtools-3.4.1.jar;C:\Users\User\.m2\repository\org\springframework\boot\spring-boot\3.4.1\spring-boot-3.4.1.jar;C:\Users\User\.m2\repository\org\springframework\boot\spring-boot-autoconfigure\3.4.1\spring-boot-autoconfigure-3.4.1.jar;C:\Users\User\.m2\repository\com\microsoft\sqlserver\mssql-jdbc\12.8.1.jre11\mssql-jdbc-12.8.1.jre11.jar;C:\Users\User\.m2\repository\com\fasterxml\jackson\core\jackson-databind\2.18.2\jackson-databind-2.18.2.jar;C:\Users\User\.m2\repository\com\fasterxml\jackson\core\jackson-annotations\2.18.2\jackson-annotations-2.18.2.jar;C:\Users\User\.m2\repository\com\fasterxml\jackson\core\jackson-core\2.18.2\jackson-core-2.18.2.jar;C:\Users\User\.m2\repository\org\projectlombok\lombok\1.18.36\lombok-1.18.36.jar;C:\Users\User\.m2\repository\com\fasterxml\jackson\datatype\jackson-datatype-jsr310\2.18.2\jackson-datatype-jsr310-2.18.2.jar;C:\Users\User\.m2\repository\jakarta\xml\bind\jakarta.xml.bind-api\4.0.2\jakarta.xml.bind-api-4.0.2.jar;C:\Users\User\.m2\repository\jakarta\activation\jakarta.activation-api\2.1.3\jakarta.activation-api-2.1.3.jar;C:\Users\User\.m2\repository\org\springframework\spring-core\6.2.1\spring-core-6.2.1.jar;C:\Users\User\.m2\repository\org\springframework\spring-jcl\6.2.1\spring-jcl-6.2.1.jar
Launcher Type: SUN_STANDARD

[Global flags]
     intx CICompilerCount                          = 3                                         {product} {ergonomic}
     uint ConcGCThreads                            = 1                                         {product} {ergonomic}
     uint G1ConcRefinementThreads                  = 4                                         {product} {ergonomic}
   size_t G1HeapRegionSize                         = 1048576                                   {product} {ergonomic}
    uintx GCDrainStackTargetSize                   = 64                                        {product} {ergonomic}
   size_t InitialHeapSize                          = 62914560                                  {product} {ergonomic}
   size_t MarkStackSize                            = 4194304                                   {product} {ergonomic}
   size_t MaxHeapSize                              = 991952896                                 {product} {ergonomic}
   size_t MaxNewSize                               = 594542592                                 {product} {ergonomic}
   size_t MinHeapDeltaBytes                        = 1048576                                   {product} {ergonomic}
   size_t MinHeapSize                              = 8388608                                   {product} {ergonomic}
    uintx NonNMethodCodeHeapSize                   = 5832780                                {pd product} {ergonomic}
    uintx NonProfiledCodeHeapSize                  = 122912730                              {pd product} {ergonomic}
    uintx ProfiledCodeHeapSize                     = 122912730                              {pd product} {ergonomic}
    uintx ReservedCodeCacheSize                    = 251658240                              {pd product} {ergonomic}
     bool SegmentedCodeCache                       = true                                      {product} {ergonomic}
     bool ShowCodeDetailsInExceptionMessages       = true                                   {manageable} {command line}
   size_t SoftMaxHeapSize                          = 991952896                              {manageable} {ergonomic}
     bool UseCompressedOops                        = true                           {product lp64_product} {ergonomic}
     bool UseG1GC                                  = true                                      {product} {ergonomic}
     bool UseLargePagesIndividualAllocation        = false                                  {pd product} {ergonomic}

Logging:
Log output configuration:
 #0: stdout all=warning uptime,level,tags foldmultilines=false
 #1: stderr all=off uptime,level,tags foldmultilines=false

Environment Variables:
JAVA_HOME=C:\Program Files\Microsoft\jdk-21.0.10.7-hotspot\
PATH=C:/eclipse//plugins/org.eclipse.justj.openjdk.hotspot.jre.full.win32.x86_64_21.0.7.v20250502-0916/jre/bin/server;C:/eclipse//plugins/org.eclipse.justj.openjdk.hotspot.jre.full.win32.x86_64_21.0.7.v20250502-0916/jre/bin;C:\Program Files\Microsoft\jdk-21.0.10.7-hotspot\bin;C:\Program Files\Common Files\Oracle\Java\javapath;C:\Python314\Scripts\;C:\Python314\;C:\WINDOWS\system32;C:\WINDOWS;C:\WINDOWS\System32\Wbem;C:\WINDOWS\System32\WindowsPowerShell\v1.0\;C:\WINDOWS\System32\OpenSSH\;C:\Program Files\nodejs\;C:\ProgramData\chocolatey\bin;C:\Program Files\Java\jdk-25.0.2\bin;C:\Program Files\Redis\;C:\Program Files\Redis;C:\Program Files\Docker\Docker\resources\bin;C:\Program Files\Git\cmd;C:\Program Files (x86)\Microsoft SQL Server\170\Tools\Binn\;C:\Program Files\Microsoft SQL Server\170\Tools\Binn\;C:\Program Files\Microsoft SQL Server\Client SDK\ODBC\180\Tools\Binn\;C:\Program Files\Microsoft SQL Server\170\DTS\Binn\;C:\Program Files\MySQL\MySQL Shell 8.0\bin\;%USERPROFILE%\AppData\Local\Microsoft\WindowsApps;C:\Users\User\AppData\Roaming\npm;C:\Users\User\AppData\Local\Programs\Microsoft VS Code\bin;C:\Exercism;C:\eclipse;
USERNAME=User
OS=Windows_NT
PROCESSOR_IDENTIFIER=Intel64 Family 6 Model 126 Stepping 5, GenuineIntel
TMP=C:\Users\User\AppData\Local\Temp
TEMP=C:\Users\User\AppData\Local\Temp




Periodic native trim disabled

---------------  S Y S T E M  ---------------

OS:
 Windows 11 , 64 bit Build 26100 (10.0.26100.8521)
OS uptime: 9 days 3:08 hours
Hyper-V role detected

CPU: total 4 (initial active 4) (2 cores per cpu, 2 threads per core) family 6 model 126 stepping 5 microcode 0xc6, cx8, cmov, fxsr, ht, mmx, 3dnowpref, sse, sse2, sse3, ssse3, sse4.1, sse4.2, popcnt, lzcnt, tsc, tscinvbit, avx, avx2, aes, erms, clmul, bmi1, bmi2, adx, avx512f, avx512dq, avx512cd, avx512bw, avx512vl, sha, fma, vzeroupper, avx512_vpopcntdq, avx512_vpclmulqdq, avx512_vaes, avx512_vnni, clflush, clflushopt, avx512_vbmi2, avx512_vbmi, hv, rdtscp, rdpid, fsrm, gfni, avx512_bitalg, f16c, avx512_ifma
Processor Information for the first 4 processors :
  Max Mhz: 1190, Current Mhz: 1190, Mhz Limit: 1190

Memory: 4k page, system-wide physical 3783M (96M free)
TotalPageFile size 15559M (AvailPageFile size 0M)
current process WorkingSet (physical memory assigned to process): 157M, peak: 178M
current process commit charge ("private bytes"): 217M, peak: 234M

vm_info: OpenJDK 64-Bit Server VM (21.0.7+6-LTS) for windows-amd64 JRE (21.0.7+6-LTS), built on 2025-04-15T00:00:00Z by "admin" with MS VC++ 17.7 (VS2022)

END.
