2026-07-10 12:16:24.932 [restartedMain] INFO  com.example.EMS.EMSApplication - Starting EMSApplication using Java 17.0.12 on DESKTOP-DDBMUUC with PID 18844 (C:\Users\User\Desktop\OneDrive\Desktop\agnoshin\New Updated Project\Employee\Employee\target\classes started by User in C:\Users\User\Desktop\OneDrive\Desktop\agnoshin\New Updated Project\Employee\Employee)
2026-07-10 12:16:24.985 [restartedMain] INFO  com.example.EMS.EMSApplication - No active profile set, falling back to 1 default profile: "default"
2026-07-10 12:16:24.909 [background-preinit] INFO  o.h.validator.internal.util.Version - HV000001: Hibernate Validator 6.2.5.Final
2026-07-10 12:16:25.202 [restartedMain] INFO  o.s.b.d.e.DevToolsPropertyDefaultsPostProcessor - Devtools property defaults active! Set 'spring.devtools.add-properties' to 'false' to disable
2026-07-10 12:16:25.204 [restartedMain] INFO  o.s.b.d.e.DevToolsPropertyDefaultsPostProcessor - For additional web related logging consider setting the 'logging.level.web' property to 'DEBUG'
2026-07-10 12:16:29.643 [restartedMain] INFO  o.s.d.r.c.RepositoryConfigurationDelegate - Multiple Spring Data modules found, entering strict repository configuration mode
2026-07-10 12:16:29.655 [restartedMain] INFO  o.s.d.r.c.RepositoryConfigurationDelegate - Bootstrapping Spring Data JPA repositories in DEFAULT mode.
2026-07-10 12:16:30.019 [restartedMain] INFO  o.s.d.r.c.RepositoryConfigurationDelegate - Finished Spring Data repository scanning in 141 ms. Found 0 JPA repository interfaces.
2026-07-10 12:16:30.292 [restartedMain] INFO  o.s.d.r.c.RepositoryConfigurationDelegate - Multiple Spring Data modules found, entering strict repository configuration mode
2026-07-10 12:16:30.295 [restartedMain] INFO  o.s.d.r.c.RepositoryConfigurationDelegate - Bootstrapping Spring Data Redis repositories in DEFAULT mode.
2026-07-10 12:16:30.564 [restartedMain] INFO  o.s.d.r.c.RepositoryConfigurationDelegate - Finished Spring Data repository scanning in 29 ms. Found 0 Redis repository interfaces.
2026-07-10 12:16:34.145 [restartedMain] INFO  o.s.b.w.e.tomcat.TomcatWebServer - Tomcat initialized with port(s): 8080 (http)
2026-07-10 12:16:34.157 [restartedMain] INFO  o.a.coyote.http11.Http11NioProtocol - Initializing ProtocolHandler ["http-nio-8080"]
2026-07-10 12:16:34.159 [restartedMain] INFO  o.a.catalina.core.StandardService - Starting service [Tomcat]
2026-07-10 12:16:34.160 [restartedMain] INFO  o.a.catalina.core.StandardEngine - Starting Servlet engine: [Apache Tomcat/9.0.83]
2026-07-10 12:16:34.345 [restartedMain] INFO  o.a.c.c.C.[Tomcat].[localhost].[/] - Initializing Spring embedded WebApplicationContext
2026-07-10 12:16:34.346 [restartedMain] INFO  o.s.b.w.s.c.ServletWebServerApplicationContext - Root WebApplicationContext: initialization completed in 9140 ms
2026-07-10 12:16:36.353 [restartedMain] INFO  o.h.jpa.internal.util.LogHelper - HHH000204: Processing PersistenceUnitInfo [name: default]
2026-07-10 12:16:36.512 [restartedMain] INFO  org.hibernate.Version - HHH000412: Hibernate ORM core version 5.6.15.Final
2026-07-10 12:16:36.994 [restartedMain] INFO  o.h.annotations.common.Version - HCANN000001: Hibernate Commons Annotations {5.1.2.Final}
2026-07-10 12:16:37.244 [restartedMain] INFO  com.zaxxer.hikari.HikariDataSource - HikariPool-1 - Starting...
2026-07-10 12:16:38.595 [restartedMain] INFO  com.zaxxer.hikari.HikariDataSource - HikariPool-1 - Start completed.
2026-07-10 12:16:38.648 [restartedMain] INFO  org.hibernate.dialect.Dialect - HHH000400: Using dialect: org.hibernate.dialect.SQLServerDialect
2026-07-10 12:16:48.652 [restartedMain] INFO  o.h.e.t.j.p.i.JtaPlatformInitiator - HHH000490: Using JtaPlatform implementation: [org.hibernate.engine.transaction.jta.platform.internal.NoJtaPlatform]
2026-07-10 12:16:48.688 [restartedMain] INFO  o.s.o.j.LocalContainerEntityManagerFactoryBean - Initialized JPA EntityManagerFactory for persistence unit 'default'
2026-07-10 12:16:50.214 [restartedMain] WARN  o.s.b.a.s.s.UserDetailsServiceAutoConfiguration - 

Using generated security password: 0cc271b1-fa8d-44f8-af44-8b32e62cb355

This generated password is for development use only. Your security configuration must be updated before running your application in production.

2026-07-10 12:16:51.348 [restartedMain] INFO  o.s.s.web.DefaultSecurityFilterChain - Will secure any request with [org.springframework.security.web.session.DisableEncodeUrlFilter@4deb6b7c, org.springframework.security.web.context.request.async.WebAsyncManagerIntegrationFilter@1a65db9c, org.springframework.security.web.context.SecurityContextPersistenceFilter@15a8319c, org.springframework.security.web.header.HeaderWriterFilter@466ccdd7, org.springframework.security.web.authentication.logout.LogoutFilter@29ed2a9c, com.example.EMS.Security.JwtAuthFilter@34ba7bbe, org.springframework.security.web.savedrequest.RequestCacheAwareFilter@52af769f, org.springframework.security.web.servletapi.SecurityContextHolderAwareRequestFilter@561ac464, org.springframework.security.web.authentication.AnonymousAuthenticationFilter@6d3170b9, org.springframework.security.web.session.SessionManagementFilter@775d6add, org.springframework.security.web.access.ExceptionTranslationFilter@403df5c1, org.springframework.security.web.access.intercept.AuthorizationFilter@1d5d289]
2026-07-10 12:16:51.737 [restartedMain] WARN  o.s.b.a.o.j.JpaBaseConfiguration$JpaWebConfiguration - spring.jpa.open-in-view is enabled by default. Therefore, database queries may be performed during view rendering. Explicitly configure spring.jpa.open-in-view to disable this warning
2026-07-10 12:16:53.833 [restartedMain] INFO  o.s.b.d.a.OptionalLiveReloadServer - LiveReload server is running on port 35729
2026-07-10 12:16:53.897 [restartedMain] INFO  o.a.coyote.http11.Http11NioProtocol - Starting ProtocolHandler ["http-nio-8080"]
2026-07-10 12:16:53.970 [restartedMain] INFO  o.s.b.w.e.tomcat.TomcatWebServer - Tomcat started on port(s): 8080 (http) with context path ''
2026-07-10 12:16:54.011 [restartedMain] INFO  com.example.EMS.EMSApplication - Started EMSApplication in 30.809 seconds (JVM running for 35.625)
2026-07-10 13:09:36.254 [RMI TCP Connection(2)-127.0.0.1] INFO  o.s.b.a.SpringApplicationAdminMXBeanRegistrar$SpringApplicationAdmin - Application shutdown requested.
2026-07-10 13:09:36.658 [RMI TCP Connection(2)-127.0.0.1] INFO  o.a.coyote.http11.Http11NioProtocol - Pausing ProtocolHandler ["http-nio-8080"]
2026-07-10 13:09:36.659 [RMI TCP Connection(2)-127.0.0.1] INFO  o.a.catalina.core.StandardService - Stopping service [Tomcat]
2026-07-10 13:09:36.800 [RMI TCP Connection(2)-127.0.0.1] WARN  o.a.c.loader.WebappClassLoaderBase - The web application [ROOT] appears to have started a thread named [lettuce-timer-3-1] but has failed to stop it. This is very likely to create a memory leak. Stack trace of thread:
 java.base@17.0.12/java.lang.Thread.sleep(Native Method)
 app//io.netty.util.HashedWheelTimer$Worker.waitForNextTick(HashedWheelTimer.java:600)
 app//io.netty.util.HashedWheelTimer$Worker.run(HashedWheelTimer.java:496)
 app//io.netty.util.concurrent.FastThreadLocalRunnable.run(FastThreadLocalRunnable.java:30)
 java.base@17.0.12/java.lang.Thread.run(Thread.java:842)
2026-07-10 13:09:36.815 [RMI TCP Connection(2)-127.0.0.1] INFO  o.a.coyote.http11.Http11NioProtocol - Stopping ProtocolHandler ["http-nio-8080"]
2026-07-10 13:09:36.838 [RMI TCP Connection(2)-127.0.0.1] INFO  o.a.coyote.http11.Http11NioProtocol - Destroying ProtocolHandler ["http-nio-8080"]
2026-07-10 13:09:36.972 [RMI TCP Connection(2)-127.0.0.1] INFO  o.s.o.j.LocalContainerEntityManagerFactoryBean - Closing JPA EntityManagerFactory for persistence unit 'default'
2026-07-10 13:09:37.113 [RMI TCP Connection(2)-127.0.0.1] INFO  com.zaxxer.hikari.HikariDataSource - HikariPool-1 - Shutdown initiated...
2026-07-10 13:09:37.162 [RMI TCP Connection(2)-127.0.0.1] INFO  com.zaxxer.hikari.HikariDataSource - HikariPool-1 - Shutdown completed.
2026-07-10 13:26:49.417 [background-preinit] INFO  o.h.validator.internal.util.Version - HV000001: Hibernate Validator 6.2.5.Final
2026-07-10 13:26:49.433 [restartedMain] INFO  com.example.EMS.EMSApplication - Starting EMSApplication using Java 17.0.12 on DESKTOP-DDBMUUC with PID 8876 (C:\Users\User\Desktop\OneDrive\Desktop\agnoshin\New Updated Project\Employee\Employee\target\classes started by User in C:\Users\User\Desktop\OneDrive\Desktop\agnoshin\New Updated Project\Employee\Employee)
2026-07-10 13:26:49.446 [restartedMain] INFO  com.example.EMS.EMSApplication - No active profile set, falling back to 1 default profile: "default"
2026-07-10 13:26:49.617 [restartedMain] INFO  o.s.b.d.e.DevToolsPropertyDefaultsPostProcessor - Devtools property defaults active! Set 'spring.devtools.add-properties' to 'false' to disable
2026-07-10 13:26:49.622 [restartedMain] INFO  o.s.b.d.e.DevToolsPropertyDefaultsPostProcessor - For additional web related logging consider setting the 'logging.level.web' property to 'DEBUG'
2026-07-10 13:26:51.489 [restartedMain] INFO  o.s.d.r.c.RepositoryConfigurationDelegate - Multiple Spring Data modules found, entering strict repository configuration mode
2026-07-10 13:26:51.489 [restartedMain] INFO  o.s.d.r.c.RepositoryConfigurationDelegate - Bootstrapping Spring Data JPA repositories in DEFAULT mode.
2026-07-10 13:26:51.520 [restartedMain] INFO  o.s.d.r.c.RepositoryConfigurationDelegate - Finished Spring Data repository scanning in 21 ms. Found 0 JPA repository interfaces.
2026-07-10 13:26:51.549 [restartedMain] INFO  o.s.d.r.c.RepositoryConfigurationDelegate - Multiple Spring Data modules found, entering strict repository configuration mode
2026-07-10 13:26:51.553 [restartedMain] INFO  o.s.d.r.c.RepositoryConfigurationDelegate - Bootstrapping Spring Data Redis repositories in DEFAULT mode.
2026-07-10 13:26:51.580 [restartedMain] INFO  o.s.d.r.c.RepositoryConfigurationDelegate - Finished Spring Data repository scanning in 7 ms. Found 0 Redis repository interfaces.
2026-07-10 13:26:52.609 [restartedMain] INFO  o.s.b.w.e.tomcat.TomcatWebServer - Tomcat initialized with port(s): 8080 (http)
2026-07-10 13:26:52.620 [restartedMain] INFO  o.a.coyote.http11.Http11NioProtocol - Initializing ProtocolHandler ["http-nio-8080"]
2026-07-10 13:26:52.623 [restartedMain] INFO  o.a.catalina.core.StandardService - Starting service [Tomcat]
2026-07-10 13:26:52.623 [restartedMain] INFO  o.a.catalina.core.StandardEngine - Starting Servlet engine: [Apache Tomcat/9.0.83]
2026-07-10 13:26:52.894 [restartedMain] INFO  o.a.c.c.C.[Tomcat].[localhost].[/] - Initializing Spring embedded WebApplicationContext
2026-07-10 13:26:52.896 [restartedMain] INFO  o.s.b.w.s.c.ServletWebServerApplicationContext - Root WebApplicationContext: initialization completed in 3271 ms
2026-07-10 13:26:53.674 [restartedMain] INFO  o.h.jpa.internal.util.LogHelper - HHH000204: Processing PersistenceUnitInfo [name: default]
2026-07-10 13:26:53.772 [restartedMain] INFO  org.hibernate.Version - HHH000412: Hibernate ORM core version 5.6.15.Final
2026-07-10 13:26:53.990 [restartedMain] INFO  o.h.annotations.common.Version - HCANN000001: Hibernate Commons Annotations {5.1.2.Final}
2026-07-10 13:26:54.148 [restartedMain] INFO  com.zaxxer.hikari.HikariDataSource - HikariPool-1 - Starting...
2026-07-10 13:26:55.296 [restartedMain] INFO  com.zaxxer.hikari.HikariDataSource - HikariPool-1 - Start completed.
2026-07-10 13:26:55.400 [restartedMain] INFO  org.hibernate.dialect.Dialect - HHH000400: Using dialect: org.hibernate.dialect.SQLServerDialect
2026-07-10 13:27:00.111 [restartedMain] INFO  o.h.e.t.j.p.i.JtaPlatformInitiator - HHH000490: Using JtaPlatform implementation: [org.hibernate.engine.transaction.jta.platform.internal.NoJtaPlatform]
2026-07-10 13:27:00.131 [restartedMain] INFO  o.s.o.j.LocalContainerEntityManagerFactoryBean - Initialized JPA EntityManagerFactory for persistence unit 'default'
2026-07-10 13:27:00.577 [restartedMain] WARN  o.s.b.a.s.s.UserDetailsServiceAutoConfiguration - 

Using generated security password: 62ad2d1c-2dec-4214-ab90-d530d8d4947d

This generated password is for development use only. Your security configuration must be updated before running your application in production.

2026-07-10 13:27:00.831 [restartedMain] INFO  o.s.s.web.DefaultSecurityFilterChain - Will secure any request with [org.springframework.security.web.session.DisableEncodeUrlFilter@146909c5, org.springframework.security.web.context.request.async.WebAsyncManagerIntegrationFilter@c1baa59, org.springframework.security.web.context.SecurityContextPersistenceFilter@1fc718d2, org.springframework.security.web.header.HeaderWriterFilter@6c26051a, org.springframework.security.web.authentication.logout.LogoutFilter@5841de6f, com.example.EMS.Security.JwtAuthFilter@6aa0b02d, org.springframework.security.web.savedrequest.RequestCacheAwareFilter@344ad0fe, org.springframework.security.web.servletapi.SecurityContextHolderAwareRequestFilter@552baf53, org.springframework.security.web.authentication.AnonymousAuthenticationFilter@48b67495, org.springframework.security.web.session.SessionManagementFilter@b4728bf, org.springframework.security.web.access.ExceptionTranslationFilter@e8eddda, org.springframework.security.web.access.intercept.AuthorizationFilter@6ad708f]
2026-07-10 13:27:00.928 [restartedMain] WARN  o.s.b.a.o.j.JpaBaseConfiguration$JpaWebConfiguration - spring.jpa.open-in-view is enabled by default. Therefore, database queries may be performed during view rendering. Explicitly configure spring.jpa.open-in-view to disable this warning
2026-07-10 13:27:01.801 [restartedMain] INFO  o.s.b.d.a.OptionalLiveReloadServer - LiveReload server is running on port 35729
2026-07-10 13:27:01.843 [restartedMain] INFO  o.a.coyote.http11.Http11NioProtocol - Starting ProtocolHandler ["http-nio-8080"]
2026-07-10 13:27:01.901 [restartedMain] INFO  o.s.b.w.e.tomcat.TomcatWebServer - Tomcat started on port(s): 8080 (http) with context path ''
2026-07-10 13:27:01.941 [restartedMain] INFO  com.example.EMS.EMSApplication - Started EMSApplication in 13.932 seconds (JVM running for 16.304)
2026-07-10 13:29:27.810 [http-nio-8080-exec-1] INFO  o.a.c.c.C.[Tomcat].[localhost].[/] - Initializing Spring DispatcherServlet 'dispatcherServlet'
2026-07-10 13:29:27.820 [http-nio-8080-exec-1] INFO  o.s.web.servlet.DispatcherServlet - Initializing Servlet 'dispatcherServlet'
2026-07-10 13:29:27.931 [http-nio-8080-exec-1] INFO  o.s.web.servlet.DispatcherServlet - Completed initialization in 110 ms
2026-07-10 13:29:28.679 [http-nio-8080-exec-1] WARN  o.s.w.s.m.m.a.ExceptionHandlerExceptionResolver - Resolved [com.example.EMS.Exception.ResourceNotFoundException: Invalid Email]
2026-07-10 13:29:28.710 [http-nio-8080-exec-1] INFO  API_LOGGER - 
---------------------------- API CALL LOG ----------------------------
API Name       : POST
API URL        : http://localhost:8080/api/employees/login
Request Body   : {
  "email" : "sam13@gmail.com",
  "password" : "sam1234"
}
Response Body  : {
  "statusCode" : 404,
  "message" : "Invalid Email",
  "data" : null
}
------------------------------------------------------------------------
2026-07-10 13:29:42.684 [http-nio-8080-exec-3] INFO  API_LOGGER - 
---------------------------- API CALL LOG ----------------------------
API Name       : POST
API URL        : http://localhost:8080/api/admin/login
Request Body   : {
  "username" : "admin",
  "password" : "admin1234"
}
Response Body  : {
  "statusCode" : 200,
  "message" : "Login Successful",
  "data" : {
    "token" : "eyJhbGciOiJIUzI1NiJ9.eyJyb2xlIjoiQURNSU4iLCJpZCI6MSwic3ViIjoiYWRtaW4iLCJpYXQiOjE3ODM2NzAzODEsImV4cCI6MTc4MzY3MjE4MX0.MpWIW9yYUITSjuiVbTiXXuc7DU3IUNyBwrQeVoPrgy8",
    "message" : "Login Successful",
    "adminId" : 1,
    "username" : "admin"
  }
}
------------------------------------------------------------------------
2026-07-10 13:30:18.815 [http-nio-8080-exec-5] INFO  API_LOGGER - 
---------------------------- API CALL LOG ----------------------------
API Name       : POST
API URL        : http://localhost:8080/api/employees
Request Body   : {
  "ename" : "george",
  "email" : "george@gmail.com",
  "password" : "george1234",
  "salary" : 50000.0,
  "departmentId" : 1
}
Response Body  : {
  "statusCode" : 201,
  "message" : "Employee Added Successfully",
  "data" : {
    "eid" : 43,
    "ename" : "george",
    "email" : "george@gmail.com",
    "salary" : 50000.0,
    "departmentId" : 1,
    "departmentName" : "AI"
  }
}
------------------------------------------------------------------------
2026-07-10 13:31:21.872 [http-nio-8080-exec-7] INFO  API_LOGGER - 
---------------------------- API CALL LOG ----------------------------
API Name       : POST
API URL        : http://localhost:8080/api/employees/login
Request Body   : {
  "email" : "george@gmail.com",
  "password" : "george1234"
}
Response Body  : {
  "eid" : 43,
  "ename" : "george",
  "email" : "george@gmail.com",
  "message" : "Login Successful",
  "token" : "eyJhbGciOiJIUzI1NiJ9.eyJyb2xlIjoiRU1QTE9ZRUUiLCJpZCI6NDMsInN1YiI6Imdlb3JnZUBnbWFpbC5jb20iLCJpYXQiOjE3ODM2NzA0ODEsImV4cCI6MTc4MzY3MjI4MX0.wqyczJbLXhvjNP9i-eODQHVM9kHU8fyh0_W-byYksno"
}
------------------------------------------------------------------------
2026-07-10 13:31:24.611 [http-nio-8080-exec-9] INFO  API_LOGGER - 
---------------------------- API CALL LOG ----------------------------
API Name       : GET
API URL        : http://localhost:8080/api/employees/43
Request Body   : N/A
Response Body  : {
  "statusCode" : 200,
  "message" : "Employee Found By Id",
  "data" : {
    "eid" : 43,
    "ename" : "george",
    "email" : "george@gmail.com",
    "salary" : 50000.0,
    "departmentId" : 1,
    "departmentName" : "AI"
  }
}
------------------------------------------------------------------------
2026-07-10 13:31:29.686 [http-nio-8080-exec-1] INFO  API_LOGGER - 
---------------------------- API CALL LOG ----------------------------
API Name       : GET
API URL        : http://localhost:8080/api/departments/employee/43
Request Body   : N/A
Response Body  : N/A
------------------------------------------------------------------------
2026-07-10 13:31:55.601 [http-nio-8080-exec-3] WARN  o.s.w.s.m.m.a.ExceptionHandlerExceptionResolver - Resolved [java.lang.RuntimeException: Stored Procedure Not Found : getAttendanceByEmployee]
2026-07-10 13:31:55.604 [http-nio-8080-exec-3] INFO  API_LOGGER - 
---------------------------- API CALL LOG ----------------------------
API Name       : GET
API URL        : http://localhost:8080/api/attendance/employee/43
Request Body   : N/A
Response Body  : {
  "statusCode" : 500,
  "message" : "Stored Procedure Not Found : getAttendanceByEmployee",
  "data" : null
}
------------------------------------------------------------------------
2026-07-10 13:32:04.884 [http-nio-8080-exec-4] INFO  API_LOGGER - 
---------------------------- API CALL LOG ----------------------------
API Name       : GET
API URL        : http://localhost:8080/api/departments/employee/43
Request Body   : N/A
Response Body  : N/A
------------------------------------------------------------------------
2026-07-10 15:18:17.037 [background-preinit] INFO  o.h.validator.internal.util.Version - HV000001: Hibernate Validator 6.2.5.Final
2026-07-10 15:18:17.045 [restartedMain] INFO  com.example.EMS.EMSApplication - Starting EMSApplication using Java 17.0.12 on DESKTOP-DDBMUUC with PID 5620 (C:\Users\User\Desktop\OneDrive\Desktop\agnoshin\New Updated Project\Employee\Employee\target\classes started by User in C:\Users\User\Desktop\OneDrive\Desktop\agnoshin\New Updated Project\Employee\Employee)
2026-07-10 15:18:17.046 [restartedMain] INFO  com.example.EMS.EMSApplication - No active profile set, falling back to 1 default profile: "default"
2026-07-10 15:18:17.125 [restartedMain] INFO  o.s.b.d.e.DevToolsPropertyDefaultsPostProcessor - Devtools property defaults active! Set 'spring.devtools.add-properties' to 'false' to disable
2026-07-10 15:18:17.126 [restartedMain] INFO  o.s.b.d.e.DevToolsPropertyDefaultsPostProcessor - For additional web related logging consider setting the 'logging.level.web' property to 'DEBUG'
2026-07-10 15:18:18.269 [restartedMain] INFO  o.s.d.r.c.RepositoryConfigurationDelegate - Multiple Spring Data modules found, entering strict repository configuration mode
2026-07-10 15:18:18.270 [restartedMain] INFO  o.s.d.r.c.RepositoryConfigurationDelegate - Bootstrapping Spring Data JPA repositories in DEFAULT mode.
2026-07-10 15:18:18.326 [restartedMain] INFO  o.s.d.r.c.RepositoryConfigurationDelegate - Finished Spring Data repository scanning in 18 ms. Found 0 JPA repository interfaces.
2026-07-10 15:18:18.346 [restartedMain] INFO  o.s.d.r.c.RepositoryConfigurationDelegate - Multiple Spring Data modules found, entering strict repository configuration mode
2026-07-10 15:18:18.347 [restartedMain] INFO  o.s.d.r.c.RepositoryConfigurationDelegate - Bootstrapping Spring Data Redis repositories in DEFAULT mode.
2026-07-10 15:18:18.368 [restartedMain] INFO  o.s.d.r.c.RepositoryConfigurationDelegate - Finished Spring Data repository scanning in 7 ms. Found 0 Redis repository interfaces.
2026-07-10 15:18:19.222 [restartedMain] INFO  o.s.b.w.e.tomcat.TomcatWebServer - Tomcat initialized with port(s): 8080 (http)
2026-07-10 15:18:19.233 [restartedMain] INFO  o.a.coyote.http11.Http11NioProtocol - Initializing ProtocolHandler ["http-nio-8080"]
2026-07-10 15:18:19.235 [restartedMain] INFO  o.a.catalina.core.StandardService - Starting service [Tomcat]
2026-07-10 15:18:19.235 [restartedMain] INFO  o.a.catalina.core.StandardEngine - Starting Servlet engine: [Apache Tomcat/9.0.83]
2026-07-10 15:18:19.324 [restartedMain] INFO  o.a.c.c.C.[Tomcat].[localhost].[/] - Initializing Spring embedded WebApplicationContext
2026-07-10 15:18:19.325 [restartedMain] INFO  o.s.b.w.s.c.ServletWebServerApplicationContext - Root WebApplicationContext: initialization completed in 2198 ms
2026-07-10 15:18:19.960 [restartedMain] INFO  o.h.jpa.internal.util.LogHelper - HHH000204: Processing PersistenceUnitInfo [name: default]
2026-07-10 15:18:20.035 [restartedMain] INFO  org.hibernate.Version - HHH000412: Hibernate ORM core version 5.6.15.Final
2026-07-10 15:18:20.223 [restartedMain] INFO  o.h.annotations.common.Version - HCANN000001: Hibernate Commons Annotations {5.1.2.Final}
2026-07-10 15:18:20.438 [restartedMain] INFO  com.zaxxer.hikari.HikariDataSource - HikariPool-1 - Starting...
2026-07-10 15:18:21.630 [restartedMain] INFO  com.zaxxer.hikari.HikariDataSource - HikariPool-1 - Start completed.
2026-07-10 15:18:21.647 [restartedMain] INFO  org.hibernate.dialect.Dialect - HHH000400: Using dialect: org.hibernate.dialect.SQLServerDialect
2026-07-10 15:18:26.191 [restartedMain] INFO  o.h.e.t.j.p.i.JtaPlatformInitiator - HHH000490: Using JtaPlatform implementation: [org.hibernate.engine.transaction.jta.platform.internal.NoJtaPlatform]
2026-07-10 15:18:26.371 [restartedMain] INFO  o.s.o.j.LocalContainerEntityManagerFactoryBean - Initialized JPA EntityManagerFactory for persistence unit 'default'
2026-07-10 15:18:26.693 [restartedMain] WARN  o.s.b.a.s.s.UserDetailsServiceAutoConfiguration - 

Using generated security password: 20ae82f1-8a7a-45f6-93a2-80c55d932284

This generated password is for development use only. Your security configuration must be updated before running your application in production.

2026-07-10 15:18:26.872 [restartedMain] INFO  o.s.s.web.DefaultSecurityFilterChain - Will secure any request with [org.springframework.security.web.session.DisableEncodeUrlFilter@4e03a515, org.springframework.security.web.context.request.async.WebAsyncManagerIntegrationFilter@53f9bfdc, org.springframework.security.web.context.SecurityContextPersistenceFilter@6845913f, org.springframework.security.web.header.HeaderWriterFilter@b30357d, org.springframework.security.web.authentication.logout.LogoutFilter@55a84155, com.example.EMS.Security.JwtAuthFilter@13190dcb, org.springframework.security.web.savedrequest.RequestCacheAwareFilter@483bc9cc, org.springframework.security.web.servletapi.SecurityContextHolderAwareRequestFilter@504e4e13, org.springframework.security.web.authentication.AnonymousAuthenticationFilter@6102b185, org.springframework.security.web.session.SessionManagementFilter@17739fba, org.springframework.security.web.access.ExceptionTranslationFilter@50f5efdd, org.springframework.security.web.access.intercept.AuthorizationFilter@64fbddb2]
2026-07-10 15:18:26.956 [restartedMain] WARN  o.s.b.a.o.j.JpaBaseConfiguration$JpaWebConfiguration - spring.jpa.open-in-view is enabled by default. Therefore, database queries may be performed during view rendering. Explicitly configure spring.jpa.open-in-view to disable this warning
2026-07-10 15:18:27.835 [restartedMain] INFO  o.s.b.d.a.OptionalLiveReloadServer - LiveReload server is running on port 35729
2026-07-10 15:18:27.883 [restartedMain] INFO  o.a.coyote.http11.Http11NioProtocol - Starting ProtocolHandler ["http-nio-8080"]
2026-07-10 15:18:27.955 [restartedMain] INFO  o.s.b.w.e.tomcat.TomcatWebServer - Tomcat started on port(s): 8080 (http) with context path ''
2026-07-10 15:18:27.987 [restartedMain] INFO  com.example.EMS.EMSApplication - Started EMSApplication in 12.407 seconds (JVM running for 14.911)
2026-07-10 15:19:31.946 [http-nio-8080-exec-1] INFO  o.a.c.c.C.[Tomcat].[localhost].[/] - Initializing Spring DispatcherServlet 'dispatcherServlet'
2026-07-10 15:19:32.054 [http-nio-8080-exec-1] INFO  o.s.web.servlet.DispatcherServlet - Initializing Servlet 'dispatcherServlet'
2026-07-10 15:19:32.073 [http-nio-8080-exec-1] INFO  o.s.web.servlet.DispatcherServlet - Completed initialization in 19 ms
2026-07-10 15:19:34.298 [http-nio-8080-exec-1] INFO  API_LOGGER - 
---------------------------- API CALL LOG ----------------------------
API Name       : POST
API URL        : http://localhost:8080/api/admin/login
Request Body   : {
  "username" : "admin",
  "password" : "admin1234"
}
Response Body  : {
  "statusCode" : 200,
  "message" : "Login Successful",
  "data" : {
    "token" : "eyJhbGciOiJIUzI1NiJ9.eyJyb2xlIjoiQURNSU4iLCJpZCI6MSwic3ViIjoiYWRtaW4iLCJpYXQiOjE3ODM2NzY5NzMsImV4cCI6MTc4MzY3ODc3M30.rxGFupr860pUTF9Yz1Wx2YV1zrgrvpXXUb3QfevAnpY",
    "message" : "Login Successful",
    "adminId" : 1,
    "username" : "admin"
  }
}
------------------------------------------------------------------------
2026-07-10 15:20:08.627 [http-nio-8080-exec-4] INFO  API_LOGGER - 
---------------------------- API CALL LOG ----------------------------
API Name       : POST
API URL        : http://localhost:8080/api/attendance
Request Body   : {
  "employeeId" : 43,
  "attendanceDate" : "2026-07-10",
  "checkIn" : "10:00:00",
  "checkOut" : "18:00:00",
  "status" : "Present"
}
Response Body  : {
  "statusCode" : 201,
  "message" : "Attendance Marked Successfully",
  "data" : {
    "attendanceId" : 23,
    "employeeId" : 43,
    "employeeName" : "george",
    "attendanceDate" : "2026-07-10",
    "checkIn" : "10:00:00",
    "checkOut" : "18:00:00",
    "status" : "Present"
  }
}
------------------------------------------------------------------------
2026-07-10 15:20:41.045 [http-nio-8080-exec-5] INFO  API_LOGGER - 
---------------------------- API CALL LOG ----------------------------
API Name       : POST
API URL        : http://localhost:8080/api/employees/login
Request Body   : {
  "email" : "george@gmail.com",
  "password" : "george1234"
}
Response Body  : {
  "eid" : 43,
  "ename" : "george",
  "email" : "george@gmail.com",
  "message" : "Login Successful",
  "token" : "eyJhbGciOiJIUzI1NiJ9.eyJyb2xlIjoiRU1QTE9ZRUUiLCJpZCI6NDMsInN1YiI6Imdlb3JnZUBnbWFpbC5jb20iLCJpYXQiOjE3ODM2NzcwNDEsImV4cCI6MTc4MzY3ODg0MX0.5VjPChYt3fLgTjYeVTtidUI94vv0eSUGfFzOcjPeEeg"
}
------------------------------------------------------------------------
2026-07-10 15:20:52.021 [http-nio-8080-exec-7] INFO  API_LOGGER - 
---------------------------- API CALL LOG ----------------------------
API Name       : GET
API URL        : http://localhost:8080/api/employees/43
Request Body   : N/A
Response Body  : {
  "statusCode" : 200,
  "message" : "Employee Found By Id",
  "data" : {
    "eid" : 43,
    "ename" : "george",
    "email" : "george@gmail.com",
    "salary" : 50000.0,
    "departmentId" : 1,
    "departmentName" : "AI"
  }
}
------------------------------------------------------------------------
2026-07-10 15:20:58.725 [http-nio-8080-exec-9] INFO  API_LOGGER - 
---------------------------- API CALL LOG ----------------------------
API Name       : GET
API URL        : http://localhost:8080/api/departments/employee/43
Request Body   : N/A
Response Body  : {
  "statusCode" : 200,
  "message" : "Employee Department Found",
  "data" : {
    "did" : 1,
    "dname" : "AI"
  }
}
------------------------------------------------------------------------
2026-07-10 15:21:27.199 [http-nio-8080-exec-1] WARN  o.s.w.s.m.m.a.ExceptionHandlerExceptionResolver - Resolved [java.lang.RuntimeException: Stored Procedure Not Found : getAttendanceByEmployee]
2026-07-10 15:21:27.202 [http-nio-8080-exec-1] INFO  API_LOGGER - 
---------------------------- API CALL LOG ----------------------------
API Name       : GET
API URL        : http://localhost:8080/api/attendance/employee/43
Request Body   : N/A
Response Body  : {
  "statusCode" : 500,
  "message" : "Stored Procedure Not Found : getAttendanceByEmployee",
  "data" : null
}
------------------------------------------------------------------------
2026-07-10 15:24:59.446 [File Watcher] INFO  o.s.b.d.a.LocalDevToolsAutoConfiguration$RestartingClassPathChangeChangedEventListener - Restarting due to 1 class path change (0 additions, 0 deletions, 1 modification)
2026-07-10 15:24:59.992 [Thread-5] INFO  o.a.coyote.http11.Http11NioProtocol - Pausing ProtocolHandler ["http-nio-8080"]
2026-07-10 15:24:59.995 [Thread-5] INFO  o.a.catalina.core.StandardService - Stopping service [Tomcat]
2026-07-10 15:25:00.069 [Thread-5] INFO  o.a.c.c.C.[Tomcat].[localhost].[/] - Destroying Spring FrameworkServlet 'dispatcherServlet'
2026-07-10 15:25:00.180 [Thread-5] WARN  o.a.c.loader.WebappClassLoaderBase - The web application [ROOT] appears to have started a thread named [lettuce-timer-3-1] but has failed to stop it. This is very likely to create a memory leak. Stack trace of thread:
 java.base@17.0.12/java.lang.Thread.sleep(Native Method)
 app//io.netty.util.HashedWheelTimer$Worker.waitForNextTick(HashedWheelTimer.java:600)
 app//io.netty.util.HashedWheelTimer$Worker.run(HashedWheelTimer.java:496)
 app//io.netty.util.concurrent.FastThreadLocalRunnable.run(FastThreadLocalRunnable.java:30)
 java.base@17.0.12/java.lang.Thread.run(Thread.java:842)
2026-07-10 15:25:00.185 [Thread-5] WARN  o.a.c.loader.WebappClassLoaderBase - The web application [ROOT] appears to have started a thread named [lettuce-nioEventLoop-4-1] but has failed to stop it. This is very likely to create a memory leak. Stack trace of thread:
 java.base@17.0.12/sun.nio.ch.WEPoll.wait(Native Method)
 java.base@17.0.12/sun.nio.ch.WEPollSelectorImpl.doSelect(WEPollSelectorImpl.java:111)
 java.base@17.0.12/sun.nio.ch.SelectorImpl.lockAndDoSelect(SelectorImpl.java:129)
 java.base@17.0.12/sun.nio.ch.SelectorImpl.select(SelectorImpl.java:146)
 app//io.netty.channel.nio.SelectedSelectionKeySetSelector.select(SelectedSelectionKeySetSelector.java:68)
 app//io.netty.channel.nio.NioEventLoop.select(NioEventLoop.java:879)
 app//io.netty.channel.nio.NioEventLoop.run(NioEventLoop.java:526)
 app//io.netty.util.concurrent.SingleThreadEventExecutor$4.run(SingleThreadEventExecutor.java:997)
 app//io.netty.util.internal.ThreadExecutorMap$2.run(ThreadExecutorMap.java:74)
 app//io.netty.util.concurrent.FastThreadLocalRunnable.run(FastThreadLocalRunnable.java:30)
 java.base@17.0.12/java.lang.Thread.run(Thread.java:842)
2026-07-10 15:25:00.191 [Thread-5] WARN  o.a.c.loader.WebappClassLoaderBase - The web application [ROOT] appears to have started a thread named [lettuce-eventExecutorLoop-1-1] but has failed to stop it. This is very likely to create a memory leak. Stack trace of thread:
 java.base@17.0.12/jdk.internal.misc.Unsafe.park(Native Method)
 java.base@17.0.12/java.util.concurrent.locks.LockSupport.park(LockSupport.java:341)
 java.base@17.0.12/java.util.concurrent.locks.AbstractQueuedSynchronizer$ConditionNode.block(AbstractQueuedSynchronizer.java:506)
 java.base@17.0.12/java.util.concurrent.ForkJoinPool.unmanagedBlock(ForkJoinPool.java:3465)
 java.base@17.0.12/java.util.concurrent.ForkJoinPool.managedBlock(ForkJoinPool.java:3436)
 java.base@17.0.12/java.util.concurrent.locks.AbstractQueuedSynchronizer$ConditionObject.await(AbstractQueuedSynchronizer.java:1623)
 java.base@17.0.12/java.util.concurrent.LinkedBlockingQueue.take(LinkedBlockingQueue.java:435)
 app//io.netty.util.concurrent.SingleThreadEventExecutor.takeTask(SingleThreadEventExecutor.java:244)
 app//io.netty.util.concurrent.DefaultEventExecutor.run(DefaultEventExecutor.java:64)
 app//io.netty.util.concurrent.SingleThreadEventExecutor$4.run(SingleThreadEventExecutor.java:997)
 app//io.netty.util.internal.ThreadExecutorMap$2.run(ThreadExecutorMap.java:74)
 app//io.netty.util.concurrent.FastThreadLocalRunnable.run(FastThreadLocalRunnable.java:30)
 java.base@17.0.12/java.lang.Thread.run(Thread.java:842)
2026-07-10 15:25:00.194 [Thread-5] WARN  o.a.c.loader.WebappClassLoaderBase - The web application [ROOT] appears to have started a thread named [lettuce-eventExecutorLoop-1-2] but has failed to stop it. This is very likely to create a memory leak. Stack trace of thread:
 java.base@17.0.12/jdk.internal.misc.Unsafe.park(Native Method)
 java.base@17.0.12/java.util.concurrent.locks.LockSupport.park(LockSupport.java:341)
 java.base@17.0.12/java.util.concurrent.locks.AbstractQueuedSynchronizer$ConditionNode.block(AbstractQueuedSynchronizer.java:506)
 java.base@17.0.12/java.util.concurrent.ForkJoinPool.unmanagedBlock(ForkJoinPool.java:3465)
 java.base@17.0.12/java.util.concurrent.ForkJoinPool.managedBlock(ForkJoinPool.java:3436)
 java.base@17.0.12/java.util.concurrent.locks.AbstractQueuedSynchronizer$ConditionObject.await(AbstractQueuedSynchronizer.java:1623)
 java.base@17.0.12/java.util.concurrent.LinkedBlockingQueue.take(LinkedBlockingQueue.java:435)
 app//io.netty.util.concurrent.SingleThreadEventExecutor.takeTask(SingleThreadEventExecutor.java:244)
 app//io.netty.util.concurrent.DefaultEventExecutor.run(DefaultEventExecutor.java:64)
 app//io.netty.util.concurrent.SingleThreadEventExecutor$4.run(SingleThreadEventExecutor.java:997)
 app//io.netty.util.internal.ThreadExecutorMap$2.run(ThreadExecutorMap.java:74)
 app//io.netty.util.concurrent.FastThreadLocalRunnable.run(FastThreadLocalRunnable.java:30)
 java.base@17.0.12/java.lang.Thread.run(Thread.java:842)
2026-07-10 15:25:00.195 [Thread-5] WARN  o.a.c.loader.WebappClassLoaderBase - The web application [ROOT] appears to have started a thread named [lettuce-eventExecutorLoop-1-3] but has failed to stop it. This is very likely to create a memory leak. Stack trace of thread:
 java.base@17.0.12/jdk.internal.misc.Unsafe.park(Native Method)
 java.base@17.0.12/java.util.concurrent.locks.LockSupport.park(LockSupport.java:341)
 java.base@17.0.12/java.util.concurrent.locks.AbstractQueuedSynchronizer$ConditionNode.block(AbstractQueuedSynchronizer.java:506)
 java.base@17.0.12/java.util.concurrent.ForkJoinPool.unmanagedBlock(ForkJoinPool.java:3465)
 java.base@17.0.12/java.util.concurrent.ForkJoinPool.managedBlock(ForkJoinPool.java:3436)
 java.base@17.0.12/java.util.concurrent.locks.AbstractQueuedSynchronizer$ConditionObject.await(AbstractQueuedSynchronizer.java:1623)
 java.base@17.0.12/java.util.concurrent.LinkedBlockingQueue.take(LinkedBlockingQueue.java:435)
 app//io.netty.util.concurrent.SingleThreadEventExecutor.takeTask(SingleThreadEventExecutor.java:244)
 app//io.netty.util.concurrent.DefaultEventExecutor.run(DefaultEventExecutor.java:64)
 app//io.netty.util.concurrent.SingleThreadEventExecutor$4.run(SingleThreadEventExecutor.java:997)
 app//io.netty.util.internal.ThreadExecutorMap$2.run(ThreadExecutorMap.java:74)
 app//io.netty.util.concurrent.FastThreadLocalRunnable.run(FastThreadLocalRunnable.java:30)
 java.base@17.0.12/java.lang.Thread.run(Thread.java:842)
2026-07-10 15:25:00.196 [Thread-5] WARN  o.a.c.loader.WebappClassLoaderBase - The web application [ROOT] appears to have started a thread named [lettuce-eventExecutorLoop-1-4] but has failed to stop it. This is very likely to create a memory leak. Stack trace of thread:
 java.base@17.0.12/jdk.internal.misc.Unsafe.park(Native Method)
 java.base@17.0.12/java.util.concurrent.locks.LockSupport.park(LockSupport.java:341)
 java.base@17.0.12/java.util.concurrent.locks.AbstractQueuedSynchronizer$ConditionNode.block(AbstractQueuedSynchronizer.java:506)
 java.base@17.0.12/java.util.concurrent.ForkJoinPool.unmanagedBlock(ForkJoinPool.java:3465)
 java.base@17.0.12/java.util.concurrent.ForkJoinPool.managedBlock(ForkJoinPool.java:3436)
 java.base@17.0.12/java.util.concurrent.locks.AbstractQueuedSynchronizer$ConditionObject.await(AbstractQueuedSynchronizer.java:1623)
 java.base@17.0.12/java.util.concurrent.LinkedBlockingQueue.take(LinkedBlockingQueue.java:435)
 app//io.netty.util.concurrent.SingleThreadEventExecutor.takeTask(SingleThreadEventExecutor.java:244)
 app//io.netty.util.concurrent.DefaultEventExecutor.run(DefaultEventExecutor.java:64)
 app//io.netty.util.concurrent.SingleThreadEventExecutor$4.run(SingleThreadEventExecutor.java:997)
 app//io.netty.util.internal.ThreadExecutorMap$2.run(ThreadExecutorMap.java:74)
 app//io.netty.util.concurrent.FastThreadLocalRunnable.run(FastThreadLocalRunnable.java:30)
 java.base@17.0.12/java.lang.Thread.run(Thread.java:842)
2026-07-10 15:25:00.225 [Thread-5] INFO  o.a.coyote.http11.Http11NioProtocol - Stopping ProtocolHandler ["http-nio-8080"]
2026-07-10 15:25:00.289 [Thread-5] INFO  o.a.coyote.http11.Http11NioProtocol - Destroying ProtocolHandler ["http-nio-8080"]
2026-07-10 15:25:00.498 [Thread-5] INFO  o.s.o.j.LocalContainerEntityManagerFactoryBean - Closing JPA EntityManagerFactory for persistence unit 'default'
2026-07-10 15:25:00.634 [Thread-5] INFO  com.zaxxer.hikari.HikariDataSource - HikariPool-1 - Shutdown initiated...
2026-07-10 15:25:00.708 [Thread-5] INFO  com.zaxxer.hikari.HikariDataSource - HikariPool-1 - Shutdown completed.
2026-07-10 15:25:02.239 [restartedMain] INFO  com.example.EMS.EMSApplication - Starting EMSApplication using Java 17.0.12 on DESKTOP-DDBMUUC with PID 5620 (C:\Users\User\Desktop\OneDrive\Desktop\agnoshin\New Updated Project\Employee\Employee\target\classes started by User in C:\Users\User\Desktop\OneDrive\Desktop\agnoshin\New Updated Project\Employee\Employee)
2026-07-10 15:25:02.241 [restartedMain] INFO  com.example.EMS.EMSApplication - No active profile set, falling back to 1 default profile: "default"
2026-07-10 15:25:03.313 [restartedMain] INFO  o.s.d.r.c.RepositoryConfigurationDelegate - Multiple Spring Data modules found, entering strict repository configuration mode
2026-07-10 15:25:03.314 [restartedMain] INFO  o.s.d.r.c.RepositoryConfigurationDelegate - Bootstrapping Spring Data JPA repositories in DEFAULT mode.
2026-07-10 15:25:03.342 [restartedMain] INFO  o.s.d.r.c.RepositoryConfigurationDelegate - Finished Spring Data repository scanning in 27 ms. Found 0 JPA repository interfaces.
2026-07-10 15:25:03.354 [restartedMain] INFO  o.s.d.r.c.RepositoryConfigurationDelegate - Multiple Spring Data modules found, entering strict repository configuration mode
2026-07-10 15:25:03.355 [restartedMain] INFO  o.s.d.r.c.RepositoryConfigurationDelegate - Bootstrapping Spring Data Redis repositories in DEFAULT mode.
2026-07-10 15:25:03.376 [restartedMain] INFO  o.s.d.r.c.RepositoryConfigurationDelegate - Finished Spring Data repository scanning in 20 ms. Found 0 Redis repository interfaces.
2026-07-10 15:25:03.746 [restartedMain] INFO  o.s.b.w.e.tomcat.TomcatWebServer - Tomcat initialized with port(s): 8080 (http)
2026-07-10 15:25:03.747 [restartedMain] INFO  o.a.coyote.http11.Http11NioProtocol - Initializing ProtocolHandler ["http-nio-8080"]
2026-07-10 15:25:03.747 [restartedMain] INFO  o.a.catalina.core.StandardService - Starting service [Tomcat]
2026-07-10 15:25:03.747 [restartedMain] INFO  o.a.catalina.core.StandardEngine - Starting Servlet engine: [Apache Tomcat/9.0.83]
2026-07-10 15:25:03.804 [restartedMain] INFO  o.a.c.c.C.[Tomcat].[localhost].[/] - Initializing Spring embedded WebApplicationContext
2026-07-10 15:25:03.804 [restartedMain] INFO  o.s.b.w.s.c.ServletWebServerApplicationContext - Root WebApplicationContext: initialization completed in 1556 ms
2026-07-10 15:25:03.927 [restartedMain] INFO  o.h.jpa.internal.util.LogHelper - HHH000204: Processing PersistenceUnitInfo [name: default]
2026-07-10 15:25:03.942 [restartedMain] INFO  com.zaxxer.hikari.HikariDataSource - HikariPool-2 - Starting...
2026-07-10 15:25:04.440 [restartedMain] INFO  com.zaxxer.hikari.HikariDataSource - HikariPool-2 - Start completed.
2026-07-10 15:25:04.444 [restartedMain] INFO  org.hibernate.dialect.Dialect - HHH000400: Using dialect: org.hibernate.dialect.SQLServerDialect
2026-07-10 15:25:07.852 [restartedMain] INFO  o.h.e.t.j.p.i.JtaPlatformInitiator - HHH000490: Using JtaPlatform implementation: [org.hibernate.engine.transaction.jta.platform.internal.NoJtaPlatform]
2026-07-10 15:25:07.854 [restartedMain] INFO  o.s.o.j.LocalContainerEntityManagerFactoryBean - Initialized JPA EntityManagerFactory for persistence unit 'default'
2026-07-10 15:25:07.979 [restartedMain] WARN  o.s.b.a.s.s.UserDetailsServiceAutoConfiguration - 

Using generated security password: 7a6772af-78d2-4c0e-b8ee-429608e59f40

This generated password is for development use only. Your security configuration must be updated before running your application in production.

2026-07-10 15:25:07.997 [restartedMain] INFO  o.s.s.web.DefaultSecurityFilterChain - Will secure any request with [org.springframework.security.web.session.DisableEncodeUrlFilter@61a575bb, org.springframework.security.web.context.request.async.WebAsyncManagerIntegrationFilter@5a56e6b0, org.springframework.security.web.context.SecurityContextPersistenceFilter@7de84a82, org.springframework.security.web.header.HeaderWriterFilter@7b945df2, org.springframework.security.web.authentication.logout.LogoutFilter@a4f0b11, com.example.EMS.Security.JwtAuthFilter@1d5b1257, org.springframework.security.web.savedrequest.RequestCacheAwareFilter@20ea1f9e, org.springframework.security.web.servletapi.SecurityContextHolderAwareRequestFilter@7948adbc, org.springframework.security.web.authentication.AnonymousAuthenticationFilter@78c5eaaa, org.springframework.security.web.session.SessionManagementFilter@27a36fa2, org.springframework.security.web.access.ExceptionTranslationFilter@4c7225a4, org.springframework.security.web.access.intercept.AuthorizationFilter@646310a4]
2026-07-10 15:25:08.037 [restartedMain] WARN  o.s.b.a.o.j.JpaBaseConfiguration$JpaWebConfiguration - spring.jpa.open-in-view is enabled by default. Therefore, database queries may be performed during view rendering. Explicitly configure spring.jpa.open-in-view to disable this warning
2026-07-10 15:25:08.335 [restartedMain] INFO  o.s.b.d.a.OptionalLiveReloadServer - LiveReload server is running on port 35729
2026-07-10 15:25:08.347 [restartedMain] INFO  o.a.coyote.http11.Http11NioProtocol - Starting ProtocolHandler ["http-nio-8080"]
2026-07-10 15:25:08.356 [restartedMain] INFO  o.s.b.w.e.tomcat.TomcatWebServer - Tomcat started on port(s): 8080 (http) with context path ''
2026-07-10 15:25:08.365 [restartedMain] INFO  com.example.EMS.EMSApplication - Started EMSApplication in 6.283 seconds (JVM running for 415.29)
2026-07-10 15:25:08.370 [restartedMain] INFO  o.s.b.d.a.ConditionEvaluationDeltaLoggingListener - Condition evaluation unchanged
2026-07-10 15:25:16.211 [http-nio-8080-exec-1] INFO  o.a.c.c.C.[Tomcat].[localhost].[/] - Initializing Spring DispatcherServlet 'dispatcherServlet'
2026-07-10 15:25:16.212 [http-nio-8080-exec-1] INFO  o.s.web.servlet.DispatcherServlet - Initializing Servlet 'dispatcherServlet'
2026-07-10 15:25:16.216 [http-nio-8080-exec-1] INFO  o.s.web.servlet.DispatcherServlet - Completed initialization in 4 ms
2026-07-10 15:25:16.376 [http-nio-8080-exec-1] WARN  o.s.w.s.m.m.a.ExceptionHandlerExceptionResolver - Resolved [java.lang.RuntimeException: Stored Procedure Not Found : AttendanceByEmployee]
2026-07-10 15:25:16.380 [http-nio-8080-exec-1] INFO  API_LOGGER - 
---------------------------- API CALL LOG ----------------------------
API Name       : GET
API URL        : http://localhost:8080/api/attendance/employee/43
Request Body   : N/A
Response Body  : {
  "statusCode" : 500,
  "message" : "Stored Procedure Not Found : AttendanceByEmployee",
  "data" : null
}
------------------------------------------------------------------------
2026-07-10 15:26:00.918 [http-nio-8080-exec-3] INFO  API_LOGGER - 
---------------------------- API CALL LOG ----------------------------
API Name       : POST
API URL        : http://localhost:8080/api/employees/login
Request Body   : {
  "email" : "george@gmail.com",
  "password" : "george1234"
}
Response Body  : {
  "eid" : 43,
  "ename" : "george",
  "email" : "george@gmail.com",
  "message" : "Login Successful",
  "token" : "eyJhbGciOiJIUzI1NiJ9.eyJyb2xlIjoiRU1QTE9ZRUUiLCJpZCI6NDMsInN1YiI6Imdlb3JnZUBnbWFpbC5jb20iLCJpYXQiOjE3ODM2NzczNjAsImV4cCI6MTc4MzY3OTE2MH0.R-7e6aGXf05NV-5qWqUxxU6yjscoK-u7t4DU489pXlg"
}
------------------------------------------------------------------------
2026-07-10 15:26:02.745 [http-nio-8080-exec-5] WARN  o.s.w.s.m.m.a.ExceptionHandlerExceptionResolver - Resolved [java.lang.RuntimeException: Stored Procedure Not Found : AttendanceByEmployee]
2026-07-10 15:26:02.748 [http-nio-8080-exec-5] INFO  API_LOGGER - 
---------------------------- API CALL LOG ----------------------------
API Name       : GET
API URL        : http://localhost:8080/api/attendance/employee/43
Request Body   : N/A
Response Body  : {
  "statusCode" : 500,
  "message" : "Stored Procedure Not Found : AttendanceByEmployee",
  "data" : null
}
------------------------------------------------------------------------
2026-07-10 15:27:05.273 [File Watcher] INFO  o.s.b.d.a.LocalDevToolsAutoConfiguration$RestartingClassPathChangeChangedEventListener - Restarting due to 1 class path change (0 additions, 0 deletions, 1 modification)
2026-07-10 15:27:05.854 [Thread-7] INFO  o.a.coyote.http11.Http11NioProtocol - Pausing ProtocolHandler ["http-nio-8080"]
2026-07-10 15:27:05.860 [Thread-7] INFO  o.a.catalina.core.StandardService - Stopping service [Tomcat]
2026-07-10 15:27:05.918 [Thread-7] INFO  o.a.c.c.C.[Tomcat].[localhost].[/] - Destroying Spring FrameworkServlet 'dispatcherServlet'
2026-07-10 15:27:06.141 [Thread-7] WARN  o.a.c.loader.WebappClassLoaderBase - The web application [ROOT] appears to have started a thread named [lettuce-timer-6-1] but has failed to stop it. This is very likely to create a memory leak. Stack trace of thread:
 java.base@17.0.12/java.lang.Thread.sleep(Native Method)
 app//io.netty.util.HashedWheelTimer$Worker.waitForNextTick(HashedWheelTimer.java:600)
 app//io.netty.util.HashedWheelTimer$Worker.run(HashedWheelTimer.java:496)
 app//io.netty.util.concurrent.FastThreadLocalRunnable.run(FastThreadLocalRunnable.java:30)
 java.base@17.0.12/java.lang.Thread.run(Thread.java:842)
2026-07-10 15:27:06.147 [Thread-7] WARN  o.a.c.loader.WebappClassLoaderBase - The web application [ROOT] appears to have started a thread named [lettuce-nioEventLoop-7-1] but has failed to stop it. This is very likely to create a memory leak. Stack trace of thread:
 java.base@17.0.12/sun.nio.ch.WEPoll.wait(Native Method)
 java.base@17.0.12/sun.nio.ch.WEPollSelectorImpl.doSelect(WEPollSelectorImpl.java:111)
 java.base@17.0.12/sun.nio.ch.SelectorImpl.lockAndDoSelect(SelectorImpl.java:129)
 java.base@17.0.12/sun.nio.ch.SelectorImpl.select(SelectorImpl.java:146)
 app//io.netty.channel.nio.SelectedSelectionKeySetSelector.select(SelectedSelectionKeySetSelector.java:68)
 app//io.netty.channel.nio.NioEventLoop.select(NioEventLoop.java:879)
 app//io.netty.channel.nio.NioEventLoop.run(NioEventLoop.java:526)
 app//io.netty.util.concurrent.SingleThreadEventExecutor$4.run(SingleThreadEventExecutor.java:997)
 app//io.netty.util.internal.ThreadExecutorMap$2.run(ThreadExecutorMap.java:74)
 app//io.netty.util.concurrent.FastThreadLocalRunnable.run(FastThreadLocalRunnable.java:30)
 java.base@17.0.12/java.lang.Thread.run(Thread.java:842)
2026-07-10 15:27:06.157 [Thread-7] WARN  o.a.c.loader.WebappClassLoaderBase - The web application [ROOT] appears to have started a thread named [lettuce-eventExecutorLoop-5-1] but has failed to stop it. This is very likely to create a memory leak. Stack trace of thread:
 java.base@17.0.12/jdk.internal.misc.Unsafe.park(Native Method)
 java.base@17.0.12/java.util.concurrent.locks.LockSupport.park(LockSupport.java:341)
 java.base@17.0.12/java.util.concurrent.locks.AbstractQueuedSynchronizer$ConditionNode.block(AbstractQueuedSynchronizer.java:506)
 java.base@17.0.12/java.util.concurrent.ForkJoinPool.unmanagedBlock(ForkJoinPool.java:3465)
 java.base@17.0.12/java.util.concurrent.ForkJoinPool.managedBlock(ForkJoinPool.java:3436)
 java.base@17.0.12/java.util.concurrent.locks.AbstractQueuedSynchronizer$ConditionObject.await(AbstractQueuedSynchronizer.java:1623)
 java.base@17.0.12/java.util.concurrent.LinkedBlockingQueue.take(LinkedBlockingQueue.java:435)
 app//io.netty.util.concurrent.SingleThreadEventExecutor.takeTask(SingleThreadEventExecutor.java:244)
 app//io.netty.util.concurrent.DefaultEventExecutor.run(DefaultEventExecutor.java:64)
 app//io.netty.util.concurrent.SingleThreadEventExecutor$4.run(SingleThreadEventExecutor.java:997)
 app//io.netty.util.internal.ThreadExecutorMap$2.run(ThreadExecutorMap.java:74)
 app//io.netty.util.concurrent.FastThreadLocalRunnable.run(FastThreadLocalRunnable.java:30)
 java.base@17.0.12/java.lang.Thread.run(Thread.java:842)
2026-07-10 15:27:06.158 [Thread-7] WARN  o.a.c.loader.WebappClassLoaderBase - The web application [ROOT] appears to have started a thread named [lettuce-eventExecutorLoop-5-2] but has failed to stop it. This is very likely to create a memory leak. Stack trace of thread:
 java.base@17.0.12/jdk.internal.misc.Unsafe.park(Native Method)
 java.base@17.0.12/java.util.concurrent.locks.LockSupport.park(LockSupport.java:341)
 java.base@17.0.12/java.util.concurrent.locks.AbstractQueuedSynchronizer$ConditionNode.block(AbstractQueuedSynchronizer.java:506)
 java.base@17.0.12/java.util.concurrent.ForkJoinPool.unmanagedBlock(ForkJoinPool.java:3465)
 java.base@17.0.12/java.util.concurrent.ForkJoinPool.managedBlock(ForkJoinPool.java:3436)
 java.base@17.0.12/java.util.concurrent.locks.AbstractQueuedSynchronizer$ConditionObject.await(AbstractQueuedSynchronizer.java:1623)
 java.base@17.0.12/java.util.concurrent.LinkedBlockingQueue.take(LinkedBlockingQueue.java:435)
 app//io.netty.util.concurrent.SingleThreadEventExecutor.takeTask(SingleThreadEventExecutor.java:244)
 app//io.netty.util.concurrent.DefaultEventExecutor.run(DefaultEventExecutor.java:64)
 app//io.netty.util.concurrent.SingleThreadEventExecutor$4.run(SingleThreadEventExecutor.java:997)
 app//io.netty.util.internal.ThreadExecutorMap$2.run(ThreadExecutorMap.java:74)
 app//io.netty.util.concurrent.FastThreadLocalRunnable.run(FastThreadLocalRunnable.java:30)
 java.base@17.0.12/java.lang.Thread.run(Thread.java:842)
2026-07-10 15:27:06.160 [Thread-7] WARN  o.a.c.loader.WebappClassLoaderBase - The web application [ROOT] appears to have started a thread named [lettuce-eventExecutorLoop-5-3] but has failed to stop it. This is very likely to create a memory leak. Stack trace of thread:
 java.base@17.0.12/jdk.internal.misc.Unsafe.park(Native Method)
 java.base@17.0.12/java.util.concurrent.locks.LockSupport.park(LockSupport.java:341)
 java.base@17.0.12/java.util.concurrent.locks.AbstractQueuedSynchronizer$ConditionNode.block(AbstractQueuedSynchronizer.java:506)
 java.base@17.0.12/java.util.concurrent.ForkJoinPool.unmanagedBlock(ForkJoinPool.java:3465)
 java.base@17.0.12/java.util.concurrent.ForkJoinPool.managedBlock(ForkJoinPool.java:3436)
 java.base@17.0.12/java.util.concurrent.locks.AbstractQueuedSynchronizer$ConditionObject.await(AbstractQueuedSynchronizer.java:1623)
 java.base@17.0.12/java.util.concurrent.LinkedBlockingQueue.take(LinkedBlockingQueue.java:435)
 app//io.netty.util.concurrent.SingleThreadEventExecutor.takeTask(SingleThreadEventExecutor.java:244)
 app//io.netty.util.concurrent.DefaultEventExecutor.run(DefaultEventExecutor.java:64)
 app//io.netty.util.concurrent.SingleThreadEventExecutor$4.run(SingleThreadEventExecutor.java:997)
 app//io.netty.util.internal.ThreadExecutorMap$2.run(ThreadExecutorMap.java:74)
 app//io.netty.util.concurrent.FastThreadLocalRunnable.run(FastThreadLocalRunnable.java:30)
 java.base@17.0.12/java.lang.Thread.run(Thread.java:842)
2026-07-10 15:27:06.175 [Thread-7] INFO  o.a.coyote.http11.Http11NioProtocol - Stopping ProtocolHandler ["http-nio-8080"]
2026-07-10 15:27:06.196 [Thread-7] INFO  o.a.coyote.http11.Http11NioProtocol - Destroying ProtocolHandler ["http-nio-8080"]
2026-07-10 15:27:06.248 [Thread-7] INFO  o.s.o.j.LocalContainerEntityManagerFactoryBean - Closing JPA EntityManagerFactory for persistence unit 'default'
2026-07-10 15:27:06.305 [Thread-7] INFO  com.zaxxer.hikari.HikariDataSource - HikariPool-2 - Shutdown initiated...
2026-07-10 15:27:06.327 [Thread-7] INFO  com.zaxxer.hikari.HikariDataSource - HikariPool-2 - Shutdown completed.
2026-07-10 15:27:08.138 [restartedMain] INFO  com.example.EMS.EMSApplication - Starting EMSApplication using Java 17.0.12 on DESKTOP-DDBMUUC with PID 5620 (C:\Users\User\Desktop\OneDrive\Desktop\agnoshin\New Updated Project\Employee\Employee\target\classes started by User in C:\Users\User\Desktop\OneDrive\Desktop\agnoshin\New Updated Project\Employee\Employee)
2026-07-10 15:27:08.139 [restartedMain] INFO  com.example.EMS.EMSApplication - No active profile set, falling back to 1 default profile: "default"
2026-07-10 15:27:08.767 [restartedMain] INFO  o.s.d.r.c.RepositoryConfigurationDelegate - Multiple Spring Data modules found, entering strict repository configuration mode
2026-07-10 15:27:08.768 [restartedMain] INFO  o.s.d.r.c.RepositoryConfigurationDelegate - Bootstrapping Spring Data JPA repositories in DEFAULT mode.
2026-07-10 15:27:08.804 [restartedMain] INFO  o.s.d.r.c.RepositoryConfigurationDelegate - Finished Spring Data repository scanning in 35 ms. Found 0 JPA repository interfaces.
2026-07-10 15:27:08.813 [restartedMain] INFO  o.s.d.r.c.RepositoryConfigurationDelegate - Multiple Spring Data modules found, entering strict repository configuration mode
2026-07-10 15:27:08.813 [restartedMain] INFO  o.s.d.r.c.RepositoryConfigurationDelegate - Bootstrapping Spring Data Redis repositories in DEFAULT mode.
2026-07-10 15:27:08.843 [restartedMain] INFO  o.s.d.r.c.RepositoryConfigurationDelegate - Finished Spring Data repository scanning in 28 ms. Found 0 Redis repository interfaces.
2026-07-10 15:27:09.259 [restartedMain] INFO  o.s.b.w.e.tomcat.TomcatWebServer - Tomcat initialized with port(s): 8080 (http)
2026-07-10 15:27:09.261 [restartedMain] INFO  o.a.coyote.http11.Http11NioProtocol - Initializing ProtocolHandler ["http-nio-8080"]
2026-07-10 15:27:09.262 [restartedMain] INFO  o.a.catalina.core.StandardService - Starting service [Tomcat]
2026-07-10 15:27:09.262 [restartedMain] INFO  o.a.catalina.core.StandardEngine - Starting Servlet engine: [Apache Tomcat/9.0.83]
2026-07-10 15:27:09.333 [restartedMain] INFO  o.a.c.c.C.[Tomcat].[localhost].[/] - Initializing Spring embedded WebApplicationContext
2026-07-10 15:27:09.333 [restartedMain] INFO  o.s.b.w.s.c.ServletWebServerApplicationContext - Root WebApplicationContext: initialization completed in 1190 ms
2026-07-10 15:27:09.504 [restartedMain] INFO  o.h.jpa.internal.util.LogHelper - HHH000204: Processing PersistenceUnitInfo [name: default]
2026-07-10 15:27:09.516 [restartedMain] INFO  com.zaxxer.hikari.HikariDataSource - HikariPool-3 - Starting...
2026-07-10 15:27:10.044 [restartedMain] INFO  com.zaxxer.hikari.HikariDataSource - HikariPool-3 - Start completed.
2026-07-10 15:27:10.048 [restartedMain] INFO  org.hibernate.dialect.Dialect - HHH000400: Using dialect: org.hibernate.dialect.SQLServerDialect
2026-07-10 15:27:14.468 [restartedMain] INFO  o.h.e.t.j.p.i.JtaPlatformInitiator - HHH000490: Using JtaPlatform implementation: [org.hibernate.engine.transaction.jta.platform.internal.NoJtaPlatform]
2026-07-10 15:27:14.470 [restartedMain] INFO  o.s.o.j.LocalContainerEntityManagerFactoryBean - Initialized JPA EntityManagerFactory for persistence unit 'default'
2026-07-10 15:27:14.560 [restartedMain] WARN  o.s.b.a.s.s.UserDetailsServiceAutoConfiguration - 

Using generated security password: 57befbe8-b579-4723-9b95-c4d8611219dd

This generated password is for development use only. Your security configuration must be updated before running your application in production.

2026-07-10 15:27:14.575 [restartedMain] INFO  o.s.s.web.DefaultSecurityFilterChain - Will secure any request with [org.springframework.security.web.session.DisableEncodeUrlFilter@218797b9, org.springframework.security.web.context.request.async.WebAsyncManagerIntegrationFilter@7b310714, org.springframework.security.web.context.SecurityContextPersistenceFilter@604f0ba6, org.springframework.security.web.header.HeaderWriterFilter@7f49957e, org.springframework.security.web.authentication.logout.LogoutFilter@9e926f2, com.example.EMS.Security.JwtAuthFilter@4246fe5e, org.springframework.security.web.savedrequest.RequestCacheAwareFilter@21367a00, org.springframework.security.web.servletapi.SecurityContextHolderAwareRequestFilter@1267e93d, org.springframework.security.web.authentication.AnonymousAuthenticationFilter@2847d994, org.springframework.security.web.session.SessionManagementFilter@48c979d3, org.springframework.security.web.access.ExceptionTranslationFilter@7d1785fa, org.springframework.security.web.access.intercept.AuthorizationFilter@44fbf742]
2026-07-10 15:27:14.603 [restartedMain] WARN  o.s.b.a.o.j.JpaBaseConfiguration$JpaWebConfiguration - spring.jpa.open-in-view is enabled by default. Therefore, database queries may be performed during view rendering. Explicitly configure spring.jpa.open-in-view to disable this warning
2026-07-10 15:27:14.836 [restartedMain] INFO  o.s.b.d.a.OptionalLiveReloadServer - LiveReload server is running on port 35729
2026-07-10 15:27:14.852 [restartedMain] INFO  o.a.coyote.http11.Http11NioProtocol - Starting ProtocolHandler ["http-nio-8080"]
2026-07-10 15:27:14.862 [restartedMain] INFO  o.s.b.w.e.tomcat.TomcatWebServer - Tomcat started on port(s): 8080 (http) with context path ''
2026-07-10 15:27:14.869 [restartedMain] INFO  com.example.EMS.EMSApplication - Started EMSApplication in 6.942 seconds (JVM running for 541.794)
2026-07-10 15:27:14.872 [restartedMain] INFO  o.s.b.d.a.ConditionEvaluationDeltaLoggingListener - Condition evaluation unchanged
2026-07-10 15:27:57.009 [http-nio-8080-exec-1] INFO  o.a.c.c.C.[Tomcat].[localhost].[/] - Initializing Spring DispatcherServlet 'dispatcherServlet'
2026-07-10 15:27:57.048 [http-nio-8080-exec-1] INFO  o.s.web.servlet.DispatcherServlet - Initializing Servlet 'dispatcherServlet'
2026-07-10 15:27:57.278 [http-nio-8080-exec-1] INFO  o.s.web.servlet.DispatcherServlet - Completed initialization in 227 ms
2026-07-10 15:27:59.217 [http-nio-8080-exec-1] INFO  API_LOGGER - 
---------------------------- API CALL LOG ----------------------------
API Name       : POST
API URL        : http://localhost:8080/api/employees/login
Request Body   : {
  "email" : "george@gmail.com",
  "password" : "george1234"
}
Response Body  : {
  "eid" : 43,
  "ename" : "george",
  "email" : "george@gmail.com",
  "message" : "Login Successful",
  "token" : "eyJhbGciOiJIUzI1NiJ9.eyJyb2xlIjoiRU1QTE9ZRUUiLCJpZCI6NDMsInN1YiI6Imdlb3JnZUBnbWFpbC5jb20iLCJpYXQiOjE3ODM2Nzc0NzgsImV4cCI6MTc4MzY3OTI3OH0.qQ2SZ8dYzM2m5EG6S0LRJo-GPI0aHvmZ5GV1FlK3luk"
}
------------------------------------------------------------------------
2026-07-10 15:28:02.490 [http-nio-8080-exec-3] INFO  API_LOGGER - 
---------------------------- API CALL LOG ----------------------------
API Name       : GET
API URL        : http://localhost:8080/api/attendance/employee/43
Request Body   : N/A
Response Body  : {
  "statusCode" : 200,
  "message" : "Employee Attendance Retrieved Successfully",
  "data" : [ {
    "attendanceId" : 23,
    "employeeId" : 43,
    "employeeName" : "george",
    "attendanceDate" : "2026-07-10",
    "checkIn" : "10:00:00",
    "checkOut" : "18:00:00",
    "status" : "Present"
  } ]
}
------------------------------------------------------------------------
2026-07-10 16:03:07.931 [HikariPool-3 housekeeper] WARN  com.zaxxer.hikari.pool.HikariPool - HikariPool-3 - Thread starvation or clock leap detected (housekeeper delta=30m21s209ms847µs).
2026-07-10 16:05:38.268 [http-nio-8080-exec-5] INFO  API_LOGGER - 
---------------------------- API CALL LOG ----------------------------
API Name       : POST
API URL        : http://localhost:8080/api/admin/login
Request Body   : {
  "username" : "admin",
  "password" : "admin1234"
}
Response Body  : {
  "statusCode" : 200,
  "message" : "Login Successful",
  "data" : {
    "token" : "eyJhbGciOiJIUzI1NiJ9.eyJyb2xlIjoiQURNSU4iLCJpZCI6MSwic3ViIjoiYWRtaW4iLCJpYXQiOjE3ODM2Nzk3MzcsImV4cCI6MTc4MzY4MTUzN30.pZtykMzIwUmopoywsWQ_wUf0gbFU94GZHi9aiIGRq0w",
    "message" : "Login Successful",
    "adminId" : 1,
    "username" : "admin"
  }
}
------------------------------------------------------------------------
2026-07-10 16:07:59.165 [http-nio-8080-exec-7] INFO  API_LOGGER - 
---------------------------- API CALL LOG ----------------------------
API Name       : GET
API URL        : http://localhost:8080/api/employees
Request Body   : N/A
Response Body  : {
  "statusCode" : 200,
  "message" : "Employee List",
  "data" : [ {
    "eid" : 9,
    "ename" : "tarksya",
    "email" : "tar@gmail.com",
    "salary" : 50000.0,
    "departmentId" : 1,
    "departmentName" : "AI"
  }, {
    "eid" : 10,
    "ename" : "lakshmanan",
    "email" : "lak@gmail.com",
    "salary" : 50000.0,
    "departmentId" : 1,
    "departmentName" : "AI"
  }, {
    "eid" : 12,
    "ename" : "johnwick",
    "email" : "johnwick@gmail.com",
    "salary" : 50000.0,
    "departmentId" : 1,
    "departmentName" : "AI"
  }, {
    "eid" : 15,
    "ename" : "ram",
    "email" : "ram@gmail.com",
    "salary" : 50000.0,
    "departmentId" : 1,
    "departmentName" : "AI"
  }, {
    "eid" : 16,
    "ename" : "gokul",
    "email" : "gokul@gmail.com",
    "salary" : 50000.0,
    "departmentId" : 1,
    "departmentName" : "AI"
  }, {
    "eid" : 19,
    "ename" : "Lakshmanan",
    "email" : "lakshmananmeyyappan13@gmail.com",
    "salary" : 40000.0,
    "departmentId" : 1,
    "departmentName" : "AI"
  }, {
    "eid" : 21,
    "ename" : "Lakshmanan",
    "email" : "lakshmanmeyyappan13@gmail.com",
    "salary" : 50000.0,
    "departmentId" : 1,
    "departmentName" : "AI"
  }, {
    "eid" : 26,
    "ename" : "John12",
    "email" : "john1234@gmail.com",
    "salary" : 50000.0,
    "departmentId" : 1,
    "departmentName" : "AI"
  }, {
    "eid" : 27,
    "ename" : "John12",
    "email" : "john124@gmail.com",
    "salary" : 50000.0,
    "departmentId" : 1,
    "departmentName" : "AI"
  }, {
    "eid" : 28,
    "ename" : "yogesh",
    "email" : "yogesh@gmail.com",
    "salary" : 50000.0,
    "departmentId" : 1,
    "departmentName" : "AI"
  }, {
    "eid" : 29,
    "ename" : "sidhu",
    "email" : "sidhu@gmail.com",
    "salary" : 100000.0,
    "departmentId" : 5,
    "departmentName" : "IIT"
  }, {
    "eid" : 32,
    "ename" : "Test",
    "email" : "test@gmail.com",
    "salary" : 50000.0,
    "departmentId" : 1,
    "departmentName" : "AI"
  }, {
    "eid" : 33,
    "ename" : "siva",
    "email" : "siva@gmail.com",
    "salary" : 100000.0,
    "departmentId" : 1,
    "departmentName" : "AI"
  }, {
    "eid" : 41,
    "ename" : "siva",
    "email" : "siva14@gmail.com",
    "salary" : 1000000.0,
    "departmentId" : 11,
    "departmentName" : "Shopping"
  }, {
    "eid" : 42,
    "ename" : "Sai",
    "email" : "sai13@gmail.com",
    "salary" : 40000.0,
    "departmentId" : 1,
    "departmentName" : "AI"
  }, {
    "eid" : 43,
    "ename" : "george",
    "email" : "george@gmail.com",
    "salary" : 50000.0,
    "departmentId" : 1,
    "departmentName" : "AI"
  } ]
}
------------------------------------------------------------------------
2026-07-10 16:08:21.570 [http-nio-8080-exec-10] INFO  API_LOGGER - 
---------------------------- API CALL LOG ----------------------------
API Name       : GET
API URL        : http://localhost:8080/api/employees
Request Body   : N/A
Response Body  : {
  "statusCode" : 200,
  "message" : "Employee List",
  "data" : [ {
    "eid" : 9,
    "ename" : "tarksya",
    "email" : "tar@gmail.com",
    "salary" : 50000.0,
    "departmentId" : 1,
    "departmentName" : "AI"
  }, {
    "eid" : 10,
    "ename" : "lakshmanan",
    "email" : "lak@gmail.com",
    "salary" : 50000.0,
    "departmentId" : 1,
    "departmentName" : "AI"
  }, {
    "eid" : 12,
    "ename" : "johnwick",
    "email" : "johnwick@gmail.com",
    "salary" : 50000.0,
    "departmentId" : 1,
    "departmentName" : "AI"
  }, {
    "eid" : 15,
    "ename" : "ram",
    "email" : "ram@gmail.com",
    "salary" : 50000.0,
    "departmentId" : 1,
    "departmentName" : "AI"
  }, {
    "eid" : 16,
    "ename" : "gokul",
    "email" : "gokul@gmail.com",
    "salary" : 50000.0,
    "departmentId" : 1,
    "departmentName" : "AI"
  }, {
    "eid" : 19,
    "ename" : "Lakshmanan",
    "email" : "lakshmananmeyyappan13@gmail.com",
    "salary" : 40000.0,
    "departmentId" : 1,
    "departmentName" : "AI"
  }, {
    "eid" : 21,
    "ename" : "Lakshmanan",
    "email" : "lakshmanmeyyappan13@gmail.com",
    "salary" : 50000.0,
    "departmentId" : 1,
    "departmentName" : "AI"
  }, {
    "eid" : 26,
    "ename" : "John12",
    "email" : "john1234@gmail.com",
    "salary" : 50000.0,
    "departmentId" : 1,
    "departmentName" : "AI"
  }, {
    "eid" : 27,
    "ename" : "John12",
    "email" : "john124@gmail.com",
    "salary" : 50000.0,
    "departmentId" : 1,
    "departmentName" : "AI"
  }, {
    "eid" : 28,
    "ename" : "yogesh",
    "email" : "yogesh@gmail.com",
    "salary" : 50000.0,
    "departmentId" : 1,
    "departmentName" : "AI"
  }, {
    "eid" : 29,
    "ename" : "sidhu",
    "email" : "sidhu@gmail.com",
    "salary" : 100000.0,
    "departmentId" : 5,
    "departmentName" : "IIT"
  }, {
    "eid" : 32,
    "ename" : "Test",
    "email" : "test@gmail.com",
    "salary" : 50000.0,
    "departmentId" : 1,
    "departmentName" : "AI"
  }, {
    "eid" : 33,
    "ename" : "siva",
    "email" : "siva@gmail.com",
    "salary" : 100000.0,
    "departmentId" : 1,
    "departmentName" : "AI"
  }, {
    "eid" : 41,
    "ename" : "siva",
    "email" : "siva14@gmail.com",
    "salary" : 1000000.0,
    "departmentId" : 11,
    "departmentName" : "Shopping"
  }, {
    "eid" : 42,
    "ename" : "Sai",
    "email" : "sai13@gmail.com",
    "salary" : 40000.0,
    "departmentId" : 1,
    "departmentName" : "AI"
  }, {
    "eid" : 43,
    "ename" : "george",
    "email" : "george@gmail.com",
    "salary" : 50000.0,
    "departmentId" : 1,
    "departmentName" : "AI"
  } ]
}
------------------------------------------------------------------------
2026-07-10 16:09:00.807 [http-nio-8080-exec-1] WARN  o.s.w.s.m.m.a.ExceptionHandlerExceptionResolver - Resolved [com.example.EMS.Exception.ResourceNotFoundException: Employee Not Found]
2026-07-10 16:09:00.842 [http-nio-8080-exec-1] INFO  API_LOGGER - 
---------------------------- API CALL LOG ----------------------------
API Name       : GET
API URL        : http://localhost:8080/api/employees/1
Request Body   : N/A
Response Body  : {
  "statusCode" : 404,
  "message" : "Employee Not Found",
  "data" : null
}
------------------------------------------------------------------------
2026-07-10 16:09:07.837 [http-nio-8080-exec-2] INFO  API_LOGGER - 
---------------------------- API CALL LOG ----------------------------
API Name       : GET
API URL        : http://localhost:8080/api/employees/43
Request Body   : N/A
Response Body  : {
  "statusCode" : 200,
  "message" : "Employee Found By Id",
  "data" : {
    "eid" : 43,
    "ename" : "george",
    "email" : "george@gmail.com",
    "salary" : 50000.0,
    "departmentId" : 1,
    "departmentName" : "AI"
  }
}
------------------------------------------------------------------------
2026-07-10 16:09:56.151 [http-nio-8080-exec-3] INFO  API_LOGGER - 
---------------------------- API CALL LOG ----------------------------
API Name       : POST
API URL        : http://localhost:8080/api/admin/login
Request Body   : {
  "username" : "admin",
  "password" : "admin1234"
}
Response Body  : {
  "statusCode" : 200,
  "message" : "Login Successful",
  "data" : {
    "token" : "eyJhbGciOiJIUzI1NiJ9.eyJyb2xlIjoiQURNSU4iLCJpZCI6MSwic3ViIjoiYWRtaW4iLCJpYXQiOjE3ODM2Nzk5OTYsImV4cCI6MTc4MzY4MTc5Nn0.m6dkkWy2x1ESQutLQTvm3llyBW9xitVVuVwC30np3Ls",
    "message" : "Login Successful",
    "adminId" : 1,
    "username" : "admin"
  }
}
------------------------------------------------------------------------
2026-07-10 16:10:21.350 [http-nio-8080-exec-5] INFO  API_LOGGER - 
---------------------------- API CALL LOG ----------------------------
API Name       : GET
API URL        : http://localhost:8080/api/employees/43
Request Body   : N/A
Response Body  : {
  "statusCode" : 200,
  "message" : "Employee Found By Id",
  "data" : {
    "eid" : 43,
    "ename" : "george",
    "email" : "george@gmail.com",
    "salary" : 50000.0,
    "departmentId" : 1,
    "departmentName" : "AI"
  }
}
------------------------------------------------------------------------
2026-07-10 16:12:05.532 [http-nio-8080-exec-7] INFO  API_LOGGER - 
---------------------------- API CALL LOG ----------------------------
API Name       : POST
API URL        : http://localhost:8080/api/admin/login
Request Body   : {
  "username" : "admin",
  "password" : "admin1234"
}
Response Body  : {
  "statusCode" : 200,
  "message" : "Login Successful",
  "data" : {
    "token" : "eyJhbGciOiJIUzI1NiJ9.eyJyb2xlIjoiQURNSU4iLCJpZCI6MSwic3ViIjoiYWRtaW4iLCJpYXQiOjE3ODM2ODAxMjUsImV4cCI6MTc4MzY4MTkyNX0.re5m0iPeJTYNIHv35VHDfz-BGUhXdGfuRuE14P25_rs",
    "message" : "Login Successful",
    "adminId" : 1,
    "username" : "admin"
  }
}
------------------------------------------------------------------------
2026-07-10 17:08:39.393 [HikariPool-3 housekeeper] WARN  com.zaxxer.hikari.pool.HikariPool - HikariPool-3 - Thread starvation or clock leap detected (housekeeper delta=38m56s842ms62µs500ns).
