2026-07-01 10:59:44.059 [background-preinit] INFO  o.h.validator.internal.util.Version - HV000001: Hibernate Validator 8.0.2.Final
2026-07-01 10:59:44.239 [restartedMain] INFO  com.example.EMS.EMSApplication - Starting EMSApplication using Java 21.0.7 with PID 18264 (C:\Users\User\OneDrive\Desktop\agnoshin\New Updated Project\Employee\Employee\target\classes started by User in C:\Users\User\OneDrive\Desktop\agnoshin\New Updated Project\Employee\Employee)
2026-07-01 10:59:44.241 [restartedMain] INFO  com.example.EMS.EMSApplication - No active profile set, falling back to 1 default profile: "default"
2026-07-01 10:59:44.522 [restartedMain] INFO  o.s.b.d.e.DevToolsPropertyDefaultsPostProcessor - Devtools property defaults active! Set 'spring.devtools.add-properties' to 'false' to disable
2026-07-01 10:59:44.523 [restartedMain] INFO  o.s.b.d.e.DevToolsPropertyDefaultsPostProcessor - For additional web related logging consider setting the 'logging.level.web' property to 'DEBUG'
2026-07-01 10:59:50.890 [restartedMain] INFO  o.s.d.r.c.RepositoryConfigurationDelegate - Bootstrapping Spring Data JPA repositories in DEFAULT mode.
2026-07-01 10:59:51.469 [restartedMain] INFO  o.s.d.r.c.RepositoryConfigurationDelegate - Finished Spring Data repository scanning in 358 ms. Found 4 JPA repository interfaces.
2026-07-01 10:59:55.879 [restartedMain] INFO  o.s.b.w.e.tomcat.TomcatWebServer - Tomcat initialized with port 8080 (http)
2026-07-01 10:59:55.961 [restartedMain] INFO  o.a.coyote.http11.Http11NioProtocol - Initializing ProtocolHandler ["http-nio-8080"]
2026-07-01 10:59:55.972 [restartedMain] INFO  o.a.catalina.core.StandardService - Starting service [Tomcat]
2026-07-01 10:59:55.997 [restartedMain] INFO  o.a.catalina.core.StandardEngine - Starting Servlet engine: [Apache Tomcat/10.1.34]
2026-07-01 10:59:56.535 [restartedMain] INFO  o.a.c.c.C.[Tomcat].[localhost].[/] - Initializing Spring embedded WebApplicationContext
2026-07-01 10:59:56.536 [restartedMain] INFO  o.s.b.w.s.c.ServletWebServerApplicationContext - Root WebApplicationContext: initialization completed in 12012 ms
2026-07-01 11:00:03.103 [restartedMain] INFO  o.h.jpa.internal.util.LogHelper - HHH000204: Processing PersistenceUnitInfo [name: default]
2026-07-01 11:00:04.263 [restartedMain] INFO  org.hibernate.Version - HHH000412: Hibernate ORM core version 6.6.4.Final
2026-07-01 11:00:05.220 [restartedMain] INFO  o.h.c.i.RegionFactoryInitiator - HHH000026: Second-level cache disabled
2026-07-01 11:00:09.003 [restartedMain] INFO  o.s.o.j.p.SpringPersistenceUnitInfo - No LoadTimeWeaver setup: ignoring JPA class transformer
2026-07-01 11:00:09.206 [restartedMain] INFO  com.zaxxer.hikari.HikariDataSource - HikariPool-1 - Starting...
2026-07-01 11:00:14.898 [restartedMain] INFO  com.zaxxer.hikari.pool.HikariPool - HikariPool-1 - Added connection ConnectionID:1 ClientConnectionId: 7df55d2c-217d-4340-afbe-96535bf36a27
2026-07-01 11:00:14.903 [restartedMain] INFO  com.zaxxer.hikari.HikariDataSource - HikariPool-1 - Start completed.
2026-07-01 11:00:15.966 [restartedMain] WARN  org.hibernate.orm.deprecation - HHH90000025: SQLServerDialect does not need to be specified explicitly using 'hibernate.dialect' (remove the property setting and it will be selected by default)
2026-07-01 11:00:16.040 [restartedMain] INFO  o.hibernate.orm.connections.pooling - HHH10001005: Database info:
	Database JDBC URL [Connecting through datasource 'HikariDataSource (HikariPool-1)']
	Database driver: undefined/unknown
	Database version: 17.0
	Autocommit mode: undefined/unknown
	Isolation level: undefined/unknown
	Minimum pool size: undefined/unknown
	Maximum pool size: undefined/unknown
2026-07-01 11:00:19.047 [restartedMain] INFO  o.h.e.t.j.p.i.JtaPlatformInitiator - HHH000489: No JTA platform available (set 'hibernate.transaction.jta.platform' to enable JTA platform integration)
2026-07-01 11:00:42.740 [restartedMain] INFO  o.s.o.j.LocalContainerEntityManagerFactoryBean - Initialized JPA EntityManagerFactory for persistence unit 'default'
2026-07-01 11:00:51.021 [restartedMain] WARN  o.s.b.a.o.j.JpaBaseConfiguration$JpaWebConfiguration - spring.jpa.open-in-view is enabled by default. Therefore, database queries may be performed during view rendering. Explicitly configure spring.jpa.open-in-view to disable this warning
2026-07-01 11:01:19.356 [background-preinit] INFO  o.h.validator.internal.util.Version - HV000001: Hibernate Validator 8.0.2.Final
2026-07-01 11:01:19.527 [restartedMain] INFO  com.example.EMS.EMSApplication - Starting EMSApplication using Java 21.0.7 with PID 11680 (C:\Users\User\OneDrive\Desktop\agnoshin\New Updated Project\Employee\Employee\target\classes started by User in C:\Users\User\OneDrive\Desktop\agnoshin\New Updated Project\Employee\Employee)
2026-07-01 11:01:19.534 [restartedMain] INFO  com.example.EMS.EMSApplication - No active profile set, falling back to 1 default profile: "default"
2026-07-01 11:01:20.051 [restartedMain] INFO  o.s.b.d.e.DevToolsPropertyDefaultsPostProcessor - Devtools property defaults active! Set 'spring.devtools.add-properties' to 'false' to disable
2026-07-01 11:01:20.051 [restartedMain] INFO  o.s.b.d.e.DevToolsPropertyDefaultsPostProcessor - For additional web related logging consider setting the 'logging.level.web' property to 'DEBUG'
2026-07-01 11:01:23.659 [restartedMain] INFO  o.s.d.r.c.RepositoryConfigurationDelegate - Bootstrapping Spring Data JPA repositories in DEFAULT mode.
2026-07-01 11:01:24.015 [restartedMain] INFO  o.s.d.r.c.RepositoryConfigurationDelegate - Finished Spring Data repository scanning in 322 ms. Found 4 JPA repository interfaces.
2026-07-01 11:01:26.016 [restartedMain] INFO  o.s.b.w.e.tomcat.TomcatWebServer - Tomcat initialized with port 8080 (http)
2026-07-01 11:01:26.050 [restartedMain] INFO  o.a.coyote.http11.Http11NioProtocol - Initializing ProtocolHandler ["http-nio-8080"]
2026-07-01 11:01:26.056 [restartedMain] INFO  o.a.catalina.core.StandardService - Starting service [Tomcat]
2026-07-01 11:01:26.058 [restartedMain] INFO  o.a.catalina.core.StandardEngine - Starting Servlet engine: [Apache Tomcat/10.1.34]
2026-07-01 11:01:26.189 [restartedMain] INFO  o.a.c.c.C.[Tomcat].[localhost].[/] - Initializing Spring embedded WebApplicationContext
2026-07-01 11:01:26.190 [restartedMain] INFO  o.s.b.w.s.c.ServletWebServerApplicationContext - Root WebApplicationContext: initialization completed in 6138 ms
2026-07-01 11:01:26.902 [restartedMain] INFO  o.h.jpa.internal.util.LogHelper - HHH000204: Processing PersistenceUnitInfo [name: default]
2026-07-01 11:01:27.508 [restartedMain] INFO  org.hibernate.Version - HHH000412: Hibernate ORM core version 6.6.4.Final
2026-07-01 11:01:27.603 [restartedMain] INFO  o.h.c.i.RegionFactoryInitiator - HHH000026: Second-level cache disabled
2026-07-01 11:01:28.358 [restartedMain] INFO  o.s.o.j.p.SpringPersistenceUnitInfo - No LoadTimeWeaver setup: ignoring JPA class transformer
2026-07-01 11:01:28.434 [restartedMain] INFO  com.zaxxer.hikari.HikariDataSource - HikariPool-1 - Starting...
2026-07-01 11:01:30.090 [restartedMain] INFO  com.zaxxer.hikari.pool.HikariPool - HikariPool-1 - Added connection ConnectionID:1 ClientConnectionId: f947a8d5-a5ed-495b-b607-9464ab31f2b0
2026-07-01 11:01:30.095 [restartedMain] INFO  com.zaxxer.hikari.HikariDataSource - HikariPool-1 - Start completed.
2026-07-01 11:01:30.803 [restartedMain] WARN  org.hibernate.orm.deprecation - HHH90000025: SQLServerDialect does not need to be specified explicitly using 'hibernate.dialect' (remove the property setting and it will be selected by default)
2026-07-01 11:01:30.854 [restartedMain] INFO  o.hibernate.orm.connections.pooling - HHH10001005: Database info:
	Database JDBC URL [Connecting through datasource 'HikariDataSource (HikariPool-1)']
	Database driver: undefined/unknown
	Database version: 17.0
	Autocommit mode: undefined/unknown
	Isolation level: undefined/unknown
	Minimum pool size: undefined/unknown
	Maximum pool size: undefined/unknown
2026-07-01 11:01:33.231 [restartedMain] INFO  o.h.e.t.j.p.i.JtaPlatformInitiator - HHH000489: No JTA platform available (set 'hibernate.transaction.jta.platform' to enable JTA platform integration)
2026-07-01 11:01:39.521 [restartedMain] INFO  o.s.o.j.LocalContainerEntityManagerFactoryBean - Initialized JPA EntityManagerFactory for persistence unit 'default'
2026-07-01 11:01:40.710 [restartedMain] WARN  o.s.b.a.o.j.JpaBaseConfiguration$JpaWebConfiguration - spring.jpa.open-in-view is enabled by default. Therefore, database queries may be performed during view rendering. Explicitly configure spring.jpa.open-in-view to disable this warning
2026-07-01 11:01:41.696 [restartedMain] INFO  o.s.b.d.a.OptionalLiveReloadServer - LiveReload server is running on port 35729
2026-07-01 11:01:41.730 [restartedMain] INFO  o.a.coyote.http11.Http11NioProtocol - Starting ProtocolHandler ["http-nio-8080"]
2026-07-01 11:01:41.796 [restartedMain] INFO  o.s.b.w.e.tomcat.TomcatWebServer - Tomcat started on port 8080 (http) with context path '/'
2026-07-01 11:01:41.818 [restartedMain] INFO  com.example.EMS.EMSApplication - Started EMSApplication in 23.825 seconds (process running for 30.747)
2026-07-01 11:04:18.878 [background-preinit] INFO  o.h.validator.internal.util.Version - HV000001: Hibernate Validator 8.0.2.Final
2026-07-01 11:04:19.232 [restartedMain] INFO  com.example.EMS.EMSApplication - Starting EMSApplication using Java 21.0.7 with PID 7120 (C:\Users\User\OneDrive\Desktop\agnoshin\New Updated Project\Employee\Employee\target\classes started by User in C:\Users\User\OneDrive\Desktop\agnoshin\New Updated Project\Employee\Employee)
2026-07-01 11:04:19.242 [restartedMain] INFO  com.example.EMS.EMSApplication - No active profile set, falling back to 1 default profile: "default"
2026-07-01 11:04:20.057 [restartedMain] INFO  o.s.b.d.e.DevToolsPropertyDefaultsPostProcessor - Devtools property defaults active! Set 'spring.devtools.add-properties' to 'false' to disable
2026-07-01 11:04:20.058 [restartedMain] INFO  o.s.b.d.e.DevToolsPropertyDefaultsPostProcessor - For additional web related logging consider setting the 'logging.level.web' property to 'DEBUG'
2026-07-01 11:04:26.336 [restartedMain] INFO  o.s.d.r.c.RepositoryConfigurationDelegate - Bootstrapping Spring Data JPA repositories in DEFAULT mode.
2026-07-01 11:04:26.772 [restartedMain] INFO  o.s.d.r.c.RepositoryConfigurationDelegate - Finished Spring Data repository scanning in 380 ms. Found 4 JPA repository interfaces.
2026-07-01 11:04:29.386 [restartedMain] INFO  o.s.b.w.e.tomcat.TomcatWebServer - Tomcat initialized with port 8080 (http)
2026-07-01 11:04:29.422 [restartedMain] INFO  o.a.coyote.http11.Http11NioProtocol - Initializing ProtocolHandler ["http-nio-8080"]
2026-07-01 11:04:29.434 [restartedMain] INFO  o.a.catalina.core.StandardService - Starting service [Tomcat]
2026-07-01 11:04:29.435 [restartedMain] INFO  o.a.catalina.core.StandardEngine - Starting Servlet engine: [Apache Tomcat/10.1.34]
2026-07-01 11:04:29.587 [restartedMain] INFO  o.a.c.c.C.[Tomcat].[localhost].[/] - Initializing Spring embedded WebApplicationContext
2026-07-01 11:04:29.588 [restartedMain] INFO  o.s.b.w.s.c.ServletWebServerApplicationContext - Root WebApplicationContext: initialization completed in 9527 ms
2026-07-01 11:04:30.456 [restartedMain] INFO  o.h.jpa.internal.util.LogHelper - HHH000204: Processing PersistenceUnitInfo [name: default]
2026-07-01 11:04:30.694 [restartedMain] INFO  org.hibernate.Version - HHH000412: Hibernate ORM core version 6.6.4.Final
2026-07-01 11:04:30.807 [restartedMain] INFO  o.h.c.i.RegionFactoryInitiator - HHH000026: Second-level cache disabled
2026-07-01 11:04:31.618 [restartedMain] INFO  o.s.o.j.p.SpringPersistenceUnitInfo - No LoadTimeWeaver setup: ignoring JPA class transformer
2026-07-01 11:04:31.752 [restartedMain] INFO  com.zaxxer.hikari.HikariDataSource - HikariPool-1 - Starting...
2026-07-01 11:04:34.140 [restartedMain] INFO  com.zaxxer.hikari.pool.HikariPool - HikariPool-1 - Added connection ConnectionID:1 ClientConnectionId: bec02f56-1996-4bc8-a0e5-d1f4bc1d516c
2026-07-01 11:04:34.153 [restartedMain] INFO  com.zaxxer.hikari.HikariDataSource - HikariPool-1 - Start completed.
2026-07-01 11:04:35.169 [restartedMain] WARN  org.hibernate.orm.deprecation - HHH90000025: SQLServerDialect does not need to be specified explicitly using 'hibernate.dialect' (remove the property setting and it will be selected by default)
2026-07-01 11:04:35.226 [restartedMain] INFO  o.hibernate.orm.connections.pooling - HHH10001005: Database info:
	Database JDBC URL [Connecting through datasource 'HikariDataSource (HikariPool-1)']
	Database driver: undefined/unknown
	Database version: 17.0
	Autocommit mode: undefined/unknown
	Isolation level: undefined/unknown
	Minimum pool size: undefined/unknown
	Maximum pool size: undefined/unknown
2026-07-01 11:04:37.940 [restartedMain] INFO  o.h.e.t.j.p.i.JtaPlatformInitiator - HHH000489: No JTA platform available (set 'hibernate.transaction.jta.platform' to enable JTA platform integration)
2026-07-01 11:04:44.442 [restartedMain] INFO  o.s.o.j.LocalContainerEntityManagerFactoryBean - Initialized JPA EntityManagerFactory for persistence unit 'default'
2026-07-01 11:04:46.301 [restartedMain] WARN  o.s.b.a.o.j.JpaBaseConfiguration$JpaWebConfiguration - spring.jpa.open-in-view is enabled by default. Therefore, database queries may be performed during view rendering. Explicitly configure spring.jpa.open-in-view to disable this warning
2026-07-01 11:04:47.496 [restartedMain] INFO  o.s.b.d.a.OptionalLiveReloadServer - LiveReload server is running on port 35729
2026-07-01 11:04:47.635 [restartedMain] INFO  o.a.coyote.http11.Http11NioProtocol - Starting ProtocolHandler ["http-nio-8080"]
2026-07-01 11:04:47.786 [restartedMain] INFO  o.s.b.w.e.tomcat.TomcatWebServer - Tomcat started on port 8080 (http) with context path '/'
2026-07-01 11:04:47.823 [restartedMain] INFO  com.example.EMS.EMSApplication - Started EMSApplication in 30.09 seconds (process running for 32.179)
2026-07-01 11:05:16.876 [http-nio-8080-exec-2] INFO  o.a.c.c.C.[Tomcat].[localhost].[/] - Initializing Spring DispatcherServlet 'dispatcherServlet'
2026-07-01 11:05:16.913 [http-nio-8080-exec-2] INFO  o.s.web.servlet.DispatcherServlet - Initializing Servlet 'dispatcherServlet'
2026-07-01 11:05:17.229 [http-nio-8080-exec-2] INFO  o.s.web.servlet.DispatcherServlet - Completed initialization in 308 ms
2026-07-01 11:05:21.879 [http-nio-8080-exec-2] INFO  API_LOGGER - 
---------------------------- API CALL LOG ----------------------------
API Name       : GET /api/employees/search/ram
API URL        : http://localhost:8080/api/employees/search/ram
Request Body   : N/A
Response Body  : {"statusCode":200,"message":"Employee Found By Name","data":[{"eid":15,"ename":"ram","email":"ram@gmail.com","salary":50000.0,"departmentId":1,"departmentName":"AI"}]}
------------------------------------------------------------------------
2026-07-01 11:07:49.486 [File Watcher] INFO  o.s.b.d.a.LocalDevToolsAutoConfiguration$RestartingClassPathChangeChangedEventListener - Restarting due to 1 class path change (0 additions, 0 deletions, 1 modification)
2026-07-01 11:07:50.868 [Thread-5] INFO  o.s.b.w.e.tomcat.GracefulShutdown - Commencing graceful shutdown. Waiting for active requests to complete
2026-07-01 11:07:51.009 [tomcat-shutdown] INFO  o.a.coyote.http11.Http11NioProtocol - Pausing ProtocolHandler ["http-nio-8080"]
2026-07-01 11:07:51.213 [tomcat-shutdown] INFO  o.s.b.w.e.tomcat.GracefulShutdown - Graceful shutdown complete
2026-07-01 11:07:51.240 [Thread-5] INFO  o.a.coyote.http11.Http11NioProtocol - Stopping ProtocolHandler ["http-nio-8080"]
2026-07-01 11:07:51.897 [Thread-5] INFO  o.s.o.j.LocalContainerEntityManagerFactoryBean - Closing JPA EntityManagerFactory for persistence unit 'default'
2026-07-01 11:07:53.699 [Thread-5] INFO  com.zaxxer.hikari.HikariDataSource - HikariPool-1 - Shutdown initiated...
2026-07-01 11:07:53.828 [Thread-5] INFO  com.zaxxer.hikari.HikariDataSource - HikariPool-1 - Shutdown completed.
2026-07-01 11:07:59.040 [restartedMain] INFO  com.example.EMS.EMSApplication - Starting EMSApplication using Java 21.0.7 with PID 7120 (C:\Users\User\OneDrive\Desktop\agnoshin\New Updated Project\Employee\Employee\target\classes started by User in C:\Users\User\OneDrive\Desktop\agnoshin\New Updated Project\Employee\Employee)
2026-07-01 11:07:59.048 [restartedMain] INFO  com.example.EMS.EMSApplication - No active profile set, falling back to 1 default profile: "default"
2026-07-01 11:08:03.137 [restartedMain] INFO  o.s.d.r.c.RepositoryConfigurationDelegate - Bootstrapping Spring Data JPA repositories in DEFAULT mode.
2026-07-01 11:08:03.299 [restartedMain] INFO  o.s.d.r.c.RepositoryConfigurationDelegate - Finished Spring Data repository scanning in 157 ms. Found 4 JPA repository interfaces.
2026-07-01 11:08:03.844 [restartedMain] INFO  o.s.b.w.e.tomcat.TomcatWebServer - Tomcat initialized with port 8080 (http)
2026-07-01 11:08:03.848 [restartedMain] INFO  o.a.coyote.http11.Http11NioProtocol - Initializing ProtocolHandler ["http-nio-8080"]
2026-07-01 11:08:03.850 [restartedMain] INFO  o.a.catalina.core.StandardService - Starting service [Tomcat]
2026-07-01 11:08:03.850 [restartedMain] INFO  o.a.catalina.core.StandardEngine - Starting Servlet engine: [Apache Tomcat/10.1.34]
2026-07-01 11:08:03.997 [restartedMain] INFO  o.a.c.c.C.[Tomcat].[localhost].[/] - Initializing Spring embedded WebApplicationContext
2026-07-01 11:08:03.998 [restartedMain] INFO  o.s.b.w.s.c.ServletWebServerApplicationContext - Root WebApplicationContext: initialization completed in 4868 ms
2026-07-01 11:08:04.148 [restartedMain] INFO  o.h.jpa.internal.util.LogHelper - HHH000204: Processing PersistenceUnitInfo [name: default]
2026-07-01 11:08:04.164 [restartedMain] INFO  o.h.c.i.RegionFactoryInitiator - HHH000026: Second-level cache disabled
2026-07-01 11:08:04.216 [restartedMain] INFO  o.s.o.j.p.SpringPersistenceUnitInfo - No LoadTimeWeaver setup: ignoring JPA class transformer
2026-07-01 11:08:04.225 [restartedMain] INFO  com.zaxxer.hikari.HikariDataSource - HikariPool-2 - Starting...
2026-07-01 11:08:05.236 [restartedMain] INFO  com.zaxxer.hikari.pool.HikariPool - HikariPool-2 - Added connection ConnectionID:11 ClientConnectionId: 4ad1c418-8854-4f24-9017-5b90b8d8d358
2026-07-01 11:08:05.238 [restartedMain] INFO  com.zaxxer.hikari.HikariDataSource - HikariPool-2 - Start completed.
2026-07-01 11:08:05.949 [restartedMain] WARN  org.hibernate.orm.deprecation - HHH90000025: SQLServerDialect does not need to be specified explicitly using 'hibernate.dialect' (remove the property setting and it will be selected by default)
2026-07-01 11:08:05.964 [restartedMain] INFO  o.hibernate.orm.connections.pooling - HHH10001005: Database info:
	Database JDBC URL [Connecting through datasource 'HikariDataSource (HikariPool-2)']
	Database driver: undefined/unknown
	Database version: 17.0
	Autocommit mode: undefined/unknown
	Isolation level: undefined/unknown
	Minimum pool size: undefined/unknown
	Maximum pool size: undefined/unknown
2026-07-01 11:08:06.356 [restartedMain] INFO  o.h.e.t.j.p.i.JtaPlatformInitiator - HHH000489: No JTA platform available (set 'hibernate.transaction.jta.platform' to enable JTA platform integration)
2026-07-01 11:08:13.249 [restartedMain] INFO  o.s.o.j.LocalContainerEntityManagerFactoryBean - Initialized JPA EntityManagerFactory for persistence unit 'default'
2026-07-01 11:08:13.598 [restartedMain] WARN  o.s.b.a.o.j.JpaBaseConfiguration$JpaWebConfiguration - spring.jpa.open-in-view is enabled by default. Therefore, database queries may be performed during view rendering. Explicitly configure spring.jpa.open-in-view to disable this warning
2026-07-01 11:08:13.907 [restartedMain] INFO  o.s.b.d.a.OptionalLiveReloadServer - LiveReload server is running on port 35729
2026-07-01 11:08:13.927 [restartedMain] INFO  o.a.coyote.http11.Http11NioProtocol - Starting ProtocolHandler ["http-nio-8080"]
2026-07-01 11:08:13.952 [restartedMain] INFO  o.s.b.w.e.tomcat.TomcatWebServer - Tomcat started on port 8080 (http) with context path '/'
2026-07-01 11:08:13.961 [restartedMain] INFO  com.example.EMS.EMSApplication - Started EMSApplication in 17.743 seconds (process running for 238.305)
2026-07-01 11:08:13.977 [restartedMain] INFO  o.s.b.d.a.ConditionEvaluationDeltaLoggingListener - Condition evaluation unchanged
2026-07-01 11:08:30.591 [http-nio-8080-exec-4] INFO  o.a.c.c.C.[Tomcat].[localhost].[/] - Initializing Spring DispatcherServlet 'dispatcherServlet'
2026-07-01 11:08:30.625 [http-nio-8080-exec-4] INFO  o.s.web.servlet.DispatcherServlet - Initializing Servlet 'dispatcherServlet'
2026-07-01 11:08:30.856 [http-nio-8080-exec-4] INFO  o.s.web.servlet.DispatcherServlet - Completed initialization in 215 ms
2026-07-01 11:08:34.889 [http-nio-8080-exec-4] INFO  API_LOGGER - 
---------------------------- API CALL LOG ----------------------------
API Name       : GET
API URL        : http://localhost:8080/api/employees
Request Body   : N/A
Response Body  : {"statusCode":200,"message":"Employee List","data":[{"eid":9,"ename":"tarksya","email":"tar@gmail.com","salary":50000.0,"departmentId":1,"departmentName":"AI"},{"eid":10,"ename":"lakshmanan","email":"lak@gmail.com","salary":50000.0,"departmentId":1,"departmentName":"AI"},{"eid":12,"ename":"wick","email":"wick12@gmail.com","salary":50000.0,"departmentId":1,"departmentName":"AI"},{"eid":15,"ename":"ram","email":"ram@gmail.com","salary":50000.0,"departmentId":1,"departmentName":"AI"},{"eid":16,"ename":"gokul","email":"gokul@gmail.com","salary":50000.0,"departmentId":1,"departmentName":"AI"}]}
------------------------------------------------------------------------
2026-07-01 11:10:51.145 [http-nio-8080-exec-6] WARN  o.s.w.s.m.m.a.ExceptionHandlerExceptionResolver - Resolved [org.springframework.web.bind.MethodArgumentNotValidException: Validation failed for argument [1] in public org.springframework.http.ResponseEntity<com.example.EMS.ApiResponse.ApiResponse<com.example.EMS.DTO.ResponseDto.EmployeeResponseDto>> com.example.EMS.Controller.EmployeeController.updateEmployee(java.lang.Integer,com.example.EMS.DTO.RequestDto.EmployeeRequestDto): [Field error in object 'employeeRequestDto' on field 'email': rejected value [johnwick.com]; codes [Email.employeeRequestDto.email,Email.email,Email.java.lang.String,Email]; arguments [org.springframework.context.support.DefaultMessageSourceResolvable: codes [employeeRequestDto.email,email]; arguments []; default message [email],[Ljakarta.validation.constraints.Pattern$Flag;@169391c0,.*]; default message [Enter valid email]] ]
2026-07-01 11:10:51.196 [http-nio-8080-exec-6] INFO  API_LOGGER - 
---------------------------- API CALL LOG ----------------------------
API Name       : PUT
API URL        : http://localhost:8080/api/employees/12
Request Body   : {
  "ename":"johnwick",
  "email":"johnwick.com",
  "password":"1234wick",
  "salary":40000,
  "departmentId": 1,
  "departmentName": "AI"
}
Response Body  : {"statusCode":500,"message":"Validation failed for argument [1] in public org.springframework.http.ResponseEntity<com.example.EMS.ApiResponse.ApiResponse<com.example.EMS.DTO.ResponseDto.EmployeeResponseDto>> com.example.EMS.Controller.EmployeeController.updateEmployee(java.lang.Integer,com.example.EMS.DTO.RequestDto.EmployeeRequestDto): [Field error in object 'employeeRequestDto' on field 'email': rejected value [johnwick.com]; codes [Email.employeeRequestDto.email,Email.email,Email.java.lang.String,Email]; arguments [org.springframework.context.support.DefaultMessageSourceResolvable: codes [employeeRequestDto.email,email]; arguments []; default message [email],[Ljakarta.validation.constraints.Pattern$Flag;@169391c0,.*]; default message [Enter valid email]] ","data":null}
------------------------------------------------------------------------
2026-07-01 11:11:09.220 [http-nio-8080-exec-2] INFO  API_LOGGER - 
---------------------------- API CALL LOG ----------------------------
API Name       : PUT
API URL        : http://localhost:8080/api/employees/12
Request Body   : {
  "ename":"johnwick",
  "email":"johnwick@gmail.com",
  "password":"1234wick",
  "salary":40000,
  "departmentId": 1,
  "departmentName": "AI"
}
Response Body  : {"statusCode":200,"message":"Employee Updated Successfully","data":{"eid":12,"ename":"johnwick","email":"johnwick@gmail.com","salary":40000.0,"departmentId":1,"departmentName":"AI"}}
------------------------------------------------------------------------
2026-07-01 11:16:43.349 [background-preinit] INFO  o.h.validator.internal.util.Version - HV000001: Hibernate Validator 8.0.2.Final
2026-07-01 11:16:43.784 [restartedMain] INFO  com.example.EMS.EMSApplication - Starting EMSApplication using Java 21.0.7 with PID 16892 (C:\Users\User\OneDrive\Desktop\agnoshin\New Updated Project\Employee\Employee\target\classes started by User in C:\Users\User\OneDrive\Desktop\agnoshin\New Updated Project\Employee\Employee)
2026-07-01 11:16:43.787 [restartedMain] INFO  com.example.EMS.EMSApplication - No active profile set, falling back to 1 default profile: "default"
2026-07-01 11:16:44.082 [restartedMain] INFO  o.s.b.d.e.DevToolsPropertyDefaultsPostProcessor - Devtools property defaults active! Set 'spring.devtools.add-properties' to 'false' to disable
2026-07-01 11:16:44.082 [restartedMain] INFO  o.s.b.d.e.DevToolsPropertyDefaultsPostProcessor - For additional web related logging consider setting the 'logging.level.web' property to 'DEBUG'
2026-07-01 11:16:48.973 [restartedMain] INFO  o.s.d.r.c.RepositoryConfigurationDelegate - Bootstrapping Spring Data JPA repositories in DEFAULT mode.
2026-07-01 11:16:49.260 [restartedMain] INFO  o.s.d.r.c.RepositoryConfigurationDelegate - Finished Spring Data repository scanning in 251 ms. Found 4 JPA repository interfaces.
2026-07-01 11:16:52.714 [restartedMain] INFO  o.s.b.w.e.tomcat.TomcatWebServer - Tomcat initialized with port 8080 (http)
2026-07-01 11:16:52.792 [restartedMain] INFO  o.a.coyote.http11.Http11NioProtocol - Initializing ProtocolHandler ["http-nio-8080"]
2026-07-01 11:16:52.815 [restartedMain] INFO  o.a.catalina.core.StandardService - Starting service [Tomcat]
2026-07-01 11:16:52.816 [restartedMain] INFO  o.a.catalina.core.StandardEngine - Starting Servlet engine: [Apache Tomcat/10.1.34]
2026-07-01 11:16:53.090 [restartedMain] INFO  o.a.c.c.C.[Tomcat].[localhost].[/] - Initializing Spring embedded WebApplicationContext
2026-07-01 11:16:53.093 [restartedMain] INFO  o.s.b.w.s.c.ServletWebServerApplicationContext - Root WebApplicationContext: initialization completed in 9008 ms
2026-07-01 11:16:54.257 [restartedMain] INFO  o.h.jpa.internal.util.LogHelper - HHH000204: Processing PersistenceUnitInfo [name: default]
2026-07-01 11:16:54.628 [restartedMain] INFO  org.hibernate.Version - HHH000412: Hibernate ORM core version 6.6.4.Final
2026-07-01 11:16:55.057 [restartedMain] INFO  o.h.c.i.RegionFactoryInitiator - HHH000026: Second-level cache disabled
2026-07-01 11:16:56.734 [restartedMain] INFO  o.s.o.j.p.SpringPersistenceUnitInfo - No LoadTimeWeaver setup: ignoring JPA class transformer
2026-07-01 11:16:56.905 [restartedMain] INFO  com.zaxxer.hikari.HikariDataSource - HikariPool-1 - Starting...
2026-07-01 11:17:00.673 [restartedMain] INFO  com.zaxxer.hikari.pool.HikariPool - HikariPool-1 - Added connection ConnectionID:1 ClientConnectionId: cb42fc6c-ba4a-4402-94a6-7f9004334fbc
2026-07-01 11:17:00.683 [restartedMain] INFO  com.zaxxer.hikari.HikariDataSource - HikariPool-1 - Start completed.
2026-07-01 11:17:01.816 [restartedMain] WARN  org.hibernate.orm.deprecation - HHH90000025: SQLServerDialect does not need to be specified explicitly using 'hibernate.dialect' (remove the property setting and it will be selected by default)
2026-07-01 11:17:01.897 [restartedMain] INFO  o.hibernate.orm.connections.pooling - HHH10001005: Database info:
	Database JDBC URL [Connecting through datasource 'HikariDataSource (HikariPool-1)']
	Database driver: undefined/unknown
	Database version: 17.0
	Autocommit mode: undefined/unknown
	Isolation level: undefined/unknown
	Minimum pool size: undefined/unknown
	Maximum pool size: undefined/unknown
2026-07-01 11:17:04.889 [restartedMain] INFO  o.h.e.t.j.p.i.JtaPlatformInitiator - HHH000489: No JTA platform available (set 'hibernate.transaction.jta.platform' to enable JTA platform integration)
2026-07-01 11:17:12.862 [restartedMain] INFO  o.s.o.j.LocalContainerEntityManagerFactoryBean - Initialized JPA EntityManagerFactory for persistence unit 'default'
2026-07-01 11:17:15.553 [restartedMain] WARN  o.s.b.a.o.j.JpaBaseConfiguration$JpaWebConfiguration - spring.jpa.open-in-view is enabled by default. Therefore, database queries may be performed during view rendering. Explicitly configure spring.jpa.open-in-view to disable this warning
2026-07-01 11:17:19.572 [restartedMain] INFO  o.s.b.d.a.OptionalLiveReloadServer - LiveReload server is running on port 35729
2026-07-01 11:17:19.628 [restartedMain] INFO  o.a.coyote.http11.Http11NioProtocol - Starting ProtocolHandler ["http-nio-8080"]
2026-07-01 11:17:19.760 [restartedMain] INFO  o.s.b.w.e.tomcat.TomcatWebServer - Tomcat started on port 8080 (http) with context path '/'
2026-07-01 11:17:19.835 [restartedMain] INFO  com.example.EMS.EMSApplication - Started EMSApplication in 38.008 seconds (process running for 42.509)
2026-07-01 11:17:40.894 [http-nio-8080-exec-2] INFO  o.a.c.c.C.[Tomcat].[localhost].[/] - Initializing Spring DispatcherServlet 'dispatcherServlet'
2026-07-01 11:17:40.948 [http-nio-8080-exec-2] INFO  o.s.web.servlet.DispatcherServlet - Initializing Servlet 'dispatcherServlet'
2026-07-01 11:17:41.214 [http-nio-8080-exec-2] INFO  o.s.web.servlet.DispatcherServlet - Completed initialization in 262 ms
2026-07-01 11:17:47.563 [http-nio-8080-exec-2] INFO  API_LOGGER - 
---------------------------- API CALL LOG ----------------------------
API Name       : PUTAPI URL        : http://localhost:8080/api/employees/12Request Body   : {
  "ename":"johnwick",
  "email":"johnwick@gmail.com",
  "password":"1234wick",
  "salary":50000,
  "departmentId": 1,
  "departmentName": "AI"
}Response Body  : {"statusCode":200,"message":"Employee Updated Successfully","data":{"eid":12,"ename":"johnwick","email":"johnwick@gmail.com","salary":50000.0,"departmentId":1,"departmentName":"AI"}}------------------------------------------------------------------------
2026-07-01 11:18:37.313 [File Watcher] INFO  o.s.b.d.a.LocalDevToolsAutoConfiguration$RestartingClassPathChangeChangedEventListener - Restarting due to 1 class path change (0 additions, 0 deletions, 1 modification)
2026-07-01 11:18:40.015 [Thread-5] INFO  o.s.b.w.e.tomcat.GracefulShutdown - Commencing graceful shutdown. Waiting for active requests to complete
2026-07-01 11:18:40.327 [tomcat-shutdown] INFO  o.a.coyote.http11.Http11NioProtocol - Pausing ProtocolHandler ["http-nio-8080"]
2026-07-01 11:18:40.903 [tomcat-shutdown] INFO  o.s.b.w.e.tomcat.GracefulShutdown - Graceful shutdown complete
2026-07-01 11:18:40.998 [Thread-5] INFO  o.a.coyote.http11.Http11NioProtocol - Stopping ProtocolHandler ["http-nio-8080"]
2026-07-01 11:18:41.683 [Thread-5] INFO  o.s.o.j.LocalContainerEntityManagerFactoryBean - Closing JPA EntityManagerFactory for persistence unit 'default'
2026-07-01 11:18:42.268 [Thread-5] INFO  com.zaxxer.hikari.HikariDataSource - HikariPool-1 - Shutdown initiated...
2026-07-01 11:18:42.414 [Thread-5] INFO  com.zaxxer.hikari.HikariDataSource - HikariPool-1 - Shutdown completed.
2026-07-01 11:18:46.059 [restartedMain] INFO  com.example.EMS.EMSApplication - Starting EMSApplication using Java 21.0.7 with PID 16892 (C:\Users\User\OneDrive\Desktop\agnoshin\New Updated Project\Employee\Employee\target\classes started by User in C:\Users\User\OneDrive\Desktop\agnoshin\New Updated Project\Employee\Employee)
2026-07-01 11:18:46.061 [restartedMain] INFO  com.example.EMS.EMSApplication - No active profile set, falling back to 1 default profile: "default"
2026-07-01 11:18:47.477 [restartedMain] INFO  o.s.d.r.c.RepositoryConfigurationDelegate - Bootstrapping Spring Data JPA repositories in DEFAULT mode.
2026-07-01 11:18:47.613 [restartedMain] INFO  o.s.d.r.c.RepositoryConfigurationDelegate - Finished Spring Data repository scanning in 127 ms. Found 4 JPA repository interfaces.
2026-07-01 11:18:48.083 [restartedMain] INFO  o.s.b.w.e.tomcat.TomcatWebServer - Tomcat initialized with port 8080 (http)
2026-07-01 11:18:48.100 [restartedMain] INFO  o.a.coyote.http11.Http11NioProtocol - Initializing ProtocolHandler ["http-nio-8080"]
2026-07-01 11:18:48.108 [restartedMain] INFO  o.a.catalina.core.StandardService - Starting service [Tomcat]
2026-07-01 11:18:48.109 [restartedMain] INFO  o.a.catalina.core.StandardEngine - Starting Servlet engine: [Apache Tomcat/10.1.34]
2026-07-01 11:18:48.258 [restartedMain] INFO  o.a.c.c.C.[Tomcat].[localhost].[/] - Initializing Spring embedded WebApplicationContext
2026-07-01 11:18:48.259 [restartedMain] INFO  o.s.b.w.s.c.ServletWebServerApplicationContext - Root WebApplicationContext: initialization completed in 2167 ms
2026-07-01 11:18:48.384 [restartedMain] INFO  o.h.jpa.internal.util.LogHelper - HHH000204: Processing PersistenceUnitInfo [name: default]
2026-07-01 11:18:48.396 [restartedMain] INFO  o.h.c.i.RegionFactoryInitiator - HHH000026: Second-level cache disabled
2026-07-01 11:18:48.465 [restartedMain] INFO  o.s.o.j.p.SpringPersistenceUnitInfo - No LoadTimeWeaver setup: ignoring JPA class transformer
2026-07-01 11:18:48.471 [restartedMain] INFO  com.zaxxer.hikari.HikariDataSource - HikariPool-2 - Starting...
2026-07-01 11:18:49.400 [restartedMain] INFO  com.zaxxer.hikari.pool.HikariPool - HikariPool-2 - Added connection ConnectionID:11 ClientConnectionId: 41eab707-d9ce-4ddb-8eac-d0bbd3e998fb
2026-07-01 11:18:49.401 [restartedMain] INFO  com.zaxxer.hikari.HikariDataSource - HikariPool-2 - Start completed.
2026-07-01 11:18:50.627 [restartedMain] WARN  org.hibernate.orm.deprecation - HHH90000025: SQLServerDialect does not need to be specified explicitly using 'hibernate.dialect' (remove the property setting and it will be selected by default)
2026-07-01 11:18:50.633 [restartedMain] INFO  o.hibernate.orm.connections.pooling - HHH10001005: Database info:
	Database JDBC URL [Connecting through datasource 'HikariDataSource (HikariPool-2)']
	Database driver: undefined/unknown
	Database version: 17.0
	Autocommit mode: undefined/unknown
	Isolation level: undefined/unknown
	Minimum pool size: undefined/unknown
	Maximum pool size: undefined/unknown
2026-07-01 11:18:50.890 [restartedMain] INFO  o.h.e.t.j.p.i.JtaPlatformInitiator - HHH000489: No JTA platform available (set 'hibernate.transaction.jta.platform' to enable JTA platform integration)
2026-07-01 11:18:58.048 [restartedMain] INFO  o.s.o.j.LocalContainerEntityManagerFactoryBean - Initialized JPA EntityManagerFactory for persistence unit 'default'
2026-07-01 11:18:58.572 [restartedMain] WARN  o.s.b.a.o.j.JpaBaseConfiguration$JpaWebConfiguration - spring.jpa.open-in-view is enabled by default. Therefore, database queries may be performed during view rendering. Explicitly configure spring.jpa.open-in-view to disable this warning
2026-07-01 11:18:58.855 [restartedMain] INFO  o.s.b.d.a.OptionalLiveReloadServer - LiveReload server is running on port 35729
2026-07-01 11:18:58.877 [restartedMain] INFO  o.a.coyote.http11.Http11NioProtocol - Starting ProtocolHandler ["http-nio-8080"]
2026-07-01 11:18:58.900 [restartedMain] INFO  o.s.b.w.e.tomcat.TomcatWebServer - Tomcat started on port 8080 (http) with context path '/'
2026-07-01 11:18:58.912 [restartedMain] INFO  com.example.EMS.EMSApplication - Started EMSApplication in 13.663 seconds (process running for 141.58)
2026-07-01 11:18:58.921 [restartedMain] INFO  o.s.b.d.a.ConditionEvaluationDeltaLoggingListener - Condition evaluation unchanged
2026-07-01 11:19:15.218 [http-nio-8080-exec-2] INFO  o.a.c.c.C.[Tomcat].[localhost].[/] - Initializing Spring DispatcherServlet 'dispatcherServlet'
2026-07-01 11:19:15.254 [http-nio-8080-exec-2] INFO  o.s.web.servlet.DispatcherServlet - Initializing Servlet 'dispatcherServlet'
2026-07-01 11:19:15.391 [http-nio-8080-exec-2] INFO  o.s.web.servlet.DispatcherServlet - Completed initialization in 136 ms
2026-07-01 11:19:20.401 [http-nio-8080-exec-2] INFO  API_LOGGER - 
---------------------------- API CALL LOG ----------------------------
API Name       : PUT
API URL        : http://localhost:8080/api/employees/12
Request Body   : {
  "ename":"johnwick",
  "email":"johnwick@gmail.com",
  "password":"1234wick",
  "salary":40000,
  "departmentId": 1,
  "departmentName": "AI"
}
Response Body  : {"statusCode":200,"message":"Employee Updated Successfully","data":{"eid":12,"ename":"johnwick","email":"johnwick@gmail.com","salary":40000.0,"departmentId":1,"departmentName":"AI"}}
------------------------------------------------------------------------
2026-07-01 11:30:59.276 [background-preinit] INFO  o.h.validator.internal.util.Version - HV000001: Hibernate Validator 8.0.2.Final
2026-07-01 11:30:59.568 [restartedMain] INFO  com.example.EMS.EMSApplication - Starting EMSApplication using Java 21.0.7 with PID 16948 (C:\Users\User\OneDrive\Desktop\agnoshin\New Updated Project\Employee\Employee\target\classes started by User in C:\Users\User\OneDrive\Desktop\agnoshin\New Updated Project\Employee\Employee)
2026-07-01 11:30:59.574 [restartedMain] INFO  com.example.EMS.EMSApplication - No active profile set, falling back to 1 default profile: "default"
2026-07-01 11:31:00.254 [restartedMain] INFO  o.s.b.d.e.DevToolsPropertyDefaultsPostProcessor - Devtools property defaults active! Set 'spring.devtools.add-properties' to 'false' to disable
2026-07-01 11:31:00.256 [restartedMain] INFO  o.s.b.d.e.DevToolsPropertyDefaultsPostProcessor - For additional web related logging consider setting the 'logging.level.web' property to 'DEBUG'
2026-07-01 11:31:07.052 [restartedMain] INFO  o.s.d.r.c.RepositoryConfigurationDelegate - Bootstrapping Spring Data JPA repositories in DEFAULT mode.
2026-07-01 11:31:07.543 [restartedMain] INFO  o.s.d.r.c.RepositoryConfigurationDelegate - Finished Spring Data repository scanning in 431 ms. Found 4 JPA repository interfaces.
2026-07-01 11:31:12.115 [restartedMain] INFO  o.s.b.w.e.tomcat.TomcatWebServer - Tomcat initialized with port 8080 (http)
2026-07-01 11:31:12.171 [restartedMain] INFO  o.a.coyote.http11.Http11NioProtocol - Initializing ProtocolHandler ["http-nio-8080"]
2026-07-01 11:31:12.182 [restartedMain] INFO  o.a.catalina.core.StandardService - Starting service [Tomcat]
2026-07-01 11:31:12.184 [restartedMain] INFO  o.a.catalina.core.StandardEngine - Starting Servlet engine: [Apache Tomcat/10.1.34]
2026-07-01 11:31:12.460 [restartedMain] INFO  o.a.c.c.C.[Tomcat].[localhost].[/] - Initializing Spring embedded WebApplicationContext
2026-07-01 11:31:12.463 [restartedMain] INFO  o.s.b.w.s.c.ServletWebServerApplicationContext - Root WebApplicationContext: initialization completed in 12202 ms
2026-07-01 11:31:14.283 [restartedMain] INFO  o.h.jpa.internal.util.LogHelper - HHH000204: Processing PersistenceUnitInfo [name: default]
2026-07-01 11:31:14.561 [restartedMain] INFO  org.hibernate.Version - HHH000412: Hibernate ORM core version 6.6.4.Final
2026-07-01 11:31:14.692 [restartedMain] INFO  o.h.c.i.RegionFactoryInitiator - HHH000026: Second-level cache disabled
2026-07-01 11:31:15.863 [restartedMain] INFO  o.s.o.j.p.SpringPersistenceUnitInfo - No LoadTimeWeaver setup: ignoring JPA class transformer
2026-07-01 11:31:16.005 [restartedMain] INFO  com.zaxxer.hikari.HikariDataSource - HikariPool-1 - Starting...
2026-07-01 11:31:19.338 [restartedMain] INFO  com.zaxxer.hikari.pool.HikariPool - HikariPool-1 - Added connection ConnectionID:1 ClientConnectionId: b0c342f4-d3ed-4052-9c4b-7b0cbf89870c
2026-07-01 11:31:19.351 [restartedMain] INFO  com.zaxxer.hikari.HikariDataSource - HikariPool-1 - Start completed.
2026-07-01 11:31:23.339 [restartedMain] WARN  org.hibernate.orm.deprecation - HHH90000025: SQLServerDialect does not need to be specified explicitly using 'hibernate.dialect' (remove the property setting and it will be selected by default)
2026-07-01 11:31:23.417 [restartedMain] INFO  o.hibernate.orm.connections.pooling - HHH10001005: Database info:
	Database JDBC URL [Connecting through datasource 'HikariDataSource (HikariPool-1)']
	Database driver: undefined/unknown
	Database version: 17.0
	Autocommit mode: undefined/unknown
	Isolation level: undefined/unknown
	Minimum pool size: undefined/unknown
	Maximum pool size: undefined/unknown
2026-07-01 11:31:27.297 [restartedMain] INFO  o.h.e.t.j.p.i.JtaPlatformInitiator - HHH000489: No JTA platform available (set 'hibernate.transaction.jta.platform' to enable JTA platform integration)
2026-07-01 11:31:35.807 [restartedMain] INFO  o.s.o.j.LocalContainerEntityManagerFactoryBean - Initialized JPA EntityManagerFactory for persistence unit 'default'
2026-07-01 11:31:38.325 [restartedMain] WARN  o.s.b.a.o.j.JpaBaseConfiguration$JpaWebConfiguration - spring.jpa.open-in-view is enabled by default. Therefore, database queries may be performed during view rendering. Explicitly configure spring.jpa.open-in-view to disable this warning
2026-07-01 11:31:40.465 [restartedMain] INFO  o.s.b.d.a.OptionalLiveReloadServer - LiveReload server is running on port 35729
2026-07-01 11:31:40.521 [restartedMain] INFO  o.a.coyote.http11.Http11NioProtocol - Starting ProtocolHandler ["http-nio-8080"]
2026-07-01 11:31:40.637 [restartedMain] INFO  o.s.b.w.e.tomcat.TomcatWebServer - Tomcat started on port 8080 (http) with context path '/'
2026-07-01 11:31:40.700 [restartedMain] INFO  com.example.EMS.EMSApplication - Started EMSApplication in 45.274 seconds (process running for 56.906)
2026-07-01 11:32:20.945 [http-nio-8080-exec-2] INFO  o.a.c.c.C.[Tomcat].[localhost].[/] - Initializing Spring DispatcherServlet 'dispatcherServlet'
2026-07-01 11:32:20.985 [http-nio-8080-exec-2] INFO  o.s.web.servlet.DispatcherServlet - Initializing Servlet 'dispatcherServlet'
2026-07-01 11:32:21.175 [http-nio-8080-exec-2] INFO  o.s.web.servlet.DispatcherServlet - Completed initialization in 188 ms
2026-07-01 11:32:27.759 [http-nio-8080-exec-2] INFO  API_LOGGER - 
---------------------------- API CALL LOG ----------------------------
API Name       : PUT
API URL        : http://localhost:8080/api/employees/12
Request Body   : {
  "ename" : "johnwick",
  "email" : "johnwick@gmail.com",
  "password" : "1234wick",
  "salary" : 50000,
  "departmentId" : 1,
  "departmentName" : "AI"
}
Response Body  : {
  "statusCode" : 200,
  "message" : "Employee Updated Successfully",
  "data" : {
    "eid" : 12,
    "ename" : "johnwick",
    "email" : "johnwick@gmail.com",
    "salary" : 50000.0,
    "departmentId" : 1,
    "departmentName" : "AI"
  }
}
------------------------------------------------------------------------
2026-07-01 11:58:56.583 [HikariPool-1 housekeeper] WARN  com.zaxxer.hikari.pool.HikariPool - HikariPool-1 - Thread starvation or clock leap detected (housekeeper delta=26m6s804ms726µs600ns).
2026-07-01 12:04:55.328 [File Watcher] INFO  o.s.b.d.a.LocalDevToolsAutoConfiguration$RestartingClassPathChangeChangedEventListener - Restarting due to 1 class path change (0 additions, 0 deletions, 1 modification)
2026-07-01 12:04:55.967 [Thread-5] INFO  o.s.b.w.e.tomcat.GracefulShutdown - Commencing graceful shutdown. Waiting for active requests to complete
2026-07-01 12:04:56.196 [tomcat-shutdown] INFO  o.a.coyote.http11.Http11NioProtocol - Pausing ProtocolHandler ["http-nio-8080"]
2026-07-01 12:04:56.460 [tomcat-shutdown] INFO  o.s.b.w.e.tomcat.GracefulShutdown - Graceful shutdown complete
2026-07-01 12:04:56.488 [Thread-5] INFO  o.a.coyote.http11.Http11NioProtocol - Stopping ProtocolHandler ["http-nio-8080"]
2026-07-01 12:04:57.034 [Thread-5] INFO  o.s.o.j.LocalContainerEntityManagerFactoryBean - Closing JPA EntityManagerFactory for persistence unit 'default'
2026-07-01 12:04:57.398 [Thread-5] INFO  com.zaxxer.hikari.HikariDataSource - HikariPool-1 - Shutdown initiated...
2026-07-01 12:04:57.534 [Thread-5] INFO  com.zaxxer.hikari.HikariDataSource - HikariPool-1 - Shutdown completed.
